0000              1   ;--------------------------------------------------------
0000              2   ; File Created by C51
0000              3   ; Version 1.0.0 #1069 (Apr 23 2015) (MSVC)
0000              4   ; This file was generated Sun Apr 03 00:07:48 2016
0000              5   ;--------------------------------------------------------
                  5   $name autonomous_v3
                  6   $optc51 --model-small
0000              8            R_DSEG    segment data
0000              9            R_CSEG    segment code
0000             10            R_BSEG    segment bit
0000             11            R_XSEG    segment xdata
0000             12            R_PSEG    segment xdata
0000             13            R_ISEG    segment idata
0000             14            R_OSEG    segment data overlay
0000             15            BIT_BANK  segment data overlay
0000             16            R_HOME    segment code
0000             17            R_GSINIT  segment code
0000             18            R_IXSEG   segment xdata
0000             19            R_CONST   segment code
0000             20            R_XINIT   segment code
0000             21            R_DINIT   segment code
0000             22   
0000             23   ;--------------------------------------------------------
0000             24   ; Public variables in this module
0000             25   ;--------------------------------------------------------
0000             26            public _InitPinADC_PARM_2
0000             27            public _main
0000             28            public _Timer2_ISR
0000             29            public _Volts_at_Pin
0000             30            public _ADC_at_Pin
0000             31            public _InitPinADC
0000             32            public _InitADC
0000             33            public _waitms
0000             34            public _Timer3us
0000             35            public _PORT_Init
0000             36            public __c51_external_startup
0000             37            public _PWM_4
0000             38            public _PWM_3
0000             39            public _PWM_2
0000             40            public _PWM_1
0000             41            public _proceed
0000             42            public _pwm_count
0000             43   ;--------------------------------------------------------
0000             44   ; Special Function Registers
0000             45   ;--------------------------------------------------------
0000             46   _P0             DATA 0x80
0000             47   _SP             DATA 0x81
0000             48   _DPL            DATA 0x82
0000             49   _DPH            DATA 0x83
0000             50   _EMI0TC         DATA 0x84
0000             51   _EMI0CF         DATA 0x85
0000             52   _OSCLCN         DATA 0x86
0000             53   _PCON           DATA 0x87
0000             54   _TCON           DATA 0x88
0000             55   _TMOD           DATA 0x89
0000             56   _TL0            DATA 0x8a
0000             57   _TL1            DATA 0x8b
0000             58   _TH0            DATA 0x8c
0000             59   _TH1            DATA 0x8d
0000             60   _CKCON          DATA 0x8e
0000             61   _PSCTL          DATA 0x8f
0000             62   _P1             DATA 0x90
0000             63   _TMR3CN         DATA 0x91
0000             64   _TMR4CN         DATA 0x91
0000             65   _TMR3RLL        DATA 0x92
0000             66   _TMR4RLL        DATA 0x92
0000             67   _TMR3RLH        DATA 0x93
0000             68   _TMR4RLH        DATA 0x93
0000             69   _TMR3L          DATA 0x94
0000             70   _TMR4L          DATA 0x94
0000             71   _TMR3H          DATA 0x95
0000             72   _TMR4H          DATA 0x95
0000             73   _USB0ADR        DATA 0x96
0000             74   _USB0DAT        DATA 0x97
0000             75   _SCON           DATA 0x98
0000             76   _SCON0          DATA 0x98
0000             77   _SBUF           DATA 0x99
0000             78   _SBUF0          DATA 0x99
0000             79   _CPT1CN         DATA 0x9a
0000             80   _CPT0CN         DATA 0x9b
0000             81   _CPT1MD         DATA 0x9c
0000             82   _CPT0MD         DATA 0x9d
0000             83   _CPT1MX         DATA 0x9e
0000             84   _CPT0MX         DATA 0x9f
0000             85   _P2             DATA 0xa0
0000             86   _SPI0CFG        DATA 0xa1
0000             87   _SPI0CKR        DATA 0xa2
0000             88   _SPI0DAT        DATA 0xa3
0000             89   _P0MDOUT        DATA 0xa4
0000             90   _P1MDOUT        DATA 0xa5
0000             91   _P2MDOUT        DATA 0xa6
0000             92   _P3MDOUT        DATA 0xa7
0000             93   _IE             DATA 0xa8
0000             94   _CLKSEL         DATA 0xa9
0000             95   _EMI0CN         DATA 0xaa
0000             96   __XPAGE         DATA 0xaa
0000             97   _SBCON1         DATA 0xac
0000             98   _P4MDOUT        DATA 0xae
0000             99   _PFE0CN         DATA 0xaf
0000            100   _P3             DATA 0xb0
0000            101   _OSCXCN         DATA 0xb1
0000            102   _OSCICN         DATA 0xb2
0000            103   _OSCICL         DATA 0xb3
0000            104   _SBRLL1         DATA 0xb4
0000            105   _SBRLH1         DATA 0xb5
0000            106   _FLSCL          DATA 0xb6
0000            107   _FLKEY          DATA 0xb7
0000            108   _IP             DATA 0xb8
0000            109   _CLKMUL         DATA 0xb9
0000            110   _SMBTC          DATA 0xb9
0000            111   _AMX0N          DATA 0xba
0000            112   _AMX0P          DATA 0xbb
0000            113   _ADC0CF         DATA 0xbc
0000            114   _ADC0L          DATA 0xbd
0000            115   _ADC0H          DATA 0xbe
0000            116   _SFRPAGE        DATA 0xbf
0000            117   _SMB0CN         DATA 0xc0
0000            118   _SMB1CN         DATA 0xc0
0000            119   _SMB0CF         DATA 0xc1
0000            120   _SMB1CF         DATA 0xc1
0000            121   _SMB0DAT        DATA 0xc2
0000            122   _SMB1DAT        DATA 0xc2
0000            123   _ADC0GTL        DATA 0xc3
0000            124   _ADC0GTH        DATA 0xc4
0000            125   _ADC0LTL        DATA 0xc5
0000            126   _ADC0LTH        DATA 0xc6
0000            127   _P4             DATA 0xc7
0000            128   _TMR2CN         DATA 0xc8
0000            129   _TMR5CN         DATA 0xc8
0000            130   _REG01CN        DATA 0xc9
0000            131   _TMR2RLL        DATA 0xca
0000            132   _TMR5RLL        DATA 0xca
0000            133   _TMR2RLH        DATA 0xcb
0000            134   _TMR5RLH        DATA 0xcb
0000            135   _TMR2L          DATA 0xcc
0000            136   _TMR5L          DATA 0xcc
0000            137   _TMR2H          DATA 0xcd
0000            138   _TMR5H          DATA 0xcd
0000            139   _SMB0ADM        DATA 0xce
0000            140   _SMB1ADM        DATA 0xce
0000            141   _SMB0ADR        DATA 0xcf
0000            142   _SMB1ADR        DATA 0xcf
0000            143   _PSW            DATA 0xd0
0000            144   _REF0CN         DATA 0xd1
0000            145   _SCON1          DATA 0xd2
0000            146   _SBUF1          DATA 0xd3
0000            147   _P0SKIP         DATA 0xd4
0000            148   _P1SKIP         DATA 0xd5
0000            149   _P2SKIP         DATA 0xd6
0000            150   _USB0XCN        DATA 0xd7
0000            151   _PCA0CN         DATA 0xd8
0000            152   _PCA0MD         DATA 0xd9
0000            153   _PCA0CPM0       DATA 0xda
0000            154   _PCA0CPM1       DATA 0xdb
0000            155   _PCA0CPM2       DATA 0xdc
0000            156   _PCA0CPM3       DATA 0xdd
0000            157   _PCA0CPM4       DATA 0xde
0000            158   _P3SKIP         DATA 0xdf
0000            159   _ACC            DATA 0xe0
0000            160   _XBR0           DATA 0xe1
0000            161   _XBR1           DATA 0xe2
0000            162   _XBR2           DATA 0xe3
0000            163   _IT01CF         DATA 0xe4
0000            164   _CKCON1         DATA 0xe4
0000            165   _SMOD1          DATA 0xe5
0000            166   _EIE1           DATA 0xe6
0000            167   _EIE2           DATA 0xe7
0000            168   _ADC0CN         DATA 0xe8
0000            169   _PCA0CPL1       DATA 0xe9
0000            170   _PCA0CPH1       DATA 0xea
0000            171   _PCA0CPL2       DATA 0xeb
0000            172   _PCA0CPH2       DATA 0xec
0000            173   _PCA0CPL3       DATA 0xed
0000            174   _PCA0CPH3       DATA 0xee
0000            175   _RSTSRC         DATA 0xef
0000            176   _B              DATA 0xf0
0000            177   _P0MDIN         DATA 0xf1
0000            178   _P1MDIN         DATA 0xf2
0000            179   _P2MDIN         DATA 0xf3
0000            180   _P3MDIN         DATA 0xf4
0000            181   _P4MDIN         DATA 0xf5
0000            182   _EIP1           DATA 0xf6
0000            183   _EIP2           DATA 0xf7
0000            184   _SPI0CN         DATA 0xf8
0000            185   _PCA0L          DATA 0xf9
0000            186   _PCA0H          DATA 0xfa
0000            187   _PCA0CPL0       DATA 0xfb
0000            188   _PCA0CPH0       DATA 0xfc
0000            189   _PCA0CPL4       DATA 0xfd
0000            190   _PCA0CPH4       DATA 0xfe
0000            191   _VDM0CN         DATA 0xff
0000            192   _DPTR           DATA 0x8382
0000            193   _TMR2RL         DATA 0xcbca
0000            194   _TMR3RL         DATA 0x9392
0000            195   _TMR4RL         DATA 0x9392
0000            196   _TMR5RL         DATA 0xcbca
0000            197   _TMR2           DATA 0xcdcc
0000            198   _TMR3           DATA 0x9594
0000            199   _TMR4           DATA 0x9594
0000            200   _TMR5           DATA 0xcdcc
0000            201   _SBRL1          DATA 0xb5b4
0000            202   _ADC0           DATA 0xbebd
0000            203   _ADC0GT         DATA 0xc4c3
0000            204   _ADC0LT         DATA 0xc6c5
0000            205   _PCA0           DATA 0xfaf9
0000            206   _PCA0CP1        DATA 0xeae9
0000            207   _PCA0CP2        DATA 0xeceb
0000            208   _PCA0CP3        DATA 0xeeed
0000            209   _PCA0CP0        DATA 0xfcfb
0000            210   _PCA0CP4        DATA 0xfefd
0000            211   ;--------------------------------------------------------
0000            212   ; special function bits
0000            213   ;--------------------------------------------------------
0000            214   _P0_0           BIT 0x80
0000            215   _P0_1           BIT 0x81
0000            216   _P0_2           BIT 0x82
0000            217   _P0_3           BIT 0x83
0000            218   _P0_4           BIT 0x84
0000            219   _P0_5           BIT 0x85
0000            220   _P0_6           BIT 0x86
0000            221   _P0_7           BIT 0x87
0000            222   _TF1            BIT 0x8f
0000            223   _TR1            BIT 0x8e
0000            224   _TF0            BIT 0x8d
0000            225   _TR0            BIT 0x8c
0000            226   _IE1            BIT 0x8b
0000            227   _IT1            BIT 0x8a
0000            228   _IE0            BIT 0x89
0000            229   _IT0            BIT 0x88
0000            230   _P1_0           BIT 0x90
0000            231   _P1_1           BIT 0x91
0000            232   _P1_2           BIT 0x92
0000            233   _P1_3           BIT 0x93
0000            234   _P1_4           BIT 0x94
0000            235   _P1_5           BIT 0x95
0000            236   _P1_6           BIT 0x96
0000            237   _P1_7           BIT 0x97
0000            238   _S0MODE         BIT 0x9f
0000            239   _SCON0_6        BIT 0x9e
0000            240   _MCE0           BIT 0x9d
0000            241   _REN0           BIT 0x9c
0000            242   _TB80           BIT 0x9b
0000            243   _RB80           BIT 0x9a
0000            244   _TI0            BIT 0x99
0000            245   _RI0            BIT 0x98
0000            246   _SCON_6         BIT 0x9e
0000            247   _MCE            BIT 0x9d
0000            248   _REN            BIT 0x9c
0000            249   _TB8            BIT 0x9b
0000            250   _RB8            BIT 0x9a
0000            251   _TI             BIT 0x99
0000            252   _RI             BIT 0x98
0000            253   _P2_0           BIT 0xa0
0000            254   _P2_1           BIT 0xa1
0000            255   _P2_2           BIT 0xa2
0000            256   _P2_3           BIT 0xa3
0000            257   _P2_4           BIT 0xa4
0000            258   _P2_5           BIT 0xa5
0000            259   _P2_6           BIT 0xa6
0000            260   _P2_7           BIT 0xa7
0000            261   _EA             BIT 0xaf
0000            262   _ESPI0          BIT 0xae
0000            263   _ET2            BIT 0xad
0000            264   _ES0            BIT 0xac
0000            265   _ET1            BIT 0xab
0000            266   _EX1            BIT 0xaa
0000            267   _ET0            BIT 0xa9
0000            268   _EX0            BIT 0xa8
0000            269   _P3_0           BIT 0xb0
0000            270   _P3_1           BIT 0xb1
0000            271   _P3_2           BIT 0xb2
0000            272   _P3_3           BIT 0xb3
0000            273   _P3_4           BIT 0xb4
0000            274   _P3_5           BIT 0xb5
0000            275   _P3_6           BIT 0xb6
0000            276   _P3_7           BIT 0xb7
0000            277   _IP_7           BIT 0xbf
0000            278   _PSPI0          BIT 0xbe
0000            279   _PT2            BIT 0xbd
0000            280   _PS0            BIT 0xbc
0000            281   _PT1            BIT 0xbb
0000            282   _PX1            BIT 0xba
0000            283   _PT0            BIT 0xb9
0000            284   _PX0            BIT 0xb8
0000            285   _MASTER0        BIT 0xc7
0000            286   _TXMODE0        BIT 0xc6
0000            287   _STA0           BIT 0xc5
0000            288   _STO0           BIT 0xc4
0000            289   _ACKRQ0         BIT 0xc3
0000            290   _ARBLOST0       BIT 0xc2
0000            291   _ACK0           BIT 0xc1
0000            292   _SI0            BIT 0xc0
0000            293   _MASTER1        BIT 0xc7
0000            294   _TXMODE1        BIT 0xc6
0000            295   _STA1           BIT 0xc5
0000            296   _STO1           BIT 0xc4
0000            297   _ACKRQ1         BIT 0xc3
0000            298   _ARBLOST1       BIT 0xc2
0000            299   _ACK1           BIT 0xc1
0000            300   _SI1            BIT 0xc0
0000            301   _TF2            BIT 0xcf
0000            302   _TF2H           BIT 0xcf
0000            303   _TF2L           BIT 0xce
0000            304   _TF2LEN         BIT 0xcd
0000            305   _TF2CEN         BIT 0xcc
0000            306   _T2SPLIT        BIT 0xcb
0000            307   _TR2            BIT 0xca
0000            308   _T2CSS          BIT 0xc9
0000            309   _T2XCLK         BIT 0xc8
0000            310   _TF5H           BIT 0xcf
0000            311   _TF5L           BIT 0xce
0000            312   _TF5LEN         BIT 0xcd
0000            313   _TMR5CN_4       BIT 0xcc
0000            314   _T5SPLIT        BIT 0xcb
0000            315   _TR5            BIT 0xca
0000            316   _TMR5CN_1       BIT 0xc9
0000            317   _T5XCLK         BIT 0xc8
0000            318   _CY             BIT 0xd7
0000            319   _AC             BIT 0xd6
0000            320   _F0             BIT 0xd5
0000            321   _RS1            BIT 0xd4
0000            322   _RS0            BIT 0xd3
0000            323   _OV             BIT 0xd2
0000            324   _F1             BIT 0xd1
0000            325   _PARITY         BIT 0xd0
0000            326   _CF             BIT 0xdf
0000            327   _CR             BIT 0xde
0000            328   _PCA0CN_5       BIT 0xde
0000            329   _CCF4           BIT 0xdc
0000            330   _CCF3           BIT 0xdb
0000            331   _CCF2           BIT 0xda
0000            332   _CCF1           BIT 0xd9
0000            333   _CCF0           BIT 0xd8
0000            334   _ACC_7          BIT 0xe7
0000            335   _ACC_6          BIT 0xe6
0000            336   _ACC_5          BIT 0xe5
0000            337   _ACC_4          BIT 0xe4
0000            338   _ACC_3          BIT 0xe3
0000            339   _ACC_2          BIT 0xe2
0000            340   _ACC_1          BIT 0xe1
0000            341   _ACC_0          BIT 0xe0
0000            342   _AD0EN          BIT 0xef
0000            343   _AD0TM          BIT 0xee
0000            344   _AD0INT         BIT 0xed
0000            345   _AD0BUSY        BIT 0xec
0000            346   _AD0WINT        BIT 0xeb
0000            347   _AD0CM2         BIT 0xea
0000            348   _AD0CM1         BIT 0xe9
0000            349   _AD0CM0         BIT 0xe8
0000            350   _B_7            BIT 0xf7
0000            351   _B_6            BIT 0xf6
0000            352   _B_5            BIT 0xf5
0000            353   _B_4            BIT 0xf4
0000            354   _B_3            BIT 0xf3
0000            355   _B_2            BIT 0xf2
0000            356   _B_1            BIT 0xf1
0000            357   _B_0            BIT 0xf0
0000            358   _SPIF           BIT 0xff
0000            359   _WCOL           BIT 0xfe
0000            360   _MODF           BIT 0xfd
0000            361   _RXOVRN         BIT 0xfc
0000            362   _NSSMD1         BIT 0xfb
0000            363   _NSSMD0         BIT 0xfa
0000            364   _TXBMT          BIT 0xf9
0000            365   _SPIEN          BIT 0xf8
0000            366   ;--------------------------------------------------------
0000            367   ; overlayable register banks
0000            368   ;--------------------------------------------------------
0000            369            rbank0 segment data overlay
0000            370   ;--------------------------------------------------------
0000            371   ; internal ram data
0000            372   ;--------------------------------------------------------
0000            373            rseg R_DSEG
0000            374   _pwm_count:
0000            375            ds 1
0001            376   _proceed:
0001            377            ds 1
0002            378   _PWM_1:
0002            379            ds 2
0004            380   _PWM_2:
0004            381            ds 2
0006            382   _PWM_3:
0006            383            ds 2
0008            384   _PWM_4:
0008            385            ds 2
000A            386   _main_V_1_64:
000A            387            ds 16
001A            388   _main_R_1_64:
001A            389            ds 4
001E            390   _main_L_1_64:
001E            391            ds 4
0022            392   ;--------------------------------------------------------
0022            393   ; overlayable items in internal ram 
0022            394   ;--------------------------------------------------------
0000            395            rseg    R_OSEG
0000            396            rseg    R_OSEG
0000            397   _InitPinADC_PARM_2:
0000            398            ds 1
0001            399            rseg    R_OSEG
0001            400   ;--------------------------------------------------------
0001            401   ; indirectly addressable internal ram data
0001            402   ;--------------------------------------------------------
0000            403            rseg R_ISEG
0000            404   ;--------------------------------------------------------
0000            405   ; absolute internal ram data
0000            406   ;--------------------------------------------------------
0000            407            DSEG
0000            408   ;--------------------------------------------------------
0000            409   ; bit data
0000            410   ;--------------------------------------------------------
0000            411            rseg R_BSEG
0000            412   _Timer2_ISR_sloc0_1_0:
0000            413            DBIT    1
0001            414   ;--------------------------------------------------------
0001            415   ; paged external ram data
0001            416   ;--------------------------------------------------------
0000            417            rseg R_PSEG
0000            418   ;--------------------------------------------------------
0000            419   ; external ram data
0000            420   ;--------------------------------------------------------
0000            421            rseg R_XSEG
0000            422   ;--------------------------------------------------------
0000            423   ; absolute external ram data
0000            424   ;--------------------------------------------------------
0000            425            XSEG
0000            426   ;--------------------------------------------------------
0000            427   ; external initialized ram data
0000            428   ;--------------------------------------------------------
0000            429            rseg R_IXSEG
0000            430            rseg R_HOME
0000            431            rseg R_GSINIT
0000            432            rseg R_CSEG
0000            433   ;--------------------------------------------------------
0000            434   ; Reset entry point and interrupt vectors
0000            435   ;--------------------------------------------------------
0000            436            CSEG at 0x0000
0000 020100     437            ljmp    _crt0
002B            438            CSEG at 0x002b
002B 020100     439            ljmp    _Timer2_ISR
002E            440   ;--------------------------------------------------------
002E            441   ; global & static initialisations
002E            442   ;--------------------------------------------------------
0000            443            rseg R_HOME
0000            444            rseg R_GSINIT
0000            445            rseg R_GSINIT
0000            446   ;--------------------------------------------------------
0000            447   ; data variables initialization
0000            448   ;--------------------------------------------------------
0000            449            rseg R_DINIT
0000            450   ;        C:\Users\jeffreyliou\Desktop\elec291\project2\autonomous v3.c:13: volatile unsigned char pwm_count=0;
0000 751000     451            mov     _pwm_count,#0x00
0003            452   ;        C:\Users\jeffreyliou\Desktop\elec291\project2\autonomous v3.c:15: volatile unsigned int PWM_1=0;
0003 E4         453            clr     a
0004 F590       454            mov     _PWM_1,a
0006 F591       455            mov     (_PWM_1 + 1),a
0008            456   ;        C:\Users\jeffreyliou\Desktop\elec291\project2\autonomous v3.c:16: volatile unsigned int PWM_2=0;
0008 E4         457            clr     a
0009 F550       458            mov     _PWM_2,a
000B F551       459            mov     (_PWM_2 + 1),a
000D            460   ;        C:\Users\jeffreyliou\Desktop\elec291\project2\autonomous v3.c:17: volatile unsigned int PWM_3=0;
000D E4         461            clr     a
000E F510       462            mov     _PWM_3,a
0010 F511       463            mov     (_PWM_3 + 1),a
0012            464   ;        C:\Users\jeffreyliou\Desktop\elec291\project2\autonomous v3.c:18: volatile unsigned int PWM_4=0;
0012 E4         465            clr     a
0013 F5D0       466            mov     _PWM_4,a
0015 F5D1       467            mov     (_PWM_4 + 1),a
0017            468            ; The linker places a 'ret' at the end of segment R_DINIT.
0017            469   ;--------------------------------------------------------
0017            470   ; code
0017            471   ;--------------------------------------------------------
0000            472            rseg R_CSEG
0000            473   ;------------------------------------------------------------
0000            474   ;Allocation info for local variables in function '_c51_external_startup'
0000            475   ;------------------------------------------------------------
0000            476   ;------------------------------------------------------------
0000            477   ;        C:\Users\jeffreyliou\Desktop\elec291\project2\autonomous v3.c:21: char _c51_external_startup (void)
0000            478   ;        -----------------------------------------
0000            479   ;         function _c51_external_startup
0000            480   ;        -----------------------------------------
0000            481   __c51_external_startup:
0000            482            using   0
0000            483   ;        C:\Users\jeffreyliou\Desktop\elec291\project2\autonomous v3.c:23: PCA0MD&=(~0x40) ;    // DISABLE WDT: clear Watchdog Enable bit
0000 53D9BF     484            anl     _PCA0MD,#0xBF
0003            485   ;        C:\Users\jeffreyliou\Desktop\elec291\project2\autonomous v3.c:24: VDM0CN=0x80; // enable VDD monitor
0003 75FF80     486            mov     _VDM0CN,#0x80
0006            487   ;        C:\Users\jeffreyliou\Desktop\elec291\project2\autonomous v3.c:25: RSTSRC=0x02|0x04; // Enable reset on missing clock detector and VDD
0006 75EF06     488            mov     _RSTSRC,#0x06
0009            489   ;        C:\Users\jeffreyliou\Desktop\elec291\project2\autonomous v3.c:33: CLKSEL|=0b_0000_0011; // SYSCLK derived from the Internal High-Frequency Oscillator / 1.
0009 43A903     490            orl     _CLKSEL,#0x03
000C            491   ;        C:\Users\jeffreyliou\Desktop\elec291\project2\autonomous v3.c:37: OSCICN |= 0x03; // Configure internal oscillator for its maximum frequency
000C 43B203     492            orl     _OSCICN,#0x03
000F            493   ;        C:\Users\jeffreyliou\Desktop\elec291\project2\autonomous v3.c:40: SCON0 = 0x10; 
000F 759810     494            mov     _SCON0,#0x10
0012            495   ;        C:\Users\jeffreyliou\Desktop\elec291\project2\autonomous v3.c:42: TH1 = 0x10000-((SYSCLK/BAUDRATE)/2L);
0012 758D30     496            mov     _TH1,#0x30
0015            497   ;        C:\Users\jeffreyliou\Desktop\elec291\project2\autonomous v3.c:43: CKCON &= ~0x0B;                  // T1M = 1; SCA1:0 = xx
0015 538EF4     498            anl     _CKCON,#0xF4
0018            499   ;        C:\Users\jeffreyliou\Desktop\elec291\project2\autonomous v3.c:44: CKCON |=  0x08;
0018 438E08     500            orl     _CKCON,#0x08
001B            501   ;        C:\Users\jeffreyliou\Desktop\elec291\project2\autonomous v3.c:57: TL1 = TH1;      // Init Timer1
001B 858D8B     502            mov     _TL1,_TH1
001E            503   ;        C:\Users\jeffreyliou\Desktop\elec291\project2\autonomous v3.c:58: TMOD &= ~0xf0;  // TMOD: timer 1 in 8-bit autoreload
001E 53890F     504            anl     _TMOD,#0x0F
0021            505   ;        C:\Users\jeffreyliou\Desktop\elec291\project2\autonomous v3.c:59: TMOD |=  0x20;                       
0021 438920     506            orl     _TMOD,#0x20
0024            507   ;        C:\Users\jeffreyliou\Desktop\elec291\project2\autonomous v3.c:60: TR1 = 1; // START Timer1
0024 D28E       508            setb    _TR1
0026            509   ;        C:\Users\jeffreyliou\Desktop\elec291\project2\autonomous v3.c:61: TI = 1;  // Indicate TX0 ready
0026 D299       510            setb    _TI
0028            511   ;        C:\Users\jeffreyliou\Desktop\elec291\project2\autonomous v3.c:64: P0MDOUT |= 0x01;  // set P0.0 and P0.4 as push-pull outputs
0028 43A401     512            orl     _P0MDOUT,#0x01
002B            513   ;        C:\Users\jeffreyliou\Desktop\elec291\project2\autonomous v3.c:65: XBR0 = 0x01;      // Enable UART0 on P0.4(TX0) and P0.5(RX0)
002B 75E101     514            mov     _XBR0,#0x01
002E            515   ;        C:\Users\jeffreyliou\Desktop\elec291\project2\autonomous v3.c:66: XBR1 = 0x40;      // enable crossbar
002E 75E240     516            mov     _XBR1,#0x40
0031            517   ;        C:\Users\jeffreyliou\Desktop\elec291\project2\autonomous v3.c:69: TMR2CN=0x00;   // Stop Timer2; Clear TF2;
0031 75C800     518            mov     _TMR2CN,#0x00
0034            519   ;        C:\Users\jeffreyliou\Desktop\elec291\project2\autonomous v3.c:70: CKCON|=0b_0001_0000;
0034 438E10     520            orl     _CKCON,#0x10
0037            521   ;        C:\Users\jeffreyliou\Desktop\elec291\project2\autonomous v3.c:71: TMR2RL=(-(SYSCLK/(2*48))/(100L)); // Initialize reload value
0037 75CA78     522            mov     _TMR2RL,#0x78
003A 75CBEC     523            mov     (_TMR2RL >> 8),#0xEC
003D            524   ;        C:\Users\jeffreyliou\Desktop\elec291\project2\autonomous v3.c:72: TMR2=0xffff;   // Set to reload immediately
003D 75CCFF     525            mov     _TMR2,#0xFF
0040 75CDFF     526            mov     (_TMR2 >> 8),#0xFF
0043            527   ;        C:\Users\jeffreyliou\Desktop\elec291\project2\autonomous v3.c:73: ET2=1;         // Enable Timer2 interrupts
0043 D2AD       528            setb    _ET2
0045            529   ;        C:\Users\jeffreyliou\Desktop\elec291\project2\autonomous v3.c:74: TR2=1;         // Start Timer2
0045 D2CA       530            setb    _TR2
0047            531   ;        C:\Users\jeffreyliou\Desktop\elec291\project2\autonomous v3.c:76: EA=1; // Enable interrupts
0047 D2AF       532            setb    _EA
0049            533   ;        C:\Users\jeffreyliou\Desktop\elec291\project2\autonomous v3.c:78: return 0;
0049 758200     534            mov     dpl,#0x00
004C 22         535            ret
004D            536   ;------------------------------------------------------------
004D            537   ;Allocation info for local variables in function 'PORT_Init'
004D            538   ;------------------------------------------------------------
004D            539   ;------------------------------------------------------------
004D            540   ;        C:\Users\jeffreyliou\Desktop\elec291\project2\autonomous v3.c:81: void PORT_Init (void)
004D            541   ;        -----------------------------------------
004D            542   ;         function PORT_Init
004D            543   ;        -----------------------------------------
004D            544   _PORT_Init:
004D            545   ;        C:\Users\jeffreyliou\Desktop\elec291\project2\autonomous v3.c:83: P0MDOUT |= 0x10; // Enable UART TX as push-pull output
004D 43A410     546            orl     _P0MDOUT,#0x10
0050            547   ;        C:\Users\jeffreyliou\Desktop\elec291\project2\autonomous v3.c:84: XBR0=0b_0000_0001; // Enable UART on P0.4(TX) and P0.5(RX)                    
0050 75E101     548            mov     _XBR0,#0x01
0053            549   ;        C:\Users\jeffreyliou\Desktop\elec291\project2\autonomous v3.c:85: XBR1=0b_0101_0000; // Enable crossbar.  Enable T0 input.
0053 75E250     550            mov     _XBR1,#0x50
0056            551   ;        C:\Users\jeffreyliou\Desktop\elec291\project2\autonomous v3.c:86: XBR2=0b_0000_0000;
0056 75E300     552            mov     _XBR2,#0x00
0059 22         553            ret
005A            554   ;------------------------------------------------------------
005A            555   ;Allocation info for local variables in function 'Timer3us'
005A            556   ;------------------------------------------------------------
005A            557   ;us                        Allocated to registers r2 
005A            558   ;i                         Allocated to registers r3 
005A            559   ;------------------------------------------------------------
005A            560   ;        C:\Users\jeffreyliou\Desktop\elec291\project2\autonomous v3.c:90: void Timer3us(unsigned char us)
005A            561   ;        -----------------------------------------
005A            562   ;         function Timer3us
005A            563   ;        -----------------------------------------
005A            564   _Timer3us:
005A AA82       565            mov     r2,dpl
005C            566   ;        C:\Users\jeffreyliou\Desktop\elec291\project2\autonomous v3.c:95: CKCON|=0b_0100_0000;
005C 438E40     567            orl     _CKCON,#0x40
005F            568   ;        C:\Users\jeffreyliou\Desktop\elec291\project2\autonomous v3.c:97: TMR3RL = (-(SYSCLK)/1000000L); // Set Timer3 to overflow in 1us.
005F 7592D0     569            mov     _TMR3RL,#0xD0
0062 7593FF     570            mov     (_TMR3RL >> 8),#0xFF
0065            571   ;        C:\Users\jeffreyliou\Desktop\elec291\project2\autonomous v3.c:98: TMR3 = TMR3RL;                 // Initialize Timer3 for first overflow
0065 859294     572            mov     _TMR3,_TMR3RL
0068 859395     573            mov     (_TMR3 >> 8),(_TMR3RL >> 8)
006B            574   ;        C:\Users\jeffreyliou\Desktop\elec291\project2\autonomous v3.c:100: TMR3CN = 0x04;                 // Sart Timer3 and clear overflow flag
006B 759104     575            mov     _TMR3CN,#0x04
006E            576   ;        C:\Users\jeffreyliou\Desktop\elec291\project2\autonomous v3.c:101: for (i = 0; i < us; i++)       // Count <us> overflows
006E 7B00       577            mov     r3,#0x00
0070            578   L004004?:
0070 C3         579            clr     c
0071 EB         580            mov     a,r3
0072 9A         581            subb    a,r2
0073 5001       582            jnc     L004007?
0075            583   ;        C:\Users\jeffreyliou\Desktop\elec291\project2\autonomous v3.c:103: while (!(TMR3CN & 0x80));  // Wait for overflow
0075            584   L004001?:
0075 E591       585            mov     a,_TMR3CN
0077 30E7E0     586            jnb     acc.7,L004001?
007A            587   ;        C:\Users\jeffreyliou\Desktop\elec291\project2\autonomous v3.c:104: TMR3CN &= ~(0x80);         // Clear overflow indicator
007A 53917F     588            anl     _TMR3CN,#0x7F
007D            589   ;        C:\Users\jeffreyliou\Desktop\elec291\project2\autonomous v3.c:101: for (i = 0; i < us; i++)       // Count <us> overflows
007D 0B         590            inc     r3
007E 8001       591            sjmp    L004004?
0080            592   L004007?:
0080            593   ;        C:\Users\jeffreyliou\Desktop\elec291\project2\autonomous v3.c:106: TMR3CN = 0 ;                   // Stop Timer3 and clear overflow flag
0080 759100     594            mov     _TMR3CN,#0x00
0083 22         595            ret
0084            596   ;------------------------------------------------------------
0084            597   ;Allocation info for local variables in function 'waitms'
0084            598   ;------------------------------------------------------------
0084            599   ;ms                        Allocated to registers r2 r3 
0084            600   ;j                         Allocated to registers r2 r3 
0084            601   ;------------------------------------------------------------
0084            602   ;        C:\Users\jeffreyliou\Desktop\elec291\project2\autonomous v3.c:109: void waitms (unsigned int ms)
0084            603   ;        -----------------------------------------
0084            604   ;         function waitms
0084            605   ;        -----------------------------------------
0084            606   _waitms:
0084 AA82       607            mov     r2,dpl
0086 AB83       608            mov     r3,dph
0088            609   ;        C:\Users\jeffreyliou\Desktop\elec291\project2\autonomous v3.c:112: for(j=ms; j!=0; j--)
0088            610   L005001?:
0088 BA00E0     611            cjne    r2,#0x00,L005010?
008B BB00E0     612            cjne    r3,#0x00,L005010?
008E 22         613            ret
008F            614   L005010?:
008F            615   ;        C:\Users\jeffreyliou\Desktop\elec291\project2\autonomous v3.c:114: Timer3us(249);
008F 7582F9     616            mov     dpl,#0xF9
0092 C002       617            push    ar2
0094 C003       618            push    ar3
0096 120100     619            lcall   _Timer3us
0099            620   ;        C:\Users\jeffreyliou\Desktop\elec291\project2\autonomous v3.c:115: Timer3us(249);
0099 7582F9     621            mov     dpl,#0xF9
009C 120100     622            lcall   _Timer3us
009F            623   ;        C:\Users\jeffreyliou\Desktop\elec291\project2\autonomous v3.c:116: Timer3us(249);
009F 7582F9     624            mov     dpl,#0xF9
00A2 120100     625            lcall   _Timer3us
00A5            626   ;        C:\Users\jeffreyliou\Desktop\elec291\project2\autonomous v3.c:117: Timer3us(250);
00A5 7582FA     627            mov     dpl,#0xFA
00A8 120100     628            lcall   _Timer3us
00AB D003       629            pop     ar3
00AD D002       630            pop     ar2
00AF            631   ;        C:\Users\jeffreyliou\Desktop\elec291\project2\autonomous v3.c:112: for(j=ms; j!=0; j--)
00AF 1A         632            dec     r2
00B0 BAFF20     633            cjne    r2,#0xff,L005011?
00B3 1B         634            dec     r3
00B4            635   L005011?:
00B4 8001       636            sjmp    L005001?
00B6            637   ;------------------------------------------------------------
00B6            638   ;Allocation info for local variables in function 'InitADC'
00B6            639   ;------------------------------------------------------------
00B6            640   ;------------------------------------------------------------
00B6            641   ;        C:\Users\jeffreyliou\Desktop\elec291\project2\autonomous v3.c:121: void InitADC (void)
00B6            642   ;        -----------------------------------------
00B6            643   ;         function InitADC
00B6            644   ;        -----------------------------------------
00B6            645   _InitADC:
00B6            646   ;        C:\Users\jeffreyliou\Desktop\elec291\project2\autonomous v3.c:124: ADC0CF = 0xF8; // SAR clock = 31, Right-justified result
00B6 75BCF8     647            mov     _ADC0CF,#0xF8
00B9            648   ;        C:\Users\jeffreyliou\Desktop\elec291\project2\autonomous v3.c:125: ADC0CN = 0b_1000_0000; // AD0EN=1, AD0TM=0
00B9 75E880     649            mov     _ADC0CN,#0x80
00BC            650   ;        C:\Users\jeffreyliou\Desktop\elec291\project2\autonomous v3.c:126: REF0CN = 0b_0000_1000; //Select VDD as the voltage reference for the converter
00BC 75D108     651            mov     _REF0CN,#0x08
00BF 22         652            ret
00C0            653   ;------------------------------------------------------------
00C0            654   ;Allocation info for local variables in function 'InitPinADC'
00C0            655   ;------------------------------------------------------------
00C0            656   ;pinno                     Allocated with name '_InitPinADC_PARM_2'
00C0            657   ;portno                    Allocated to registers r2 
00C0            658   ;mask                      Allocated to registers r3 
00C0            659   ;------------------------------------------------------------
00C0            660   ;        C:\Users\jeffreyliou\Desktop\elec291\project2\autonomous v3.c:129: void InitPinADC (unsigned char portno, unsigned char pinno)
00C0            661   ;        -----------------------------------------
00C0            662   ;         function InitPinADC
00C0            663   ;        -----------------------------------------
00C0            664   _InitPinADC:
00C0 AA82       665            mov     r2,dpl
00C2            666   ;        C:\Users\jeffreyliou\Desktop\elec291\project2\autonomous v3.c:133: mask=1<<pinno;
00C2 8540F0     667            mov     b,_InitPinADC_PARM_2
00C5 05F0       668            inc     b
00C7 7401       669            mov     a,#0x01
00C9 8001       670            sjmp    L007012?
00CB            671   L007010?:
00CB 25E0       672            add     a,acc
00CD            673   L007012?:
00CD D5F0E0     674            djnz    b,L007010?
00D0 FB         675            mov     r3,a
00D1            676   ;        C:\Users\jeffreyliou\Desktop\elec291\project2\autonomous v3.c:135: switch (portno)
00D1 EA         677            mov     a,r2
00D2 24FC       678            add     a,#0xff - 0x03
00D4 4001       679            jc      L007007?
00D6 EA         680            mov     a,r2
00D7 2A         681            add     a,r2
00D8 2A         682            add     a,r2
00D9 909560     683            mov     dptr,#L007014?
00DC 73         684            jmp     @a+dptr
00DD            685   L007014?:
00DD 020100     686            ljmp    L007001?
00E0 020100     687            ljmp    L007002?
00E3 020100     688            ljmp    L007003?
00E6 020100     689            ljmp    L007004?
00E9            690   ;        C:\Users\jeffreyliou\Desktop\elec291\project2\autonomous v3.c:137: case 0:
00E9            691   L007001?:
00E9            692   ;        C:\Users\jeffreyliou\Desktop\elec291\project2\autonomous v3.c:138: P0MDIN &= (~mask); // Set pin as analog input
00E9 EB         693            mov     a,r3
00EA F4         694            cpl     a
00EB 52F1       695            anl     _P0MDIN,a
00ED            696   ;        C:\Users\jeffreyliou\Desktop\elec291\project2\autonomous v3.c:139: P0SKIP |= mask; // Skip Crossbar decoding for this pin
00ED EB         697            mov     a,r3
00EE 42D4       698            orl     _P0SKIP,a
00F0            699   ;        C:\Users\jeffreyliou\Desktop\elec291\project2\autonomous v3.c:140: break;
00F0            700   ;        C:\Users\jeffreyliou\Desktop\elec291\project2\autonomous v3.c:141: case 1:
00F0 22         701            ret
00F1            702   L007002?:
00F1            703   ;        C:\Users\jeffreyliou\Desktop\elec291\project2\autonomous v3.c:142: P1MDIN &= (~mask); // Set pin as analog input
00F1 EB         704            mov     a,r3
00F2 F4         705            cpl     a
00F3 52F2       706            anl     _P1MDIN,a
00F5            707   ;        C:\Users\jeffreyliou\Desktop\elec291\project2\autonomous v3.c:143: P1SKIP |= mask; // Skip Crossbar decoding for this pin
00F5 EB         708            mov     a,r3
00F6 42D5       709            orl     _P1SKIP,a
00F8            710   ;        C:\Users\jeffreyliou\Desktop\elec291\project2\autonomous v3.c:144: break;
00F8            711   ;        C:\Users\jeffreyliou\Desktop\elec291\project2\autonomous v3.c:145: case 2:
00F8 22         712            ret
00F9            713   L007003?:
00F9            714   ;        C:\Users\jeffreyliou\Desktop\elec291\project2\autonomous v3.c:146: P2MDIN &= (~mask); // Set pin as analog input
00F9 EB         715            mov     a,r3
00FA F4         716            cpl     a
00FB 52F3       717            anl     _P2MDIN,a
00FD            718   ;        C:\Users\jeffreyliou\Desktop\elec291\project2\autonomous v3.c:147: P2SKIP |= mask; // Skip Crossbar decoding for this pin
00FD EB         719            mov     a,r3
00FE 42D6       720            orl     _P2SKIP,a
0100            721   ;        C:\Users\jeffreyliou\Desktop\elec291\project2\autonomous v3.c:148: break;
0100            722   ;        C:\Users\jeffreyliou\Desktop\elec291\project2\autonomous v3.c:149: case 3:
0100 22         723            ret
0101            724   L007004?:
0101            725   ;        C:\Users\jeffreyliou\Desktop\elec291\project2\autonomous v3.c:150: P3MDIN &= (~mask); // Set pin as analog input
0101 EB         726            mov     a,r3
0102 F4         727            cpl     a
0103 FA         728            mov     r2,a
0104 52F4       729            anl     _P3MDIN,a
0106            730   ;        C:\Users\jeffreyliou\Desktop\elec291\project2\autonomous v3.c:151: P3SKIP |= mask; // Skip Crossbar decoding for this pin
0106 EB         731            mov     a,r3
0107 42DF       732            orl     _P3SKIP,a
0109            733   ;        C:\Users\jeffreyliou\Desktop\elec291\project2\autonomous v3.c:155: }
0109            734   L007007?:
0109 22         735            ret
010A            736   ;------------------------------------------------------------
010A            737   ;Allocation info for local variables in function 'ADC_at_Pin'
010A            738   ;------------------------------------------------------------
010A            739   ;pin                       Allocated to registers 
010A            740   ;------------------------------------------------------------
010A            741   ;        C:\Users\jeffreyliou\Desktop\elec291\project2\autonomous v3.c:158: unsigned int ADC_at_Pin(unsigned char pin)
010A            742   ;        -----------------------------------------
010A            743   ;         function ADC_at_Pin
010A            744   ;        -----------------------------------------
010A            745   _ADC_at_Pin:
010A 8582BB     746            mov     _AMX0P,dpl
010D            747   ;        C:\Users\jeffreyliou\Desktop\elec291\project2\autonomous v3.c:161: AMX0N = LQFP32_MUX_GND;  // GND is negative input (Single-ended Mode)
010D 75BA1F     748            mov     _AMX0N,#0x1F
0110            749   ;        C:\Users\jeffreyliou\Desktop\elec291\project2\autonomous v3.c:163: AD0BUSY=1;
0110 D2EC       750            setb    _AD0BUSY
0112            751   ;        C:\Users\jeffreyliou\Desktop\elec291\project2\autonomous v3.c:164: while (AD0BUSY); // Wait for dummy conversion to finish
0112            752   L008001?:
0112 20ECA0     753            jb      _AD0BUSY,L008001?
0115            754   ;        C:\Users\jeffreyliou\Desktop\elec291\project2\autonomous v3.c:166: AD0BUSY = 1;
0115 D2EC       755            setb    _AD0BUSY
0117            756   ;        C:\Users\jeffreyliou\Desktop\elec291\project2\autonomous v3.c:167: while (AD0BUSY); // Wait for conversion to complete
0117            757   L008004?:
0117 20ECE0     758            jb      _AD0BUSY,L008004?
011A            759   ;        C:\Users\jeffreyliou\Desktop\elec291\project2\autonomous v3.c:168: return (ADC0L+(ADC0H*0x100));
011A AABD       760            mov     r2,_ADC0L
011C 7B00       761            mov     r3,#0x00
011E ADBE       762            mov     r5,_ADC0H
0120 7C00       763            mov     r4,#0x00
0122 EC         764            mov     a,r4
0123 2A         765            add     a,r2
0124 F582       766            mov     dpl,a
0126 ED         767            mov     a,r5
0127 3B         768            addc    a,r3
0128 F583       769            mov     dph,a
012A 22         770            ret
012B            771   ;------------------------------------------------------------
012B            772   ;Allocation info for local variables in function 'Volts_at_Pin'
012B            773   ;------------------------------------------------------------
012B            774   ;pin                       Allocated to registers r2 
012B            775   ;------------------------------------------------------------
012B            776   ;        C:\Users\jeffreyliou\Desktop\elec291\project2\autonomous v3.c:171: float Volts_at_Pin(unsigned char pin)
012B            777   ;        -----------------------------------------
012B            778   ;         function Volts_at_Pin
012B            779   ;        -----------------------------------------
012B            780   _Volts_at_Pin:
012B            781   ;        C:\Users\jeffreyliou\Desktop\elec291\project2\autonomous v3.c:173: return ((ADC_at_Pin(pin)*3.30)/1024.0);
012B 120100     782            lcall   _ADC_at_Pin
012E 120100     783            lcall   ___uint2fs
0131 AA82       784            mov     r2,dpl
0133 AB83       785            mov     r3,dph
0135 ACF0       786            mov     r4,b
0137 FD         787            mov     r5,a
0138 C002       788            push    ar2
013A C003       789            push    ar3
013C C004       790            push    ar4
013E C005       791            push    ar5
0140 903333     792            mov     dptr,#0x3333
0143 75F053     793            mov     b,#0x53
0146 7440       794            mov     a,#0x40
0148 120100     795            lcall   ___fsmul
014B AA82       796            mov     r2,dpl
014D AB83       797            mov     r3,dph
014F ACF0       798            mov     r4,b
0151 FD         799            mov     r5,a
0152 E581       800            mov     a,sp
0154 24FC       801            add     a,#0xfc
0156 F581       802            mov     sp,a
0158 E4         803            clr     a
0159 C0E0       804            push    acc
015B C0E0       805            push    acc
015D 7480       806            mov     a,#0x80
015F C0E0       807            push    acc
0161 7444       808            mov     a,#0x44
0163 C0E0       809            push    acc
0165 8A82       810            mov     dpl,r2
0167 8B83       811            mov     dph,r3
0169 8CF0       812            mov     b,r4
016B ED         813            mov     a,r5
016C 120100     814            lcall   ___fsdiv
016F AA82       815            mov     r2,dpl
0171 AB83       816            mov     r3,dph
0173 ACF0       817            mov     r4,b
0175 FD         818            mov     r5,a
0176 E581       819            mov     a,sp
0178 24FC       820            add     a,#0xfc
017A F581       821            mov     sp,a
017C 8A82       822            mov     dpl,r2
017E 8B83       823            mov     dph,r3
0180 8CF0       824            mov     b,r4
0182 ED         825            mov     a,r5
0183 22         826            ret
0184            827   ;------------------------------------------------------------
0184            828   ;Allocation info for local variables in function 'Timer2_ISR'
0184            829   ;------------------------------------------------------------
0184            830   ;------------------------------------------------------------
0184            831   ;        C:\Users\jeffreyliou\Desktop\elec291\project2\autonomous v3.c:176: void Timer2_ISR (void) interrupt 5
0184            832   ;        -----------------------------------------
0184            833   ;         function Timer2_ISR
0184            834   ;        -----------------------------------------
0184            835   _Timer2_ISR:
0184 C0E0       836            push    acc
0186 C002       837            push    ar2
0188 C003       838            push    ar3
018A C0D0       839            push    psw
018C 75D000     840            mov     psw,#0x00
018F            841   ;        C:\Users\jeffreyliou\Desktop\elec291\project2\autonomous v3.c:178: TF2H = 0; // Clear Timer2 interrupt flag
018F C2CF       842            clr     _TF2H
0191            843   ;        C:\Users\jeffreyliou\Desktop\elec291\project2\autonomous v3.c:180: pwm_count++;
0191 0510       844            inc     _pwm_count
0193            845   ;        C:\Users\jeffreyliou\Desktop\elec291\project2\autonomous v3.c:181: if(pwm_count>100) pwm_count=0;
0193 E510       846            mov     a,_pwm_count
0195 249B       847            add     a,#0xff - 0x64
0197 5001       848            jnc     L010002?
0199 751000     849            mov     _pwm_count,#0x00
019C            850   L010002?:
019C            851   ;        C:\Users\jeffreyliou\Desktop\elec291\project2\autonomous v3.c:183: OUT0=pwm_count>PWM_1?0:1;
019C AA10       852            mov     r2,_pwm_count
019E 7B00       853            mov     r3,#0x00
01A0 C3         854            clr     c
01A1 E590       855            mov     a,_PWM_1
01A3 9A         856            subb    a,r2
01A4 E591       857            mov     a,(_PWM_1 + 1)
01A6 9B         858            subb    a,r3
01A7 92A0       859            mov  _Timer2_ISR_sloc0_1_0,c
01A9 B3         860            cpl     c
01AA 9296       861            mov     _P1_6,c
01AC            862   ;        C:\Users\jeffreyliou\Desktop\elec291\project2\autonomous v3.c:184: OUT1=pwm_count>PWM_2?0:1;
01AC AA10       863            mov     r2,_pwm_count
01AE 7B00       864            mov     r3,#0x00
01B0 C3         865            clr     c
01B1 E550       866            mov     a,_PWM_2
01B3 9A         867            subb    a,r2
01B4 E551       868            mov     a,(_PWM_2 + 1)
01B6 9B         869            subb    a,r3
01B7 92A0       870            mov  _Timer2_ISR_sloc0_1_0,c
01B9 B3         871            cpl     c
01BA 9297       872            mov     _P1_7,c
01BC            873   ;        C:\Users\jeffreyliou\Desktop\elec291\project2\autonomous v3.c:185: OUT2=pwm_count>PWM_3?0:1;
01BC AA10       874            mov     r2,_pwm_count
01BE 7B00       875            mov     r3,#0x00
01C0 C3         876            clr     c
01C1 E510       877            mov     a,_PWM_3
01C3 9A         878            subb    a,r2
01C4 E511       879            mov     a,(_PWM_3 + 1)
01C6 9B         880            subb    a,r3
01C7 92A0       881            mov  _Timer2_ISR_sloc0_1_0,c
01C9 B3         882            cpl     c
01CA 92A4       883            mov     _P2_4,c
01CC            884   ;        C:\Users\jeffreyliou\Desktop\elec291\project2\autonomous v3.c:186: OUT3=pwm_count>PWM_4?0:1;
01CC AA10       885            mov     r2,_pwm_count
01CE 7B00       886            mov     r3,#0x00
01D0 C3         887            clr     c
01D1 E5D0       888            mov     a,_PWM_4
01D3 9A         889            subb    a,r2
01D4 E5D1       890            mov     a,(_PWM_4 + 1)
01D6 9B         891            subb    a,r3
01D7 92A0       892            mov  _Timer2_ISR_sloc0_1_0,c
01D9 B3         893            cpl     c
01DA 92A5       894            mov     _P2_5,c
01DC D0D0       895            pop     psw
01DE D003       896            pop     ar3
01E0 D002       897            pop     ar2
01E2 D0E0       898            pop     acc
01E4 32         899            reti
01E5            900   ;        eliminated unneeded push/pop dpl
01E5            901   ;        eliminated unneeded push/pop dph
01E5            902   ;        eliminated unneeded push/pop b
01E5            903   ;------------------------------------------------------------
01E5            904   ;Allocation info for local variables in function 'main'
01E5            905   ;------------------------------------------------------------
01E5            906   ;V                         Allocated with name '_main_V_1_64'
01E5            907   ;R                         Allocated with name '_main_R_1_64'
01E5            908   ;L                         Allocated with name '_main_L_1_64'
01E5            909   ;thresholdL                Allocated to registers 
01E5            910   ;thresholdR                Allocated to registers 
01E5            911   ;z                         Allocated to registers r2 r3 
01E5            912   ;------------------------------------------------------------
01E5            913   ;        C:\Users\jeffreyliou\Desktop\elec291\project2\autonomous v3.c:189: void main (void)
01E5            914   ;        -----------------------------------------
01E5            915   ;         function main
01E5            916   ;        -----------------------------------------
01E5            917   _main:
01E5            918   ;        C:\Users\jeffreyliou\Desktop\elec291\project2\autonomous v3.c:191: volatile float V[4], R=0, L=0;
01E5 751000     919            mov     _main_R_1_64,#0x00
01E8 751100     920            mov     (_main_R_1_64 + 1),#0x00
01EB 751200     921            mov     (_main_R_1_64 + 2),#0x00
01EE 751300     922            mov     (_main_R_1_64 + 3),#0x00
01F1            923   ;        C:\Users\jeffreyliou\Desktop\elec291\project2\autonomous v3.c:197: printf("\x1b[2J"); // Clear screen using ANSI escape sequence.
01F1 E4         924            clr     a
01F2 F550       925            mov     _main_L_1_64,a
01F4 F551       926            mov     (_main_L_1_64 + 1),a
01F6 F552       927            mov     (_main_L_1_64 + 2),a
01F8 F553       928            mov     (_main_L_1_64 + 3),a
01FA 74A0       929            mov     a,#__str_0
01FC C0E0       930            push    acc
01FE 7498       931            mov     a,#(__str_0 >> 8)
0200 C0E0       932            push    acc
0202 7480       933            mov     a,#0x80
0204 C0E0       934            push    acc
0206 120100     935            lcall   _printf
0209 1581       936            dec     sp
020B 1581       937            dec     sp
020D 1581       938            dec     sp
020F            939   ;        C:\Users\jeffreyliou\Desktop\elec291\project2\autonomous v3.c:198: printf("\r\nUsing ADC with arbitrary pins.\r\n");
020F 7420       940            mov     a,#__str_1
0211 C0E0       941            push    acc
0213 7499       942            mov     a,#(__str_1 >> 8)
0215 C0E0       943            push    acc
0217 7480       944            mov     a,#0x80
0219 C0E0       945            push    acc
021B 120100     946            lcall   _printf
021E 1581       947            dec     sp
0220 1581       948            dec     sp
0222 1581       949            dec     sp
0224            950   ;        C:\Users\jeffreyliou\Desktop\elec291\project2\autonomous v3.c:202: InitPinADC(2, 1); // Configure P2.1 as analog input
0224 754001     951            mov     _InitPinADC_PARM_2,#0x01
0227 758202     952            mov     dpl,#0x02
022A 120100     953            lcall   _InitPinADC
022D            954   ;        C:\Users\jeffreyliou\Desktop\elec291\project2\autonomous v3.c:203: InitPinADC(2, 2); // Configure P2.2 as analog input
022D 754002     955            mov     _InitPinADC_PARM_2,#0x02
0230 758202     956            mov     dpl,#0x02
0233 120100     957            lcall   _InitPinADC
0236            958   ;        C:\Users\jeffreyliou\Desktop\elec291\project2\autonomous v3.c:206: InitADC();
0236 120100     959            lcall   _InitADC
0239            960   ;        C:\Users\jeffreyliou\Desktop\elec291\project2\autonomous v3.c:208: while(1)
0239            961   L011027?:
0239            962   ;        C:\Users\jeffreyliou\Desktop\elec291\project2\autonomous v3.c:210: PWM_1 = 0;
0239            963   ;        C:\Users\jeffreyliou\Desktop\elec291\project2\autonomous v3.c:211: PWM_2 = 0;
0239            964   ;        C:\Users\jeffreyliou\Desktop\elec291\project2\autonomous v3.c:212: PWM_3 = 0;
0239            965   ;        C:\Users\jeffreyliou\Desktop\elec291\project2\autonomous v3.c:213: PWM_4 = 0;
0239 E4         966            clr     a
023A F590       967            mov     _PWM_1,a
023C F591       968            mov     (_PWM_1 + 1),a
023E F550       969            mov     _PWM_2,a
0240 F551       970            mov     (_PWM_2 + 1),a
0242 F510       971            mov     _PWM_3,a
0244 F511       972            mov     (_PWM_3 + 1),a
0246 F5D0       973            mov     _PWM_4,a
0248 F5D1       974            mov     (_PWM_4 + 1),a
024A            975   ;        C:\Users\jeffreyliou\Desktop\elec291\project2\autonomous v3.c:214: L=0;
024A 755000     976            mov     _main_L_1_64,#0x00
024D 755100     977            mov     (_main_L_1_64 + 1),#0x00
0250 755200     978            mov     (_main_L_1_64 + 2),#0x00
0253 755300     979            mov     (_main_L_1_64 + 3),#0x00
0256            980   ;        C:\Users\jeffreyliou\Desktop\elec291\project2\autonomous v3.c:215: R=0;
0256 751000     981            mov     _main_R_1_64,#0x00
0259 751100     982            mov     (_main_R_1_64 + 1),#0x00
025C 751200     983            mov     (_main_R_1_64 + 2),#0x00
025F 751300     984            mov     (_main_R_1_64 + 3),#0x00
0262            985   ;        C:\Users\jeffreyliou\Desktop\elec291\project2\autonomous v3.c:217: for(z=0; z<50; z++)
0262 7A00       986            mov     r2,#0x00
0264 7B00       987            mov     r3,#0x00
0266            988   L011029?:
0266 C3         989            clr     c
0267 EA         990            mov     a,r2
0268 9432       991            subb    a,#0x32
026A EB         992            mov     a,r3
026B 6480       993            xrl     a,#0x80
026D 9480       994            subb    a,#0x80
026F 5001       995            jnc     L011032?
0271            996   ;        C:\Users\jeffreyliou\Desktop\elec291\project2\autonomous v3.c:219: V[0]=Volts_at_Pin(LQFP32_MUX_P2_1);
0271 758209     997            mov     dpl,#0x09
0274 C002       998            push    ar2
0276 C003       999            push    ar3
0278 120100    1000            lcall   _Volts_at_Pin
027B AC82      1001            mov     r4,dpl
027D AD83      1002            mov     r5,dph
027F AEF0      1003            mov     r6,b
0281 FF        1004            mov     r7,a
0282 8CD0      1005            mov     _main_V_1_64,r4
0284 8DD1      1006            mov     (_main_V_1_64 + 1),r5
0286 8ED2      1007            mov     (_main_V_1_64 + 2),r6
0288 8FD3      1008            mov     (_main_V_1_64 + 3),r7
028A           1009   ;        C:\Users\jeffreyliou\Desktop\elec291\project2\autonomous v3.c:220: if(V[0]>L)
028A C050      1010            push    _main_L_1_64
028C C051      1011            push    (_main_L_1_64 + 1)
028E C052      1012            push    (_main_L_1_64 + 2)
0290 C053      1013            push    (_main_L_1_64 + 3)
0292 85D082    1014            mov     dpl,_main_V_1_64
0295 85D183    1015            mov     dph,(_main_V_1_64 + 1)
0298 85D2F0    1016            mov     b,(_main_V_1_64 + 2)
029B E5D3      1017            mov     a,(_main_V_1_64 + 3)
029D 120100    1018            lcall   ___fsgt
02A0 AC82      1019            mov     r4,dpl
02A2 E581      1020            mov     a,sp
02A4 24FC      1021            add     a,#0xfc
02A6 F581      1022            mov     sp,a
02A8 D003      1023            pop     ar3
02AA D002      1024            pop     ar2
02AC EC        1025            mov     a,r4
02AD 6001      1026            jz      L011002?
02AF           1027   ;        C:\Users\jeffreyliou\Desktop\elec291\project2\autonomous v3.c:221: L=V[0];
02AF 85D050    1028            mov     _main_L_1_64,_main_V_1_64
02B2 85D151    1029            mov     (_main_L_1_64 + 1),(_main_V_1_64 + 1)
02B5 85D252    1030            mov     (_main_L_1_64 + 2),(_main_V_1_64 + 2)
02B8 85D353    1031            mov     (_main_L_1_64 + 3),(_main_V_1_64 + 3)
02BB           1032   L011002?:
02BB           1033   ;        C:\Users\jeffreyliou\Desktop\elec291\project2\autonomous v3.c:222: V[0]=L;
02BB 8550D0    1034            mov     _main_V_1_64,_main_L_1_64
02BE 8551D1    1035            mov     (_main_V_1_64 + 1),(_main_L_1_64 + 1)
02C1 8552D2    1036            mov     (_main_V_1_64 + 2),(_main_L_1_64 + 2)
02C4 8553D3    1037            mov     (_main_V_1_64 + 3),(_main_L_1_64 + 3)
02C7           1038   ;        C:\Users\jeffreyliou\Desktop\elec291\project2\autonomous v3.c:217: for(z=0; z<50; z++)
02C7 0A        1039            inc     r2
02C8 BA00A0    1040            cjne    r2,#0x00,L011029?
02CB 0B        1041            inc     r3
02CC 8001      1042            sjmp    L011029?
02CE           1043   L011032?:
02CE           1044   ;        C:\Users\jeffreyliou\Desktop\elec291\project2\autonomous v3.c:224: for(z=0; z<50; z++)
02CE 7A00      1045            mov     r2,#0x00
02D0 7B00      1046            mov     r3,#0x00
02D2           1047   L011033?:
02D2 C3        1048            clr     c
02D3 EA        1049            mov     a,r2
02D4 9432      1050            subb    a,#0x32
02D6 EB        1051            mov     a,r3
02D7 6480      1052            xrl     a,#0x80
02D9 9480      1053            subb    a,#0x80
02DB 5001      1054            jnc     L011036?
02DD           1055   ;        C:\Users\jeffreyliou\Desktop\elec291\project2\autonomous v3.c:226: V[1]=Volts_at_Pin(LQFP32_MUX_P2_2);
02DD 75820A    1056            mov     dpl,#0x0A
02E0 C002      1057            push    ar2
02E2 C003      1058            push    ar3
02E4 120100    1059            lcall   _Volts_at_Pin
02E7 AC82      1060            mov     r4,dpl
02E9 AD83      1061            mov     r5,dph
02EB AEF0      1062            mov     r6,b
02ED FF        1063            mov     r7,a
02EE 8CD4      1064            mov     (_main_V_1_64 + 0x0004),r4
02F0 8DD5      1065            mov     ((_main_V_1_64 + 0x0004) + 1),r5
02F2 8ED6      1066            mov     ((_main_V_1_64 + 0x0004) + 2),r6
02F4 8FD7      1067            mov     ((_main_V_1_64 + 0x0004) + 3),r7
02F6           1068   ;        C:\Users\jeffreyliou\Desktop\elec291\project2\autonomous v3.c:227: if(V[1]>R)
02F6 C010      1069            push    _main_R_1_64
02F8 C011      1070            push    (_main_R_1_64 + 1)
02FA C012      1071            push    (_main_R_1_64 + 2)
02FC C013      1072            push    (_main_R_1_64 + 3)
02FE 85D482    1073            mov     dpl,(_main_V_1_64 + 0x0004)
0301 85D583    1074            mov     dph,((_main_V_1_64 + 0x0004) + 1)
0304 85D6F0    1075            mov     b,((_main_V_1_64 + 0x0004) + 2)
0307 E5D7      1076            mov     a,((_main_V_1_64 + 0x0004) + 3)
0309 120100    1077            lcall   ___fsgt
030C AC82      1078            mov     r4,dpl
030E E581      1079            mov     a,sp
0310 24FC      1080            add     a,#0xfc
0312 F581      1081            mov     sp,a
0314 D003      1082            pop     ar3
0316 D002      1083            pop     ar2
0318 EC        1084            mov     a,r4
0319 6001      1085            jz      L011004?
031B           1086   ;        C:\Users\jeffreyliou\Desktop\elec291\project2\autonomous v3.c:228: R=V[1];
031B 85D410    1087            mov     _main_R_1_64,(_main_V_1_64 + 0x0004)
031E 85D511    1088            mov     (_main_R_1_64 + 1),((_main_V_1_64 + 0x0004) + 1)
0321 85D612    1089            mov     (_main_R_1_64 + 2),((_main_V_1_64 + 0x0004) + 2)
0324 85D713    1090            mov     (_main_R_1_64 + 3),((_main_V_1_64 + 0x0004) + 3)
0327           1091   L011004?:
0327           1092   ;        C:\Users\jeffreyliou\Desktop\elec291\project2\autonomous v3.c:229: V[1]=R;
0327 8510D4    1093            mov     (_main_V_1_64 + 0x0004),_main_R_1_64
032A 8511D5    1094            mov     ((_main_V_1_64 + 0x0004) + 1),(_main_R_1_64 + 1)
032D 8512D6    1095            mov     ((_main_V_1_64 + 0x0004) + 2),(_main_R_1_64 + 2)
0330 8513D7    1096            mov     ((_main_V_1_64 + 0x0004) + 3),(_main_R_1_64 + 3)
0333           1097   ;        C:\Users\jeffreyliou\Desktop\elec291\project2\autonomous v3.c:224: for(z=0; z<50; z++)
0333 0A        1098            inc     r2
0334 BA00A0    1099            cjne    r2,#0x00,L011033?
0337 0B        1100            inc     r3
0338 8001      1101            sjmp    L011033?
033A           1102   L011036?:
033A           1103   ;        C:\Users\jeffreyliou\Desktop\elec291\project2\autonomous v3.c:233: if (V[0] < thresholdL-0.1 && V[1] < thresholdR-0.1 )
033A 74A4      1104            mov     a,#0xA4
033C C0E0      1105            push    acc
033E 7470      1106            mov     a,#0x70
0340 C0E0      1107            push    acc
0342 747D      1108            mov     a,#0x7D
0344 C0E0      1109            push    acc
0346 743F      1110            mov     a,#0x3F
0348 C0E0      1111            push    acc
034A 85D082    1112            mov     dpl,_main_V_1_64
034D 85D183    1113            mov     dph,(_main_V_1_64 + 1)
0350 85D2F0    1114            mov     b,(_main_V_1_64 + 2)
0353 E5D3      1115            mov     a,(_main_V_1_64 + 3)
0355 120100    1116            lcall   ___fslt
0358 AA82      1117            mov     r2,dpl
035A E581      1118            mov     a,sp
035C 24FC      1119            add     a,#0xfc
035E F581      1120            mov     sp,a
0360 EA        1121            mov     a,r2
0361 6001      1122            jz      L011023?
0363 74EC      1123            mov     a,#0xEC
0365 C0E0      1124            push    acc
0367 7451      1125            mov     a,#0x51
0369 C0E0      1126            push    acc
036B 7478      1127            mov     a,#0x78
036D C0E0      1128            push    acc
036F 743F      1129            mov     a,#0x3F
0371 C0E0      1130            push    acc
0373 85D482    1131            mov     dpl,(_main_V_1_64 + 0x0004)
0376 85D583    1132            mov     dph,((_main_V_1_64 + 0x0004) + 1)
0379 85D6F0    1133            mov     b,((_main_V_1_64 + 0x0004) + 2)
037C E5D7      1134            mov     a,((_main_V_1_64 + 0x0004) + 3)
037E 120100    1135            lcall   ___fslt
0381 AA82      1136            mov     r2,dpl
0383 E581      1137            mov     a,sp
0385 24FC      1138            add     a,#0xfc
0387 F581      1139            mov     sp,a
0389 EA        1140            mov     a,r2
038A 6001      1141            jz      L011023?
038C           1142   ;        C:\Users\jeffreyliou\Desktop\elec291\project2\autonomous v3.c:235: PWM_1 = 0;
038C E4        1143            clr     a
038D F590      1144            mov     _PWM_1,a
038F F591      1145            mov     (_PWM_1 + 1),a
0391           1146   ;        C:\Users\jeffreyliou\Desktop\elec291\project2\autonomous v3.c:236: PWM_2 = 100;
0391 755064    1147            mov     _PWM_2,#0x64
0394 E4        1148            clr     a
0395 F551      1149            mov     (_PWM_2 + 1),a
0397           1150   ;        C:\Users\jeffreyliou\Desktop\elec291\project2\autonomous v3.c:237: PWM_3 = 0;
0397 E4        1151            clr     a
0398 F510      1152            mov     _PWM_3,a
039A F511      1153            mov     (_PWM_3 + 1),a
039C           1154   ;        C:\Users\jeffreyliou\Desktop\elec291\project2\autonomous v3.c:238: PWM_4 = 100;
039C 75D064    1155            mov     _PWM_4,#0x64
039F E4        1156            clr     a
03A0 F5D1      1157            mov     (_PWM_4 + 1),a
03A2 020100    1158            ljmp    L011024?
03A5           1159   L011023?:
03A5           1160   ;        C:\Users\jeffreyliou\Desktop\elec291\project2\autonomous v3.c:241: else if (V[0] > thresholdL+0.1 && V[1] > thresholdR+0.1)
03A5 74EC      1161            mov     a,#0xEC
03A7 C0E0      1162            push    acc
03A9 7451      1163            mov     a,#0x51
03AB C0E0      1164            push    acc
03AD 7498      1165            mov     a,#0x98
03AF C0E0      1166            push    acc
03B1 743F      1167            mov     a,#0x3F
03B3 C0E0      1168            push    acc
03B5 85D082    1169            mov     dpl,_main_V_1_64
03B8 85D183    1170            mov     dph,(_main_V_1_64 + 1)
03BB 85D2F0    1171            mov     b,(_main_V_1_64 + 2)
03BE E5D3      1172            mov     a,(_main_V_1_64 + 3)
03C0 120100    1173            lcall   ___fsgt
03C3 AA82      1174            mov     r2,dpl
03C5 E581      1175            mov     a,sp
03C7 24FC      1176            add     a,#0xfc
03C9 F581      1177            mov     sp,a
03CB EA        1178            mov     a,r2
03CC 6001      1179            jz      L011019?
03CE 748F      1180            mov     a,#0x8F
03D0 C0E0      1181            push    acc
03D2 74C2      1182            mov     a,#0xC2
03D4 C0E0      1183            push    acc
03D6 7495      1184            mov     a,#0x95
03D8 C0E0      1185            push    acc
03DA 743F      1186            mov     a,#0x3F
03DC C0E0      1187            push    acc
03DE 85D482    1188            mov     dpl,(_main_V_1_64 + 0x0004)
03E1 85D583    1189            mov     dph,((_main_V_1_64 + 0x0004) + 1)
03E4 85D6F0    1190            mov     b,((_main_V_1_64 + 0x0004) + 2)
03E7 E5D7      1191            mov     a,((_main_V_1_64 + 0x0004) + 3)
03E9 120100    1192            lcall   ___fsgt
03EC AA82      1193            mov     r2,dpl
03EE E581      1194            mov     a,sp
03F0 24FC      1195            add     a,#0xfc
03F2 F581      1196            mov     sp,a
03F4 EA        1197            mov     a,r2
03F5 6001      1198            jz      L011019?
03F7           1199   ;        C:\Users\jeffreyliou\Desktop\elec291\project2\autonomous v3.c:243: PWM_1 = 100;
03F7 759064    1200            mov     _PWM_1,#0x64
03FA E4        1201            clr     a
03FB F591      1202            mov     (_PWM_1 + 1),a
03FD           1203   ;        C:\Users\jeffreyliou\Desktop\elec291\project2\autonomous v3.c:244: PWM_2 = 0;
03FD E4        1204            clr     a
03FE F550      1205            mov     _PWM_2,a
0400 F551      1206            mov     (_PWM_2 + 1),a
0402           1207   ;        C:\Users\jeffreyliou\Desktop\elec291\project2\autonomous v3.c:245: PWM_3 = 100;
0402 751064    1208            mov     _PWM_3,#0x64
0405 E4        1209            clr     a
0406 F511      1210            mov     (_PWM_3 + 1),a
0408           1211   ;        C:\Users\jeffreyliou\Desktop\elec291\project2\autonomous v3.c:246: PWM_4 = 0;
0408 E4        1212            clr     a
0409 F5D0      1213            mov     _PWM_4,a
040B F5D1      1214            mov     (_PWM_4 + 1),a
040D 020100    1215            ljmp    L011024?
0410           1216   L011019?:
0410           1217   ;        C:\Users\jeffreyliou\Desktop\elec291\project2\autonomous v3.c:249: else if ((V[0] <= thresholdL+0.1 && V[0] >= thresholdL-0.1) && (V[1] <= thresholdR+0.1 && V[1] >= thresholdR-0.1))
0410 74EC      1218            mov     a,#0xEC
0412 C0E0      1219            push    acc
0414 7451      1220            mov     a,#0x51
0416 C0E0      1221            push    acc
0418 7498      1222            mov     a,#0x98
041A C0E0      1223            push    acc
041C 743F      1224            mov     a,#0x3F
041E C0E0      1225            push    acc
0420 85D082    1226            mov     dpl,_main_V_1_64
0423 85D183    1227            mov     dph,(_main_V_1_64 + 1)
0426 85D2F0    1228            mov     b,(_main_V_1_64 + 2)
0429 E5D3      1229            mov     a,(_main_V_1_64 + 3)
042B 120100    1230            lcall   ___fsgt
042E AA82      1231            mov     r2,dpl
0430 E581      1232            mov     a,sp
0432 24FC      1233            add     a,#0xfc
0434 F581      1234            mov     sp,a
0436 EA        1235            mov     a,r2
0437 6001      1236            jz      L011068?
0439 020100    1237            ljmp    L011013?
043C           1238   L011068?:
043C 74A4      1239            mov     a,#0xA4
043E C0E0      1240            push    acc
0440 7470      1241            mov     a,#0x70
0442 C0E0      1242            push    acc
0444 747D      1243            mov     a,#0x7D
0446 C0E0      1244            push    acc
0448 743F      1245            mov     a,#0x3F
044A C0E0      1246            push    acc
044C 85D082    1247            mov     dpl,_main_V_1_64
044F 85D183    1248            mov     dph,(_main_V_1_64 + 1)
0452 85D2F0    1249            mov     b,(_main_V_1_64 + 2)
0455 E5D3      1250            mov     a,(_main_V_1_64 + 3)
0457 120100    1251            lcall   ___fslt
045A AA82      1252            mov     r2,dpl
045C E581      1253            mov     a,sp
045E 24FC      1254            add     a,#0xfc
0460 F581      1255            mov     sp,a
0462 EA        1256            mov     a,r2
0463 7001      1257            jnz     L011013?
0465 748F      1258            mov     a,#0x8F
0467 C0E0      1259            push    acc
0469 74C2      1260            mov     a,#0xC2
046B C0E0      1261            push    acc
046D 7495      1262            mov     a,#0x95
046F C0E0      1263            push    acc
0471 743F      1264            mov     a,#0x3F
0473 C0E0      1265            push    acc
0475 85D482    1266            mov     dpl,(_main_V_1_64 + 0x0004)
0478 85D583    1267            mov     dph,((_main_V_1_64 + 0x0004) + 1)
047B 85D6F0    1268            mov     b,((_main_V_1_64 + 0x0004) + 2)
047E E5D7      1269            mov     a,((_main_V_1_64 + 0x0004) + 3)
0480 120100    1270            lcall   ___fsgt
0483 AA82      1271            mov     r2,dpl
0485 E581      1272            mov     a,sp
0487 24FC      1273            add     a,#0xfc
0489 F581      1274            mov     sp,a
048B EA        1275            mov     a,r2
048C 7001      1276            jnz     L011013?
048E 74EC      1277            mov     a,#0xEC
0490 C0E0      1278            push    acc
0492 7451      1279            mov     a,#0x51
0494 C0E0      1280            push    acc
0496 7478      1281            mov     a,#0x78
0498 C0E0      1282            push    acc
049A 743F      1283            mov     a,#0x3F
049C C0E0      1284            push    acc
049E 85D482    1285            mov     dpl,(_main_V_1_64 + 0x0004)
04A1 85D583    1286            mov     dph,((_main_V_1_64 + 0x0004) + 1)
04A4 85D6F0    1287            mov     b,((_main_V_1_64 + 0x0004) + 2)
04A7 E5D7      1288            mov     a,((_main_V_1_64 + 0x0004) + 3)
04A9 120100    1289            lcall   ___fslt
04AC AA82      1290            mov     r2,dpl
04AE E581      1291            mov     a,sp
04B0 24FC      1292            add     a,#0xfc
04B2 F581      1293            mov     sp,a
04B4 EA        1294            mov     a,r2
04B5           1295   ;        C:\Users\jeffreyliou\Desktop\elec291\project2\autonomous v3.c:251: PWM_1 = 0;
04B5           1296   ;        C:\Users\jeffreyliou\Desktop\elec291\project2\autonomous v3.c:252: PWM_2 = 0;
04B5           1297   ;        C:\Users\jeffreyliou\Desktop\elec291\project2\autonomous v3.c:253: PWM_3 = 0;
04B5           1298   ;        C:\Users\jeffreyliou\Desktop\elec291\project2\autonomous v3.c:254: PWM_4 = 0;
04B5 7001      1299            jnz     L011013?
04B7 F590      1300            mov     _PWM_1,a
04B9 F591      1301            mov     (_PWM_1 + 1),a
04BB F550      1302            mov     _PWM_2,a
04BD F551      1303            mov     (_PWM_2 + 1),a
04BF F510      1304            mov     _PWM_3,a
04C1 F511      1305            mov     (_PWM_3 + 1),a
04C3 F5D0      1306            mov     _PWM_4,a
04C5 F5D1      1307            mov     (_PWM_4 + 1),a
04C7 020100    1308            ljmp    L011024?
04CA           1309   L011013?:
04CA           1310   ;        C:\Users\jeffreyliou\Desktop\elec291\project2\autonomous v3.c:257: else if (V[0] > thresholdL+0.1 || V[1] < thresholdR+0.1)
04CA 74EC      1311            mov     a,#0xEC
04CC C0E0      1312            push    acc
04CE 7451      1313            mov     a,#0x51
04D0 C0E0      1314            push    acc
04D2 7498      1315            mov     a,#0x98
04D4 C0E0      1316            push    acc
04D6 743F      1317            mov     a,#0x3F
04D8 C0E0      1318            push    acc
04DA 85D082    1319            mov     dpl,_main_V_1_64
04DD 85D183    1320            mov     dph,(_main_V_1_64 + 1)
04E0 85D2F0    1321            mov     b,(_main_V_1_64 + 2)
04E3 E5D3      1322            mov     a,(_main_V_1_64 + 3)
04E5 120100    1323            lcall   ___fsgt
04E8 AA82      1324            mov     r2,dpl
04EA E581      1325            mov     a,sp
04EC 24FC      1326            add     a,#0xfc
04EE F581      1327            mov     sp,a
04F0 EA        1328            mov     a,r2
04F1 7001      1329            jnz     L011008?
04F3 748F      1330            mov     a,#0x8F
04F5 C0E0      1331            push    acc
04F7 74C2      1332            mov     a,#0xC2
04F9 C0E0      1333            push    acc
04FB 7495      1334            mov     a,#0x95
04FD C0E0      1335            push    acc
04FF 743F      1336            mov     a,#0x3F
0501 C0E0      1337            push    acc
0503 85D482    1338            mov     dpl,(_main_V_1_64 + 0x0004)
0506 85D583    1339            mov     dph,((_main_V_1_64 + 0x0004) + 1)
0509 85D6F0    1340            mov     b,((_main_V_1_64 + 0x0004) + 2)
050C E5D7      1341            mov     a,((_main_V_1_64 + 0x0004) + 3)
050E 120100    1342            lcall   ___fslt
0511 AA82      1343            mov     r2,dpl
0513 E581      1344            mov     a,sp
0515 24FC      1345            add     a,#0xfc
0517 F581      1346            mov     sp,a
0519 EA        1347            mov     a,r2
051A 6001      1348            jz      L011009?
051C           1349   L011008?:
051C           1350   ;        C:\Users\jeffreyliou\Desktop\elec291\project2\autonomous v3.c:259: PWM_1 = 100;
051C 759064    1351            mov     _PWM_1,#0x64
051F E4        1352            clr     a
0520 F591      1353            mov     (_PWM_1 + 1),a
0522           1354   ;        C:\Users\jeffreyliou\Desktop\elec291\project2\autonomous v3.c:260: PWM_2 = 0;
0522           1355   ;        C:\Users\jeffreyliou\Desktop\elec291\project2\autonomous v3.c:261: PWM_3 = 0;
0522 E4        1356            clr     a
0523 F550      1357            mov     _PWM_2,a
0525 F551      1358            mov     (_PWM_2 + 1),a
0527 F510      1359            mov     _PWM_3,a
0529 F511      1360            mov     (_PWM_3 + 1),a
052B           1361   ;        C:\Users\jeffreyliou\Desktop\elec291\project2\autonomous v3.c:262: PWM_4 = 100;
052B 75D064    1362            mov     _PWM_4,#0x64
052E E4        1363            clr     a
052F F5D1      1364            mov     (_PWM_4 + 1),a
0531 8001      1365            sjmp    L011024?
0533           1366   L011009?:
0533           1367   ;        C:\Users\jeffreyliou\Desktop\elec291\project2\autonomous v3.c:264: else if (V[0] < thresholdL-0.1 || V[1] >= thresholdR-0.1)
0533 74A4      1368            mov     a,#0xA4
0535 C0E0      1369            push    acc
0537 7470      1370            mov     a,#0x70
0539 C0E0      1371            push    acc
053B 747D      1372            mov     a,#0x7D
053D C0E0      1373            push    acc
053F 743F      1374            mov     a,#0x3F
0541 C0E0      1375            push    acc
0543 85D082    1376            mov     dpl,_main_V_1_64
0546 85D183    1377            mov     dph,(_main_V_1_64 + 1)
0549 85D2F0    1378            mov     b,(_main_V_1_64 + 2)
054C E5D3      1379            mov     a,(_main_V_1_64 + 3)
054E 120100    1380            lcall   ___fslt
0551 AA82      1381            mov     r2,dpl
0553 E581      1382            mov     a,sp
0555 24FC      1383            add     a,#0xfc
0557 F581      1384            mov     sp,a
0559 EA        1385            mov     a,r2
055A 7001      1386            jnz     L011005?
055C 74EC      1387            mov     a,#0xEC
055E C0E0      1388            push    acc
0560 7451      1389            mov     a,#0x51
0562 C0E0      1390            push    acc
0564 7478      1391            mov     a,#0x78
0566 C0E0      1392            push    acc
0568 743F      1393            mov     a,#0x3F
056A C0E0      1394            push    acc
056C 85D482    1395            mov     dpl,(_main_V_1_64 + 0x0004)
056F 85D583    1396            mov     dph,((_main_V_1_64 + 0x0004) + 1)
0572 85D6F0    1397            mov     b,((_main_V_1_64 + 0x0004) + 2)
0575 E5D7      1398            mov     a,((_main_V_1_64 + 0x0004) + 3)
0577 120100    1399            lcall   ___fslt
057A AA82      1400            mov     r2,dpl
057C E581      1401            mov     a,sp
057E 24FC      1402            add     a,#0xfc
0580 F581      1403            mov     sp,a
0582 EA        1404            mov     a,r2
0583 7001      1405            jnz     L011024?
0585           1406   L011005?:
0585           1407   ;        C:\Users\jeffreyliou\Desktop\elec291\project2\autonomous v3.c:266: PWM_1 = 0;
0585 E4        1408            clr     a
0586 F590      1409            mov     _PWM_1,a
0588 F591      1410            mov     (_PWM_1 + 1),a
058A           1411   ;        C:\Users\jeffreyliou\Desktop\elec291\project2\autonomous v3.c:267: PWM_2 = 100;
058A 755064    1412            mov     _PWM_2,#0x64
058D E4        1413            clr     a
058E F551      1414            mov     (_PWM_2 + 1),a
0590           1415   ;        C:\Users\jeffreyliou\Desktop\elec291\project2\autonomous v3.c:268: PWM_3 = 100;
0590 751064    1416            mov     _PWM_3,#0x64
0593 E4        1417            clr     a
0594 F511      1418            mov     (_PWM_3 + 1),a
0596           1419   ;        C:\Users\jeffreyliou\Desktop\elec291\project2\autonomous v3.c:269: PWM_4 = 0;
0596 E4        1420            clr     a
0597 F5D0      1421            mov     _PWM_4,a
0599 F5D1      1422            mov     (_PWM_4 + 1),a
059B           1423   L011024?:
059B           1424   ;        C:\Users\jeffreyliou\Desktop\elec291\project2\autonomous v3.c:287: waitms(6);
059B 900006    1425            mov     dptr,#0x0006
059E 120100    1426            lcall   _waitms
05A1 020100    1427            ljmp    L011027?
05A4           1428            rseg R_CSEG
05A4           1429   
0000           1430            rseg R_XINIT
0000           1431   
0000           1432            rseg R_CONST
0000           1433   __str_0:
0000 1B        1434            db 0x1B
0001 5B324A    1435            db '[2J'
0004 00        1436            db 0x00
0005           1437   __str_1:
0005 0D        1438            db 0x0D
0006 0A        1439            db 0x0A
0007 5573696E  1440            db 'Using ADC with arbitrary pins.'
     67204144
     43207769
     74682061
     72626974
     72617279
     2070696E
     732E
0025 0D        1441            db 0x0D
0026 0A        1442            db 0x0A
0027 00        1443            db 0x00
0028           1444   
002E           1445            CSEG
002E           1446   
002E           1447   end
