0000              1   ; Blinky.asm: toggles an LED attached to pin 17 (P3.7)
                 -1   $MODLP52
0000              1   ;  MODLP52: Register definition for Atmel's AT89LP52
0000              2   ;
0000              3   ;   Copyright (C) 2011-2015  Jesus Calvino-Fraga, jesusc at ece.ubc.ca
0000              4   ;
0000              5   ;   This library is free software; you can redistribute it and/or
0000              6   ;   modify it under the terms of the GNU Lesser General Public
0000              7   ;   License as published by the Free Software Foundation; either
0000              8   ;   version 2.1 of the License, or (at your option) any later version.
0000              9   ;
0000             10   ;   This library is distributed in the hope that it will be useful,
0000             11   ;   but WITHOUT ANY WARRANTY; without even the implied warranty of
0000             12   ;   MERCHANTABILITY or FITNESS FOR A PARTICULAR PURPOSE.  See the GNU
0000             13   ;   Lesser General Public License for more details.
0000             14   ;
0000             15   ;   You should have received a copy of the GNU Lesser General Public
0000             16   ;   License along with this library; if not, write to the Free Software
0000             17   ;   Foundation, Inc., 59 Temple Place, Suite 330, Boston, MA  02111-1307 USA
0000             18   ;
0000             19   ;--------------------------------------------------------
0000             20   ; Special Function Registers
0000             21   ;--------------------------------------------------------
0000             22   P0             DATA 0x80
0000             23   P1             DATA 0x90
0000             24   P2             DATA 0xa0
0000             25   P3             DATA 0xb0
0000             26   P4             DATA 0xc0
0000             27   PMOD           DATA 0xc1
0000             28   PSW            DATA 0xd0
0000             29   ACC            DATA 0xe0
0000             30   B              DATA 0xf0
0000             31   SP             DATA 0x81
0000             32   DPL            DATA 0x82
0000             33   DPH            DATA 0x83
0000             34   DP0L           DATA 0x82
0000             35   DP0H           DATA 0x83
0000             36   DP1L           DATA 0x84
0000             37   DP1H           DATA 0x85
0000             38   AUXR           DATA 0x8e
0000             39   AUXR1          DATA 0xa2
0000             40   DPCF           DATA 0xa2
0000             41   TCON           DATA 0x88
0000             42   TMOD           DATA 0x89
0000             43   T2CON          DATA 0xc8
0000             44   T2MOD          DATA 0xc9
0000             45   TL0            DATA 0x8a
0000             46   TL1            DATA 0x8b
0000             47   TL2            DATA 0xcc
0000             48   TH0            DATA 0x8c
0000             49   TH1            DATA 0x8d
0000             50   TH2            DATA 0xcd
0000             51   TCONB          DATA 0x91
0000             52   RCAP2L         DATA 0xca
0000             53   RCAP2H         DATA 0xcb
0000             54   WDTRST         DATA 0xa6
0000             55   WDTCON         DATA 0xa7
0000             56   SCON           DATA 0x98
0000             57   SBUF           DATA 0x99
0000             58   SADEN          DATA 0xb9
0000             59   SADDR          DATA 0xa9
0000             60   IE             DATA 0xa8
0000             61   IP             DATA 0xb8
0000             62   IPH            DATA 0xb7
0000             63   PCON           DATA 0x87
0000             64   CLKREG         DATA 0x8f
0000             65   MEMCON         DATA 0x96
0000             66   ;--------------------------------------------------------
0000             67   ; special function bits
0000             68   ;--------------------------------------------------------
0000             69   SCK            BIT 0x97
0000             70   MISO           BIT 0x96
0000             71   MOSI           BIT 0x95
0000             72   T2EX           BIT 0x91
0000             73   T2             BIT 0x90
0000             74   RD             BIT 0xb7
0000             75   WR             BIT 0xb6
0000             76   T1             BIT 0xb5
0000             77   T0             BIT 0xb4
0000             78   INT1           BIT 0xb3
0000             79   INT0           BIT 0xb2
0000             80   TXD            BIT 0xb1
0000             81   RXD            BIT 0xb0
0000             82   XTAL2          BIT 0xc7
0000             83   XTAL1          BIT 0xc6
0000             84   PSEN           BIT 0xc5
0000             85   ALE            BIT 0xc4
0000             86   CY             BIT 0xd7
0000             87   AC             BIT 0xd6
0000             88   F0             BIT 0xd5
0000             89   RS1            BIT 0xd4
0000             90   RS0            BIT 0xd3
0000             91   OV             BIT 0xd2
0000             92   UD             BIT 0xd1
0000             93   P              BIT 0xd0
0000             94   TF1            BIT 0x8f
0000             95   TR1            BIT 0x8e
0000             96   TF0            BIT 0x8d
0000             97   TR0            BIT 0x8c
0000             98   IE1            BIT 0x8b
0000             99   IT1            BIT 0x8a
0000            100   IE0            BIT 0x89
0000            101   IT0            BIT 0x88
0000            102   TF2            BIT 0xcf
0000            103   EXF2           BIT 0xce
0000            104   RCLK           BIT 0xcd
0000            105   TCLK           BIT 0xcc
0000            106   EXEN2          BIT 0xcb
0000            107   TR2            BIT 0xca
0000            108   C_T2           BIT 0xc9
0000            109   CP_RL2         BIT 0xc8
0000            110   SM0            BIT 0x9f
0000            111   FE             BIT 0x9f
0000            112   SM1            BIT 0x9e
0000            113   SM2            BIT 0x9d
0000            114   REN            BIT 0x9c
0000            115   TB8            BIT 0x9b
0000            116   RB8            BIT 0x9a
0000            117   TI             BIT 0x99
0000            118   RI             BIT 0x98
0000            119   EA             BIT 0xaf
0000            120   ET2            BIT 0xad
0000            121   ES             BIT 0xac
0000            122   ET1            BIT 0xab
0000            123   EX1            BIT 0xaa
0000            124   ET0            BIT 0xa9
0000            125   EX0            BIT 0xa8
0000            126   PT2            BIT 0xbd
0000            127   PS             BIT 0xbc
0000            128   PT1            BIT 0xbb
0000            129   PX1            BIT 0xba
0000            130   PT0            BIT 0xb9
0000            131   PX0            BIT 0xb8
0000              3   org 0000H
0000 020010       4    ljmp myprogram
0003              5   ; When using a 22.1184MHz crystal in fast mode
0003              6   ; one cycle takes 1.0/22.1184MHz = 45.21123 ns
0003              7   WaitHalfSec:
0003 7A59         8    mov R2, #89
0005 79FA         9   L3: mov R1, #250
0007 78A6        10   L2: mov R0, #166
0009 D8FE        11   L1: djnz R0, L1 ; 3 cycles->3*45.21123ns*166=22.51519us
000B D9FA        12    djnz R1, L2 ; 22.51519us*250=5.629ms
000D DAF6        13    djnz R2, L3 ; 5.629ms*89=0.5s (approximately)
000F 22          14    ret
0010             15   
0010             16   myprogram:
0010 75817F      17    mov SP, #7FH
0013 75C100      18    mov PMOD, #0 ; Configure all ports in bidirectional mode
0016             19   M0:
0016 B2B7        20    cpl P3.7
0018 120003      21    lcall WaitHalfSec
001B 80F9        22    sjmp M0
001D             23   EN
