0000              1   ;--------------------------------------------------------
0000              2   ; File Created by C51
0000              3   ; Version 1.0.0 #1069 (Apr 23 2015) (MSVC)
0000              4   ; This file was generated Fri Feb 26 20:25:35 2016
0000              5   ;--------------------------------------------------------
                  5   $name FreqF38x
                  6   $optc51 --model-small
                  7   $printf_float
0000              9            R_DSEG    segment data
0000             10            R_CSEG    segment code
0000             11            R_BSEG    segment bit
0000             12            R_XSEG    segment xdata
0000             13            R_PSEG    segment xdata
0000             14            R_ISEG    segment idata
0000             15            R_OSEG    segment data overlay
0000             16            BIT_BANK  segment data overlay
0000             17            R_HOME    segment code
0000             18            R_GSINIT  segment code
0000             19            R_IXSEG   segment xdata
0000             20            R_CONST   segment code
0000             21            R_XINIT   segment code
0000             22            R_DINIT   segment code
0000             23   
0000             24   ;--------------------------------------------------------
0000             25   ; Public variables in this module
0000             26   ;--------------------------------------------------------
0000             27            public _main
0000             28            public _TIMER0_Init
0000             29            public _waitms
0000             30            public _Timer3us
0000             31            public _UART0_Init
0000             32            public _SYSCLK_Init
0000             33            public _PORT_Init
0000             34            public _overflow_count
0000             35   ;--------------------------------------------------------
0000             36   ; Special Function Registers
0000             37   ;--------------------------------------------------------
0000             38   _P0             DATA 0x80
0000             39   _SP             DATA 0x81
0000             40   _DPL            DATA 0x82
0000             41   _DPH            DATA 0x83
0000             42   _EMI0TC         DATA 0x84
0000             43   _EMI0CF         DATA 0x85
0000             44   _OSCLCN         DATA 0x86
0000             45   _PCON           DATA 0x87
0000             46   _TCON           DATA 0x88
0000             47   _TMOD           DATA 0x89
0000             48   _TL0            DATA 0x8a
0000             49   _TL1            DATA 0x8b
0000             50   _TH0            DATA 0x8c
0000             51   _TH1            DATA 0x8d
0000             52   _CKCON          DATA 0x8e
0000             53   _PSCTL          DATA 0x8f
0000             54   _P1             DATA 0x90
0000             55   _TMR3CN         DATA 0x91
0000             56   _TMR4CN         DATA 0x91
0000             57   _TMR3RLL        DATA 0x92
0000             58   _TMR4RLL        DATA 0x92
0000             59   _TMR3RLH        DATA 0x93
0000             60   _TMR4RLH        DATA 0x93
0000             61   _TMR3L          DATA 0x94
0000             62   _TMR4L          DATA 0x94
0000             63   _TMR3H          DATA 0x95
0000             64   _TMR4H          DATA 0x95
0000             65   _USB0ADR        DATA 0x96
0000             66   _USB0DAT        DATA 0x97
0000             67   _SCON           DATA 0x98
0000             68   _SCON0          DATA 0x98
0000             69   _SBUF           DATA 0x99
0000             70   _SBUF0          DATA 0x99
0000             71   _CPT1CN         DATA 0x9a
0000             72   _CPT0CN         DATA 0x9b
0000             73   _CPT1MD         DATA 0x9c
0000             74   _CPT0MD         DATA 0x9d
0000             75   _CPT1MX         DATA 0x9e
0000             76   _CPT0MX         DATA 0x9f
0000             77   _P2             DATA 0xa0
0000             78   _SPI0CFG        DATA 0xa1
0000             79   _SPI0CKR        DATA 0xa2
0000             80   _SPI0DAT        DATA 0xa3
0000             81   _P0MDOUT        DATA 0xa4
0000             82   _P1MDOUT        DATA 0xa5
0000             83   _P2MDOUT        DATA 0xa6
0000             84   _P3MDOUT        DATA 0xa7
0000             85   _IE             DATA 0xa8
0000             86   _CLKSEL         DATA 0xa9
0000             87   _EMI0CN         DATA 0xaa
0000             88   __XPAGE         DATA 0xaa
0000             89   _SBCON1         DATA 0xac
0000             90   _P4MDOUT        DATA 0xae
0000             91   _PFE0CN         DATA 0xaf
0000             92   _P3             DATA 0xb0
0000             93   _OSCXCN         DATA 0xb1
0000             94   _OSCICN         DATA 0xb2
0000             95   _OSCICL         DATA 0xb3
0000             96   _SBRLL1         DATA 0xb4
0000             97   _SBRLH1         DATA 0xb5
0000             98   _FLSCL          DATA 0xb6
0000             99   _FLKEY          DATA 0xb7
0000            100   _IP             DATA 0xb8
0000            101   _CLKMUL         DATA 0xb9
0000            102   _SMBTC          DATA 0xb9
0000            103   _AMX0N          DATA 0xba
0000            104   _AMX0P          DATA 0xbb
0000            105   _ADC0CF         DATA 0xbc
0000            106   _ADC0L          DATA 0xbd
0000            107   _ADC0H          DATA 0xbe
0000            108   _SFRPAGE        DATA 0xbf
0000            109   _SMB0CN         DATA 0xc0
0000            110   _SMB1CN         DATA 0xc0
0000            111   _SMB0CF         DATA 0xc1
0000            112   _SMB1CF         DATA 0xc1
0000            113   _SMB0DAT        DATA 0xc2
0000            114   _SMB1DAT        DATA 0xc2
0000            115   _ADC0GTL        DATA 0xc3
0000            116   _ADC0GTH        DATA 0xc4
0000            117   _ADC0LTL        DATA 0xc5
0000            118   _ADC0LTH        DATA 0xc6
0000            119   _P4             DATA 0xc7
0000            120   _TMR2CN         DATA 0xc8
0000            121   _TMR5CN         DATA 0xc8
0000            122   _REG01CN        DATA 0xc9
0000            123   _TMR2RLL        DATA 0xca
0000            124   _TMR5RLL        DATA 0xca
0000            125   _TMR2RLH        DATA 0xcb
0000            126   _TMR5RLH        DATA 0xcb
0000            127   _TMR2L          DATA 0xcc
0000            128   _TMR5L          DATA 0xcc
0000            129   _TMR2H          DATA 0xcd
0000            130   _TMR5H          DATA 0xcd
0000            131   _SMB0ADM        DATA 0xce
0000            132   _SMB1ADM        DATA 0xce
0000            133   _SMB0ADR        DATA 0xcf
0000            134   _SMB1ADR        DATA 0xcf
0000            135   _PSW            DATA 0xd0
0000            136   _REF0CN         DATA 0xd1
0000            137   _SCON1          DATA 0xd2
0000            138   _SBUF1          DATA 0xd3
0000            139   _P0SKIP         DATA 0xd4
0000            140   _P1SKIP         DATA 0xd5
0000            141   _P2SKIP         DATA 0xd6
0000            142   _USB0XCN        DATA 0xd7
0000            143   _PCA0CN         DATA 0xd8
0000            144   _PCA0MD         DATA 0xd9
0000            145   _PCA0CPM0       DATA 0xda
0000            146   _PCA0CPM1       DATA 0xdb
0000            147   _PCA0CPM2       DATA 0xdc
0000            148   _PCA0CPM3       DATA 0xdd
0000            149   _PCA0CPM4       DATA 0xde
0000            150   _P3SKIP         DATA 0xdf
0000            151   _ACC            DATA 0xe0
0000            152   _XBR0           DATA 0xe1
0000            153   _XBR1           DATA 0xe2
0000            154   _XBR2           DATA 0xe3
0000            155   _IT01CF         DATA 0xe4
0000            156   _CKCON1         DATA 0xe4
0000            157   _SMOD1          DATA 0xe5
0000            158   _EIE1           DATA 0xe6
0000            159   _EIE2           DATA 0xe7
0000            160   _ADC0CN         DATA 0xe8
0000            161   _PCA0CPL1       DATA 0xe9
0000            162   _PCA0CPH1       DATA 0xea
0000            163   _PCA0CPL2       DATA 0xeb
0000            164   _PCA0CPH2       DATA 0xec
0000            165   _PCA0CPL3       DATA 0xed
0000            166   _PCA0CPH3       DATA 0xee
0000            167   _RSTSRC         DATA 0xef
0000            168   _B              DATA 0xf0
0000            169   _P0MDIN         DATA 0xf1
0000            170   _P1MDIN         DATA 0xf2
0000            171   _P2MDIN         DATA 0xf3
0000            172   _P3MDIN         DATA 0xf4
0000            173   _P4MDIN         DATA 0xf5
0000            174   _EIP1           DATA 0xf6
0000            175   _EIP2           DATA 0xf7
0000            176   _SPI0CN         DATA 0xf8
0000            177   _PCA0L          DATA 0xf9
0000            178   _PCA0H          DATA 0xfa
0000            179   _PCA0CPL0       DATA 0xfb
0000            180   _PCA0CPH0       DATA 0xfc
0000            181   _PCA0CPL4       DATA 0xfd
0000            182   _PCA0CPH4       DATA 0xfe
0000            183   _VDM0CN         DATA 0xff
0000            184   _DPTR           DATA 0x8382
0000            185   _TMR2RL         DATA 0xcbca
0000            186   _TMR3RL         DATA 0x9392
0000            187   _TMR4RL         DATA 0x9392
0000            188   _TMR5RL         DATA 0xcbca
0000            189   _TMR2           DATA 0xcdcc
0000            190   _TMR3           DATA 0x9594
0000            191   _TMR4           DATA 0x9594
0000            192   _TMR5           DATA 0xcdcc
0000            193   _SBRL1          DATA 0xb5b4
0000            194   _ADC0           DATA 0xbebd
0000            195   _ADC0GT         DATA 0xc4c3
0000            196   _ADC0LT         DATA 0xc6c5
0000            197   _PCA0           DATA 0xfaf9
0000            198   _PCA0CP1        DATA 0xeae9
0000            199   _PCA0CP2        DATA 0xeceb
0000            200   _PCA0CP3        DATA 0xeeed
0000            201   _PCA0CP0        DATA 0xfcfb
0000            202   _PCA0CP4        DATA 0xfefd
0000            203   ;--------------------------------------------------------
0000            204   ; special function bits
0000            205   ;--------------------------------------------------------
0000            206   _P0_0           BIT 0x80
0000            207   _P0_1           BIT 0x81
0000            208   _P0_2           BIT 0x82
0000            209   _P0_3           BIT 0x83
0000            210   _P0_4           BIT 0x84
0000            211   _P0_5           BIT 0x85
0000            212   _P0_6           BIT 0x86
0000            213   _P0_7           BIT 0x87
0000            214   _TF1            BIT 0x8f
0000            215   _TR1            BIT 0x8e
0000            216   _TF0            BIT 0x8d
0000            217   _TR0            BIT 0x8c
0000            218   _IE1            BIT 0x8b
0000            219   _IT1            BIT 0x8a
0000            220   _IE0            BIT 0x89
0000            221   _IT0            BIT 0x88
0000            222   _P1_0           BIT 0x90
0000            223   _P1_1           BIT 0x91
0000            224   _P1_2           BIT 0x92
0000            225   _P1_3           BIT 0x93
0000            226   _P1_4           BIT 0x94
0000            227   _P1_5           BIT 0x95
0000            228   _P1_6           BIT 0x96
0000            229   _P1_7           BIT 0x97
0000            230   _S0MODE         BIT 0x9f
0000            231   _SCON0_6        BIT 0x9e
0000            232   _MCE0           BIT 0x9d
0000            233   _REN0           BIT 0x9c
0000            234   _TB80           BIT 0x9b
0000            235   _RB80           BIT 0x9a
0000            236   _TI0            BIT 0x99
0000            237   _RI0            BIT 0x98
0000            238   _SCON_6         BIT 0x9e
0000            239   _MCE            BIT 0x9d
0000            240   _REN            BIT 0x9c
0000            241   _TB8            BIT 0x9b
0000            242   _RB8            BIT 0x9a
0000            243   _TI             BIT 0x99
0000            244   _RI             BIT 0x98
0000            245   _P2_0           BIT 0xa0
0000            246   _P2_1           BIT 0xa1
0000            247   _P2_2           BIT 0xa2
0000            248   _P2_3           BIT 0xa3
0000            249   _P2_4           BIT 0xa4
0000            250   _P2_5           BIT 0xa5
0000            251   _P2_6           BIT 0xa6
0000            252   _P2_7           BIT 0xa7
0000            253   _EA             BIT 0xaf
0000            254   _ESPI0          BIT 0xae
0000            255   _ET2            BIT 0xad
0000            256   _ES0            BIT 0xac
0000            257   _ET1            BIT 0xab
0000            258   _EX1            BIT 0xaa
0000            259   _ET0            BIT 0xa9
0000            260   _EX0            BIT 0xa8
0000            261   _P3_0           BIT 0xb0
0000            262   _P3_1           BIT 0xb1
0000            263   _P3_2           BIT 0xb2
0000            264   _P3_3           BIT 0xb3
0000            265   _P3_4           BIT 0xb4
0000            266   _P3_5           BIT 0xb5
0000            267   _P3_6           BIT 0xb6
0000            268   _P3_7           BIT 0xb7
0000            269   _IP_7           BIT 0xbf
0000            270   _PSPI0          BIT 0xbe
0000            271   _PT2            BIT 0xbd
0000            272   _PS0            BIT 0xbc
0000            273   _PT1            BIT 0xbb
0000            274   _PX1            BIT 0xba
0000            275   _PT0            BIT 0xb9
0000            276   _PX0            BIT 0xb8
0000            277   _MASTER0        BIT 0xc7
0000            278   _TXMODE0        BIT 0xc6
0000            279   _STA0           BIT 0xc5
0000            280   _STO0           BIT 0xc4
0000            281   _ACKRQ0         BIT 0xc3
0000            282   _ARBLOST0       BIT 0xc2
0000            283   _ACK0           BIT 0xc1
0000            284   _SI0            BIT 0xc0
0000            285   _MASTER1        BIT 0xc7
0000            286   _TXMODE1        BIT 0xc6
0000            287   _STA1           BIT 0xc5
0000            288   _STO1           BIT 0xc4
0000            289   _ACKRQ1         BIT 0xc3
0000            290   _ARBLOST1       BIT 0xc2
0000            291   _ACK1           BIT 0xc1
0000            292   _SI1            BIT 0xc0
0000            293   _TF2            BIT 0xcf
0000            294   _TF2H           BIT 0xcf
0000            295   _TF2L           BIT 0xce
0000            296   _TF2LEN         BIT 0xcd
0000            297   _TF2CEN         BIT 0xcc
0000            298   _T2SPLIT        BIT 0xcb
0000            299   _TR2            BIT 0xca
0000            300   _T2CSS          BIT 0xc9
0000            301   _T2XCLK         BIT 0xc8
0000            302   _TF5H           BIT 0xcf
0000            303   _TF5L           BIT 0xce
0000            304   _TF5LEN         BIT 0xcd
0000            305   _TMR5CN_4       BIT 0xcc
0000            306   _T5SPLIT        BIT 0xcb
0000            307   _TR5            BIT 0xca
0000            308   _TMR5CN_1       BIT 0xc9
0000            309   _T5XCLK         BIT 0xc8
0000            310   _CY             BIT 0xd7
0000            311   _AC             BIT 0xd6
0000            312   _F0             BIT 0xd5
0000            313   _RS1            BIT 0xd4
0000            314   _RS0            BIT 0xd3
0000            315   _OV             BIT 0xd2
0000            316   _F1             BIT 0xd1
0000            317   _PARITY         BIT 0xd0
0000            318   _CF             BIT 0xdf
0000            319   _CR             BIT 0xde
0000            320   _PCA0CN_5       BIT 0xde
0000            321   _CCF4           BIT 0xdc
0000            322   _CCF3           BIT 0xdb
0000            323   _CCF2           BIT 0xda
0000            324   _CCF1           BIT 0xd9
0000            325   _CCF0           BIT 0xd8
0000            326   _ACC_7          BIT 0xe7
0000            327   _ACC_6          BIT 0xe6
0000            328   _ACC_5          BIT 0xe5
0000            329   _ACC_4          BIT 0xe4
0000            330   _ACC_3          BIT 0xe3
0000            331   _ACC_2          BIT 0xe2
0000            332   _ACC_1          BIT 0xe1
0000            333   _ACC_0          BIT 0xe0
0000            334   _AD0EN          BIT 0xef
0000            335   _AD0TM          BIT 0xee
0000            336   _AD0INT         BIT 0xed
0000            337   _AD0BUSY        BIT 0xec
0000            338   _AD0WINT        BIT 0xeb
0000            339   _AD0CM2         BIT 0xea
0000            340   _AD0CM1         BIT 0xe9
0000            341   _AD0CM0         BIT 0xe8
0000            342   _B_7            BIT 0xf7
0000            343   _B_6            BIT 0xf6
0000            344   _B_5            BIT 0xf5
0000            345   _B_4            BIT 0xf4
0000            346   _B_3            BIT 0xf3
0000            347   _B_2            BIT 0xf2
0000            348   _B_1            BIT 0xf1
0000            349   _B_0            BIT 0xf0
0000            350   _SPIF           BIT 0xff
0000            351   _WCOL           BIT 0xfe
0000            352   _MODF           BIT 0xfd
0000            353   _RXOVRN         BIT 0xfc
0000            354   _NSSMD1         BIT 0xfb
0000            355   _NSSMD0         BIT 0xfa
0000            356   _TXBMT          BIT 0xf9
0000            357   _SPIEN          BIT 0xf8
0000            358   ;--------------------------------------------------------
0000            359   ; overlayable register banks
0000            360   ;--------------------------------------------------------
0000            361            rbank0 segment data overlay
0000            362   ;--------------------------------------------------------
0000            363   ; internal ram data
0000            364   ;--------------------------------------------------------
0000            365            rseg R_DSEG
0000            366   _overflow_count:
0000            367            ds 1
0001            368   ;--------------------------------------------------------
0001            369   ; overlayable items in internal ram 
0001            370   ;--------------------------------------------------------
0000            371            rseg    R_OSEG
0000            372   ;--------------------------------------------------------
0000            373   ; indirectly addressable internal ram data
0000            374   ;--------------------------------------------------------
0000            375            rseg R_ISEG
0000            376   ;--------------------------------------------------------
0000            377   ; absolute internal ram data
0000            378   ;--------------------------------------------------------
0000            379            DSEG
0000            380   ;--------------------------------------------------------
0000            381   ; bit data
0000            382   ;--------------------------------------------------------
0000            383            rseg R_BSEG
0000            384   ;--------------------------------------------------------
0000            385   ; paged external ram data
0000            386   ;--------------------------------------------------------
0000            387            rseg R_PSEG
0000            388   ;--------------------------------------------------------
0000            389   ; external ram data
0000            390   ;--------------------------------------------------------
0000            391            rseg R_XSEG
0000            392   ;--------------------------------------------------------
0000            393   ; absolute external ram data
0000            394   ;--------------------------------------------------------
0000            395            XSEG
0000            396   ;--------------------------------------------------------
0000            397   ; external initialized ram data
0000            398   ;--------------------------------------------------------
0000            399            rseg R_IXSEG
0000            400            rseg R_HOME
0000            401            rseg R_GSINIT
0000            402            rseg R_CSEG
0000            403   ;--------------------------------------------------------
0000            404   ; Reset entry point and interrupt vectors
0000            405   ;--------------------------------------------------------
0000            406            CSEG at 0x0000
0000 020100     407            ljmp    _crt0
0003            408   ;--------------------------------------------------------
0003            409   ; global & static initialisations
0003            410   ;--------------------------------------------------------
0000            411            rseg R_HOME
0000            412            rseg R_GSINIT
0000            413            rseg R_GSINIT
0000            414   ;--------------------------------------------------------
0000            415   ; data variables initialization
0000            416   ;--------------------------------------------------------
0000            417            rseg R_DINIT
0000            418            ; The linker places a 'ret' at the end of segment R_DINIT.
0000            419   ;--------------------------------------------------------
0000            420   ; code
0000            421   ;--------------------------------------------------------
0000            422            rseg R_CSEG
0000            423   ;------------------------------------------------------------
0000            424   ;Allocation info for local variables in function 'PORT_Init'
0000            425   ;------------------------------------------------------------
0000            426   ;------------------------------------------------------------
0000            427   ;        C:\Users\jeffreyliou\Desktop\elec291\lab4\FreqF38x.c:17: void PORT_Init (void)
0000            428   ;        -----------------------------------------
0000            429   ;         function PORT_Init
0000            430   ;        -----------------------------------------
0000            431   _PORT_Init:
0000            432            using   0
0000            433   ;        C:\Users\jeffreyliou\Desktop\elec291\lab4\FreqF38x.c:19: P0MDOUT |= 0x10; // Enable UART TX as push-pull output
0000 43A410     434            orl     _P0MDOUT,#0x10
0003            435   ;        C:\Users\jeffreyliou\Desktop\elec291\lab4\FreqF38x.c:20: XBR0=0b_0000_0001; // Enable UART on P0.4(TX) and P0.5(RX)                    
0003 75E101     436            mov     _XBR0,#0x01
0006            437   ;        C:\Users\jeffreyliou\Desktop\elec291\lab4\FreqF38x.c:21: XBR1=0b_0101_0000; // Enable crossbar.  Enable T0 input.
0006 75E250     438            mov     _XBR1,#0x50
0009            439   ;        C:\Users\jeffreyliou\Desktop\elec291\lab4\FreqF38x.c:22: XBR2=0b_0000_0000;
0009 75E300     440            mov     _XBR2,#0x00
000C 22         441            ret
000D            442   ;------------------------------------------------------------
000D            443   ;Allocation info for local variables in function 'SYSCLK_Init'
000D            444   ;------------------------------------------------------------
000D            445   ;------------------------------------------------------------
000D            446   ;        C:\Users\jeffreyliou\Desktop\elec291\lab4\FreqF38x.c:25: void SYSCLK_Init (void)
000D            447   ;        -----------------------------------------
000D            448   ;         function SYSCLK_Init
000D            449   ;        -----------------------------------------
000D            450   _SYSCLK_Init:
000D            451   ;        C:\Users\jeffreyliou\Desktop\elec291\lab4\FreqF38x.c:33: CLKSEL|=0b_0000_0011; // SYSCLK derived from the Internal High-Frequency Oscillator / 1.
000D 43A903     452            orl     _CLKSEL,#0x03
0010            453   ;        C:\Users\jeffreyliou\Desktop\elec291\lab4\FreqF38x.c:37: OSCICN |= 0x03;   // Configure internal oscillator for its maximum frequency
0010 43B203     454            orl     _OSCICN,#0x03
0013            455   ;        C:\Users\jeffreyliou\Desktop\elec291\lab4\FreqF38x.c:38: RSTSRC  = 0x04;   // Enable missing clock detector
0013 75EF04     456            mov     _RSTSRC,#0x04
0016 22         457            ret
0017            458   ;------------------------------------------------------------
0017            459   ;Allocation info for local variables in function 'UART0_Init'
0017            460   ;------------------------------------------------------------
0017            461   ;------------------------------------------------------------
0017            462   ;        C:\Users\jeffreyliou\Desktop\elec291\lab4\FreqF38x.c:41: void UART0_Init (void)
0017            463   ;        -----------------------------------------
0017            464   ;         function UART0_Init
0017            465   ;        -----------------------------------------
0017            466   _UART0_Init:
0017            467   ;        C:\Users\jeffreyliou\Desktop\elec291\lab4\FreqF38x.c:43: SCON0 = 0x10;
0017 759810     468            mov     _SCON0,#0x10
001A            469   ;        C:\Users\jeffreyliou\Desktop\elec291\lab4\FreqF38x.c:46: TH1 = 0x10000-((SYSCLK/BAUDRATE)/2L);
001A 758D30     470            mov     _TH1,#0x30
001D            471   ;        C:\Users\jeffreyliou\Desktop\elec291\lab4\FreqF38x.c:47: CKCON &= ~0x0B;                  // T1M = 1; SCA1:0 = xx
001D 538EF4     472            anl     _CKCON,#0xF4
0020            473   ;        C:\Users\jeffreyliou\Desktop\elec291\lab4\FreqF38x.c:48: CKCON |=  0x08;
0020 438E08     474            orl     _CKCON,#0x08
0023            475   ;        C:\Users\jeffreyliou\Desktop\elec291\lab4\FreqF38x.c:61: TL1 = TH1;      // Init Timer1
0023 858D8B     476            mov     _TL1,_TH1
0026            477   ;        C:\Users\jeffreyliou\Desktop\elec291\lab4\FreqF38x.c:62: TMOD &= ~0xf0;  // TMOD: timer 1 in 8-bit autoreload
0026 53890F     478            anl     _TMOD,#0x0F
0029            479   ;        C:\Users\jeffreyliou\Desktop\elec291\lab4\FreqF38x.c:63: TMOD |=  0x20;                       
0029 438920     480            orl     _TMOD,#0x20
002C            481   ;        C:\Users\jeffreyliou\Desktop\elec291\lab4\FreqF38x.c:64: TR1 = 1; // START Timer1
002C D28E       482            setb    _TR1
002E            483   ;        C:\Users\jeffreyliou\Desktop\elec291\lab4\FreqF38x.c:65: TI = 1;  // Indicate TX0 ready
002E D299       484            setb    _TI
0030 22         485            ret
0031            486   ;------------------------------------------------------------
0031            487   ;Allocation info for local variables in function 'Timer3us'
0031            488   ;------------------------------------------------------------
0031            489   ;us                        Allocated to registers r2 
0031            490   ;i                         Allocated to registers r3 
0031            491   ;------------------------------------------------------------
0031            492   ;        C:\Users\jeffreyliou\Desktop\elec291\lab4\FreqF38x.c:69: void Timer3us(unsigned char us)
0031            493   ;        -----------------------------------------
0031            494   ;         function Timer3us
0031            495   ;        -----------------------------------------
0031            496   _Timer3us:
0031 AA82       497            mov     r2,dpl
0033            498   ;        C:\Users\jeffreyliou\Desktop\elec291\lab4\FreqF38x.c:74: CKCON|=0b_0100_0000;
0033 438E40     499            orl     _CKCON,#0x40
0036            500   ;        C:\Users\jeffreyliou\Desktop\elec291\lab4\FreqF38x.c:76: TMR3RL = (-(SYSCLK)/1000000L); // Set Timer3 to overflow in 1us.
0036 7592D0     501            mov     _TMR3RL,#0xD0
0039 7593FF     502            mov     (_TMR3RL >> 8),#0xFF
003C            503   ;        C:\Users\jeffreyliou\Desktop\elec291\lab4\FreqF38x.c:77: TMR3 = TMR3RL;                 // Initialize Timer3 for first overflow
003C 859294     504            mov     _TMR3,_TMR3RL
003F 859395     505            mov     (_TMR3 >> 8),(_TMR3RL >> 8)
0042            506   ;        C:\Users\jeffreyliou\Desktop\elec291\lab4\FreqF38x.c:79: TMR3CN = 0x04;                 // Sart Timer3 and clear overflow flag
0042 759104     507            mov     _TMR3CN,#0x04
0045            508   ;        C:\Users\jeffreyliou\Desktop\elec291\lab4\FreqF38x.c:80: for (i = 0; i < us; i++)       // Count <us> overflows
0045 7B00       509            mov     r3,#0x00
0047            510   L005006?:
0047 C3         511            clr     c
0048 EB         512            mov     a,r3
0049 9A         513            subb    a,r2
004A 5001       514            jnc     L005009?
004C            515   ;        C:\Users\jeffreyliou\Desktop\elec291\lab4\FreqF38x.c:82: while (!(TMR3CN & 0x80));  // Wait for overflow
004C            516   L005001?:
004C E591       517            mov     a,_TMR3CN
004E 30E700     518            jnb     acc.7,L005001?
0051            519   ;        C:\Users\jeffreyliou\Desktop\elec291\lab4\FreqF38x.c:83: TMR3CN &= ~(0x80);         // Clear overflow indicator
0051 53917F     520            anl     _TMR3CN,#0x7F
0054            521   ;        C:\Users\jeffreyliou\Desktop\elec291\lab4\FreqF38x.c:85: if (TF0==1)
0054            522   ;        C:\Users\jeffreyliou\Desktop\elec291\lab4\FreqF38x.c:87: TF0=0;
0054 108D80     523            jbc     _TF0,L005019?
0057 8001       524            sjmp    L005008?
0059            525   L005019?:
0059            526   ;        C:\Users\jeffreyliou\Desktop\elec291\lab4\FreqF38x.c:88: overflow_count++;
0059 0520       527            inc     _overflow_count
005B            528   L005008?:
005B            529   ;        C:\Users\jeffreyliou\Desktop\elec291\lab4\FreqF38x.c:80: for (i = 0; i < us; i++)       // Count <us> overflows
005B 0B         530            inc     r3
005C 8001       531            sjmp    L005006?
005E            532   L005009?:
005E            533   ;        C:\Users\jeffreyliou\Desktop\elec291\lab4\FreqF38x.c:91: TMR3CN = 0 ;                   // Stop Timer3 and clear overflow flag
005E 759100     534            mov     _TMR3CN,#0x00
0061 22         535            ret
0062            536   ;------------------------------------------------------------
0062            537   ;Allocation info for local variables in function 'waitms'
0062            538   ;------------------------------------------------------------
0062            539   ;ms                        Allocated to registers r2 r3 
0062            540   ;j                         Allocated to registers r2 r3 
0062            541   ;------------------------------------------------------------
0062            542   ;        C:\Users\jeffreyliou\Desktop\elec291\lab4\FreqF38x.c:94: void waitms (unsigned int ms)
0062            543   ;        -----------------------------------------
0062            544   ;         function waitms
0062            545   ;        -----------------------------------------
0062            546   _waitms:
0062 AA82       547            mov     r2,dpl
0064 AB83       548            mov     r3,dph
0066            549   ;        C:\Users\jeffreyliou\Desktop\elec291\lab4\FreqF38x.c:97: for(j=ms; j!=0; j--)
0066            550   L006001?:
0066 BA0080     551            cjne    r2,#0x00,L006010?
0069 BB0080     552            cjne    r3,#0x00,L006010?
006C 22         553            ret
006D            554   L006010?:
006D            555   ;        C:\Users\jeffreyliou\Desktop\elec291\lab4\FreqF38x.c:99: Timer3us(249);
006D 7582F9     556            mov     dpl,#0xF9
0070 C002       557            push    ar2
0072 C003       558            push    ar3
0074 120100     559            lcall   _Timer3us
0077            560   ;        C:\Users\jeffreyliou\Desktop\elec291\lab4\FreqF38x.c:100: Timer3us(249);
0077 7582F9     561            mov     dpl,#0xF9
007A 120100     562            lcall   _Timer3us
007D            563   ;        C:\Users\jeffreyliou\Desktop\elec291\lab4\FreqF38x.c:101: Timer3us(249);
007D 7582F9     564            mov     dpl,#0xF9
0080 120100     565            lcall   _Timer3us
0083            566   ;        C:\Users\jeffreyliou\Desktop\elec291\lab4\FreqF38x.c:102: Timer3us(250);
0083 7582FA     567            mov     dpl,#0xFA
0086 120100     568            lcall   _Timer3us
0089 D003       569            pop     ar3
008B D002       570            pop     ar2
008D            571   ;        C:\Users\jeffreyliou\Desktop\elec291\lab4\FreqF38x.c:97: for(j=ms; j!=0; j--)
008D 1A         572            dec     r2
008E BAFFC0     573            cjne    r2,#0xff,L006011?
0091 1B         574            dec     r3
0092            575   L006011?:
0092 8001       576            sjmp    L006001?
0094            577   ;------------------------------------------------------------
0094            578   ;Allocation info for local variables in function 'TIMER0_Init'
0094            579   ;------------------------------------------------------------
0094            580   ;------------------------------------------------------------
0094            581   ;        C:\Users\jeffreyliou\Desktop\elec291\lab4\FreqF38x.c:106: void TIMER0_Init(void)
0094            582   ;        -----------------------------------------
0094            583   ;         function TIMER0_Init
0094            584   ;        -----------------------------------------
0094            585   _TIMER0_Init:
0094            586   ;        C:\Users\jeffreyliou\Desktop\elec291\lab4\FreqF38x.c:108: TMOD&=0b_1111_0000; // Set the bits of Timer/Counter 0 to zero
0094 5389F0     587            anl     _TMOD,#0xF0
0097            588   ;        C:\Users\jeffreyliou\Desktop\elec291\lab4\FreqF38x.c:109: TMOD|=0b_0000_0101; // Timer/Counter 0 used as a 16-bit counter
0097 438905     589            orl     _TMOD,#0x05
009A            590   ;        C:\Users\jeffreyliou\Desktop\elec291\lab4\FreqF38x.c:110: TR0=0; // Stop Timer/Counter 0
009A C28C       591            clr     _TR0
009C 22         592            ret
009D            593   ;------------------------------------------------------------
009D            594   ;Allocation info for local variables in function 'main'
009D            595   ;------------------------------------------------------------
009D            596   ;F                         Allocated to registers r2 r3 r4 r5 
009D            597   ;C                         Allocated to registers r6 r7 r0 r1 
009D            598   ;------------------------------------------------------------
009D            599   ;        C:\Users\jeffreyliou\Desktop\elec291\lab4\FreqF38x.c:113: void main (void) 
009D            600   ;        -----------------------------------------
009D            601   ;         function main
009D            602   ;        -----------------------------------------
009D            603   _main:
009D            604   ;        C:\Users\jeffreyliou\Desktop\elec291\lab4\FreqF38x.c:118: PCA0MD &= ~0x40; // WDTE = 0 (clear watchdog timer enable)
009D 53D9BF     605            anl     _PCA0MD,#0xBF
00A0            606   ;        C:\Users\jeffreyliou\Desktop\elec291\lab4\FreqF38x.c:119: PORT_Init();     // Initialize Port I/O
00A0 120100     607            lcall   _PORT_Init
00A3            608   ;        C:\Users\jeffreyliou\Desktop\elec291\lab4\FreqF38x.c:120: SYSCLK_Init ();  // Initialize Oscillator
00A3 120100     609            lcall   _SYSCLK_Init
00A6            610   ;        C:\Users\jeffreyliou\Desktop\elec291\lab4\FreqF38x.c:121: UART0_Init();    // Initialize UART0
00A6 120100     611            lcall   _UART0_Init
00A9            612   ;        C:\Users\jeffreyliou\Desktop\elec291\lab4\FreqF38x.c:122: TIMER0_Init();
00A9 120100     613            lcall   _TIMER0_Init
00AC            614   ;        C:\Users\jeffreyliou\Desktop\elec291\lab4\FreqF38x.c:124: printf("\x1b[2J"); // Clear screen using ANSI escape sequence.
00AC 7400       615            mov     a,#__str_0
00AE C0E0       616            push    acc
00B0 7493       617            mov     a,#(__str_0 >> 8)
00B2 C0E0       618            push    acc
00B4 7480       619            mov     a,#0x80
00B6 C0E0       620            push    acc
00B8 120100     621            lcall   _printf
00BB 1581       622            dec     sp
00BD 1581       623            dec     sp
00BF 1581       624            dec     sp
00C1            625   ;        C:\Users\jeffreyliou\Desktop\elec291\lab4\FreqF38x.c:129: __FILE__, __DATE__, __TIME__);
00C1            626   ;        C:\Users\jeffreyliou\Desktop\elec291\lab4\FreqF38x.c:128: "Compiled: %s, %s\n\n",
00C1 74C0       627            mov     a,#__str_4
00C3 C0E0       628            push    acc
00C5 7493       629            mov     a,#(__str_4 >> 8)
00C7 C0E0       630            push    acc
00C9 7480       631            mov     a,#0x80
00CB C0E0       632            push    acc
00CD 7400       633            mov     a,#__str_3
00CF C0E0       634            push    acc
00D1 7494       635            mov     a,#(__str_3 >> 8)
00D3 C0E0       636            push    acc
00D5 7480       637            mov     a,#0x80
00D7 C0E0       638            push    acc
00D9 7440       639            mov     a,#__str_2
00DB C0E0       640            push    acc
00DD 7494       641            mov     a,#(__str_2 >> 8)
00DF C0E0       642            push    acc
00E1 7480       643            mov     a,#0x80
00E3 C0E0       644            push    acc
00E5 7480       645            mov     a,#__str_1
00E7 C0E0       646            push    acc
00E9 7494       647            mov     a,#(__str_1 >> 8)
00EB C0E0       648            push    acc
00ED 7480       649            mov     a,#0x80
00EF C0E0       650            push    acc
00F1 120100     651            lcall   _printf
00F4 E581       652            mov     a,sp
00F6 24F4       653            add     a,#0xf4
00F8 F581       654            mov     sp,a
00FA            655   ;        C:\Users\jeffreyliou\Desktop\elec291\lab4\FreqF38x.c:131: while(1)
00FA            656   L008002?:
00FA            657   ;        C:\Users\jeffreyliou\Desktop\elec291\lab4\FreqF38x.c:133: TL0=0;
00FA 758A00     658            mov     _TL0,#0x00
00FD            659   ;        C:\Users\jeffreyliou\Desktop\elec291\lab4\FreqF38x.c:134: TH0=0;
00FD 758C00     660            mov     _TH0,#0x00
0100            661   ;        C:\Users\jeffreyliou\Desktop\elec291\lab4\FreqF38x.c:135: overflow_count=0;
0100 752000     662            mov     _overflow_count,#0x00
0103            663   ;        C:\Users\jeffreyliou\Desktop\elec291\lab4\FreqF38x.c:136: TF0=0;
0103 C28D       664            clr     _TF0
0105            665   ;        C:\Users\jeffreyliou\Desktop\elec291\lab4\FreqF38x.c:137: TR0=1; // Start Timer/Counter 0
0105 D28C       666            setb    _TR0
0107            667   ;        C:\Users\jeffreyliou\Desktop\elec291\lab4\FreqF38x.c:138: waitms(1000);
0107 9003E8     668            mov     dptr,#0x03E8
010A 120100     669            lcall   _waitms
010D            670   ;        C:\Users\jeffreyliou\Desktop\elec291\lab4\FreqF38x.c:139: TR0=0; // Stop Timer/Counter 0
010D C28C       671            clr     _TR0
010F            672   ;        C:\Users\jeffreyliou\Desktop\elec291\lab4\FreqF38x.c:140: F=overflow_count*0x10000L+TH0*0x100L+TL0;
010F AA20       673            mov     r2,_overflow_count
0111 7B00       674            mov     r3,#0x00
0113 8B05       675            mov     ar5,r3
0115 8A04       676            mov     ar4,r2
0117 7B00       677            mov     r3,#0x00
0119 7A00       678            mov     r2,#0x00
011B AE8C       679            mov     r6,_TH0
011D 7F00       680            mov     r7,#0x00
011F 7800       681            mov     r0,#0x00
0121 8801       682            mov     ar1,r0
0123 8F00       683            mov     ar0,r7
0125 8E07       684            mov     ar7,r6
0127 E4         685            clr     a
0128 2A         686            add     a,r2
0129 FA         687            mov     r2,a
012A EF         688            mov     a,r7
012B 3B         689            addc    a,r3
012C FB         690            mov     r3,a
012D E8         691            mov     a,r0
012E 3C         692            addc    a,r4
012F FC         693            mov     r4,a
0130 E9         694            mov     a,r1
0131 3D         695            addc    a,r5
0132 FD         696            mov     r5,a
0133 AE8A       697            mov     r6,_TL0
0135 E4         698            clr     a
0136 FF         699            mov     r7,a
0137 33         700            rlc     a
0138 95E0       701            subb    a,acc
013A F8         702            mov     r0,a
013B F9         703            mov     r1,a
013C EE         704            mov     a,r6
013D 2A         705            add     a,r2
013E FA         706            mov     r2,a
013F EF         707            mov     a,r7
0140 3B         708            addc    a,r3
0141 FB         709            mov     r3,a
0142 E8         710            mov     a,r0
0143 3C         711            addc    a,r4
0144 FC         712            mov     r4,a
0145 E9         713            mov     a,r1
0146 3D         714            addc    a,r5
0147 8A82       715            mov     dpl,r2
0149 8B83       716            mov     dph,r3
014B 8CF0       717            mov     b,r4
014D 120100     718            lcall   ___slong2fs
0150 AA82       719            mov     r2,dpl
0152 AB83       720            mov     r3,dph
0154 ACF0       721            mov     r4,b
0156 FD         722            mov     r5,a
0157            723   ;        C:\Users\jeffreyliou\Desktop\elec291\lab4\FreqF38x.c:141: C=1/(F*(0.69314718056)*(4900)) * 1000000000;
0157 C002       724            push    ar2
0159 C003       725            push    ar3
015B C004       726            push    ar4
015D C005       727            push    ar5
015F C002       728            push    ar2
0161 C003       729            push    ar3
0163 C004       730            push    ar4
0165 C005       731            push    ar5
0167 9046BD     732            mov     dptr,#0x46BD
016A 75F054     733            mov     b,#0x54
016D 7445       734            mov     a,#0x45
016F 120100     735            lcall   ___fsmul
0172 AE82       736            mov     r6,dpl
0174 AF83       737            mov     r7,dph
0176 A8F0       738            mov     r0,b
0178 F9         739            mov     r1,a
0179 E581       740            mov     a,sp
017B 24FC       741            add     a,#0xfc
017D F581       742            mov     sp,a
017F C006       743            push    ar6
0181 C007       744            push    ar7
0183 C000       745            push    ar0
0185 C001       746            push    ar1
0187 900000     747            mov     dptr,#0x0000
018A 75F080     748            mov     b,#0x80
018D 743F       749            mov     a,#0x3F
018F 120100     750            lcall   ___fsdiv
0192 AE82       751            mov     r6,dpl
0194 AF83       752            mov     r7,dph
0196 A8F0       753            mov     r0,b
0198 F9         754            mov     r1,a
0199 E581       755            mov     a,sp
019B 24FC       756            add     a,#0xfc
019D F581       757            mov     sp,a
019F C006       758            push    ar6
01A1 C007       759            push    ar7
01A3 C000       760            push    ar0
01A5 C001       761            push    ar1
01A7 906B28     762            mov     dptr,#0x6B28
01AA 75F06E     763            mov     b,#0x6E
01AD 744E       764            mov     a,#0x4E
01AF 120100     765            lcall   ___fsmul
01B2 AE82       766            mov     r6,dpl
01B4 AF83       767            mov     r7,dph
01B6 A8F0       768            mov     r0,b
01B8 F9         769            mov     r1,a
01B9 E581       770            mov     a,sp
01BB 24FC       771            add     a,#0xfc
01BD F581       772            mov     sp,a
01BF D005       773            pop     ar5
01C1 D004       774            pop     ar4
01C3 D003       775            pop     ar3
01C5 D002       776            pop     ar2
01C7            777   ;        C:\Users\jeffreyliou\Desktop\elec291\lab4\FreqF38x.c:143: printf("\rf=%f Hz, C=%f nC", F, C);
01C7 C006       778            push    ar6
01C9 C007       779            push    ar7
01CB C000       780            push    ar0
01CD C001       781            push    ar1
01CF C002       782            push    ar2
01D1 C003       783            push    ar3
01D3 C004       784            push    ar4
01D5 C005       785            push    ar5
01D7 7400       786            mov     a,#__str_5
01D9 C0E0       787            push    acc
01DB 7496       788            mov     a,#(__str_5 >> 8)
01DD C0E0       789            push    acc
01DF 7480       790            mov     a,#0x80
01E1 C0E0       791            push    acc
01E3 120100     792            lcall   _printf
01E6 E581       793            mov     a,sp
01E8 24F5       794            add     a,#0xf5
01EA F581       795            mov     sp,a
01EC            796   ;        C:\Users\jeffreyliou\Desktop\elec291\lab4\FreqF38x.c:144: printf("\x1b[0K"); // ANSI: Clear from cursor to end of line.
01EC 7440       797            mov     a,#__str_6
01EE C0E0       798            push    acc
01F0 7496       799            mov     a,#(__str_6 >> 8)
01F2 C0E0       800            push    acc
01F4 7480       801            mov     a,#0x80
01F6 C0E0       802            push    acc
01F8 120100     803            lcall   _printf
01FB 1581       804            dec     sp
01FD 1581       805            dec     sp
01FF 1581       806            dec     sp
0201 020100     807            ljmp    L008002?
0204            808            rseg R_CSEG
0204            809   
0000            810            rseg R_XINIT
0000            811   
0000            812            rseg R_CONST
0000            813   __str_0:
0000 1B         814            db 0x1B
0001 5B324A     815            db '[2J'
0004 00         816            db 0x00
0005            817   __str_1:
0005 46726571   818            db 'Frequency measurement using Timer/Counter 0.'
     75656E63
     79206D65
     61737572
     656D656E
     74207573
     696E6720
     54696D65
     722F436F
     756E7465
     7220302E
0031 0A         819            db 0x0A
0032 46696C65   820            db 'File: %s'
     3A202573
003A 0A         821            db 0x0A
003B 436F6D70   822            db 'Compil'
     696C
0041 65643A20   823            db 'ed: %s, %s'
     25732C20
     2573
004B 0A         824            db 0x0A
004C 0A         825            db 0x0A
004D 00         826            db 0x00
004E            827   __str_2:
004E 433A       828            db 'C:'
0050 5C         829            db 0x5C
0051 55736572   830            db 'Users'
     73
0056 5C         831            db 0x5C
0057 6A656666   832            db 'jeffreyliou'
     7265796C
     696F75
0062 5C         833            db 0x5C
0063 4465736B   834            db 'Desktop'
     746F70
006A 5C         835            db 0x5C
006B 656C6563   836            db 'elec291'
     323931
0072 5C         837            db 0x5C
0073 6C616234   838            db 'lab4'
0077 5C         839            db 0x5C
0078 46726571   840            db 'FreqF38x.c'
     46333878
     2E63
0082 00         841            db 0x00
0083            842   __str_3:
0083 46656220   843            db 'Feb 26 2016'
     32362032
     303136
008E 00         844            db 0x00
008F            845   __str_4:
008F 32303A32   846            db '20:25:35'
     353A3335
0097 00         847            db 0x00
0098            848   __str_5:
0098 0D         849            db 0x0D
0099 663D2566   850            db 'f=%f Hz, C=%f nC'
     20487A2C
     20433D25
     66206E43
00A9 00         851            db 0x00
00AA            852   __str_6:
00AA 1B         853            db 0x1B
00AB 5B304B     854            db '[0K'
00AE 00         855            db 0x00
00AF            856   
0003            857            CSEG
0003            858   
0003            859   end
