0000              1   ;--------------------------------------------------------
0000              2   ; File Created by C51
0000              3   ; Version 1.0.0 #1069 (Apr 23 2015) (MSVC)
0000              4   ; This file was generated Fri Feb 26 17:44:59 2016
0000              5   ;--------------------------------------------------------
                  5   $name hello
                  6   $optc51 --model-small
0000              8            R_DSEG    segment data
0000              9            R_CSEG    segment code
0000             10            R_BSEG    segment bit
0000             11            R_XSEG    segment xdata
0000             12            R_PSEG    segment xdata
0000             13            R_ISEG    segment idata
0000             14            R_OSEG    segment data overlay
0000             15            BIT_BANK  segment data overlay
0000             16            R_HOME    segment code
0000             17            R_GSINIT  segment code
0000             18            R_IXSEG   segment xdata
0000             19            R_CONST   segment code
0000             20            R_XINIT   segment code
0000             21            R_DINIT   segment code
0000             22   
0000             23   ;--------------------------------------------------------
0000             24   ; Public variables in this module
0000             25   ;--------------------------------------------------------
0000             26            public _main
0000             27            public _UART0_Init
0000             28            public _SYSCLK_Init
0000             29            public _PORT_Init
0000             30   ;--------------------------------------------------------
0000             31   ; Special Function Registers
0000             32   ;--------------------------------------------------------
0000             33   _P0             DATA 0x80
0000             34   _SP             DATA 0x81
0000             35   _DPL            DATA 0x82
0000             36   _DPH            DATA 0x83
0000             37   _EMI0TC         DATA 0x84
0000             38   _EMI0CF         DATA 0x85
0000             39   _OSCLCN         DATA 0x86
0000             40   _PCON           DATA 0x87
0000             41   _TCON           DATA 0x88
0000             42   _TMOD           DATA 0x89
0000             43   _TL0            DATA 0x8a
0000             44   _TL1            DATA 0x8b
0000             45   _TH0            DATA 0x8c
0000             46   _TH1            DATA 0x8d
0000             47   _CKCON          DATA 0x8e
0000             48   _PSCTL          DATA 0x8f
0000             49   _P1             DATA 0x90
0000             50   _TMR3CN         DATA 0x91
0000             51   _TMR4CN         DATA 0x91
0000             52   _TMR3RLL        DATA 0x92
0000             53   _TMR4RLL        DATA 0x92
0000             54   _TMR3RLH        DATA 0x93
0000             55   _TMR4RLH        DATA 0x93
0000             56   _TMR3L          DATA 0x94
0000             57   _TMR4L          DATA 0x94
0000             58   _TMR3H          DATA 0x95
0000             59   _TMR4H          DATA 0x95
0000             60   _USB0ADR        DATA 0x96
0000             61   _USB0DAT        DATA 0x97
0000             62   _SCON           DATA 0x98
0000             63   _SCON0          DATA 0x98
0000             64   _SBUF           DATA 0x99
0000             65   _SBUF0          DATA 0x99
0000             66   _CPT1CN         DATA 0x9a
0000             67   _CPT0CN         DATA 0x9b
0000             68   _CPT1MD         DATA 0x9c
0000             69   _CPT0MD         DATA 0x9d
0000             70   _CPT1MX         DATA 0x9e
0000             71   _CPT0MX         DATA 0x9f
0000             72   _P2             DATA 0xa0
0000             73   _SPI0CFG        DATA 0xa1
0000             74   _SPI0CKR        DATA 0xa2
0000             75   _SPI0DAT        DATA 0xa3
0000             76   _P0MDOUT        DATA 0xa4
0000             77   _P1MDOUT        DATA 0xa5
0000             78   _P2MDOUT        DATA 0xa6
0000             79   _P3MDOUT        DATA 0xa7
0000             80   _IE             DATA 0xa8
0000             81   _CLKSEL         DATA 0xa9
0000             82   _EMI0CN         DATA 0xaa
0000             83   __XPAGE         DATA 0xaa
0000             84   _SBCON1         DATA 0xac
0000             85   _P4MDOUT        DATA 0xae
0000             86   _PFE0CN         DATA 0xaf
0000             87   _P3             DATA 0xb0
0000             88   _OSCXCN         DATA 0xb1
0000             89   _OSCICN         DATA 0xb2
0000             90   _OSCICL         DATA 0xb3
0000             91   _SBRLL1         DATA 0xb4
0000             92   _SBRLH1         DATA 0xb5
0000             93   _FLSCL          DATA 0xb6
0000             94   _FLKEY          DATA 0xb7
0000             95   _IP             DATA 0xb8
0000             96   _CLKMUL         DATA 0xb9
0000             97   _SMBTC          DATA 0xb9
0000             98   _AMX0N          DATA 0xba
0000             99   _AMX0P          DATA 0xbb
0000            100   _ADC0CF         DATA 0xbc
0000            101   _ADC0L          DATA 0xbd
0000            102   _ADC0H          DATA 0xbe
0000            103   _SFRPAGE        DATA 0xbf
0000            104   _SMB0CN         DATA 0xc0
0000            105   _SMB1CN         DATA 0xc0
0000            106   _SMB0CF         DATA 0xc1
0000            107   _SMB1CF         DATA 0xc1
0000            108   _SMB0DAT        DATA 0xc2
0000            109   _SMB1DAT        DATA 0xc2
0000            110   _ADC0GTL        DATA 0xc3
0000            111   _ADC0GTH        DATA 0xc4
0000            112   _ADC0LTL        DATA 0xc5
0000            113   _ADC0LTH        DATA 0xc6
0000            114   _P4             DATA 0xc7
0000            115   _TMR2CN         DATA 0xc8
0000            116   _TMR5CN         DATA 0xc8
0000            117   _REG01CN        DATA 0xc9
0000            118   _TMR2RLL        DATA 0xca
0000            119   _TMR5RLL        DATA 0xca
0000            120   _TMR2RLH        DATA 0xcb
0000            121   _TMR5RLH        DATA 0xcb
0000            122   _TMR2L          DATA 0xcc
0000            123   _TMR5L          DATA 0xcc
0000            124   _TMR2H          DATA 0xcd
0000            125   _TMR5H          DATA 0xcd
0000            126   _SMB0ADM        DATA 0xce
0000            127   _SMB1ADM        DATA 0xce
0000            128   _SMB0ADR        DATA 0xcf
0000            129   _SMB1ADR        DATA 0xcf
0000            130   _PSW            DATA 0xd0
0000            131   _REF0CN         DATA 0xd1
0000            132   _SCON1          DATA 0xd2
0000            133   _SBUF1          DATA 0xd3
0000            134   _P0SKIP         DATA 0xd4
0000            135   _P1SKIP         DATA 0xd5
0000            136   _P2SKIP         DATA 0xd6
0000            137   _USB0XCN        DATA 0xd7
0000            138   _PCA0CN         DATA 0xd8
0000            139   _PCA0MD         DATA 0xd9
0000            140   _PCA0CPM0       DATA 0xda
0000            141   _PCA0CPM1       DATA 0xdb
0000            142   _PCA0CPM2       DATA 0xdc
0000            143   _PCA0CPM3       DATA 0xdd
0000            144   _PCA0CPM4       DATA 0xde
0000            145   _P3SKIP         DATA 0xdf
0000            146   _ACC            DATA 0xe0
0000            147   _XBR0           DATA 0xe1
0000            148   _XBR1           DATA 0xe2
0000            149   _XBR2           DATA 0xe3
0000            150   _IT01CF         DATA 0xe4
0000            151   _CKCON1         DATA 0xe4
0000            152   _SMOD1          DATA 0xe5
0000            153   _EIE1           DATA 0xe6
0000            154   _EIE2           DATA 0xe7
0000            155   _ADC0CN         DATA 0xe8
0000            156   _PCA0CPL1       DATA 0xe9
0000            157   _PCA0CPH1       DATA 0xea
0000            158   _PCA0CPL2       DATA 0xeb
0000            159   _PCA0CPH2       DATA 0xec
0000            160   _PCA0CPL3       DATA 0xed
0000            161   _PCA0CPH3       DATA 0xee
0000            162   _RSTSRC         DATA 0xef
0000            163   _B              DATA 0xf0
0000            164   _P0MDIN         DATA 0xf1
0000            165   _P1MDIN         DATA 0xf2
0000            166   _P2MDIN         DATA 0xf3
0000            167   _P3MDIN         DATA 0xf4
0000            168   _P4MDIN         DATA 0xf5
0000            169   _EIP1           DATA 0xf6
0000            170   _EIP2           DATA 0xf7
0000            171   _SPI0CN         DATA 0xf8
0000            172   _PCA0L          DATA 0xf9
0000            173   _PCA0H          DATA 0xfa
0000            174   _PCA0CPL0       DATA 0xfb
0000            175   _PCA0CPH0       DATA 0xfc
0000            176   _PCA0CPL4       DATA 0xfd
0000            177   _PCA0CPH4       DATA 0xfe
0000            178   _VDM0CN         DATA 0xff
0000            179   _DPTR           DATA 0x8382
0000            180   _TMR2RL         DATA 0xcbca
0000            181   _TMR3RL         DATA 0x9392
0000            182   _TMR4RL         DATA 0x9392
0000            183   _TMR5RL         DATA 0xcbca
0000            184   _TMR2           DATA 0xcdcc
0000            185   _TMR3           DATA 0x9594
0000            186   _TMR4           DATA 0x9594
0000            187   _TMR5           DATA 0xcdcc
0000            188   _SBRL1          DATA 0xb5b4
0000            189   _ADC0           DATA 0xbebd
0000            190   _ADC0GT         DATA 0xc4c3
0000            191   _ADC0LT         DATA 0xc6c5
0000            192   _PCA0           DATA 0xfaf9
0000            193   _PCA0CP1        DATA 0xeae9
0000            194   _PCA0CP2        DATA 0xeceb
0000            195   _PCA0CP3        DATA 0xeeed
0000            196   _PCA0CP0        DATA 0xfcfb
0000            197   _PCA0CP4        DATA 0xfefd
0000            198   ;--------------------------------------------------------
0000            199   ; special function bits
0000            200   ;--------------------------------------------------------
0000            201   _P0_0           BIT 0x80
0000            202   _P0_1           BIT 0x81
0000            203   _P0_2           BIT 0x82
0000            204   _P0_3           BIT 0x83
0000            205   _P0_4           BIT 0x84
0000            206   _P0_5           BIT 0x85
0000            207   _P0_6           BIT 0x86
0000            208   _P0_7           BIT 0x87
0000            209   _TF1            BIT 0x8f
0000            210   _TR1            BIT 0x8e
0000            211   _TF0            BIT 0x8d
0000            212   _TR0            BIT 0x8c
0000            213   _IE1            BIT 0x8b
0000            214   _IT1            BIT 0x8a
0000            215   _IE0            BIT 0x89
0000            216   _IT0            BIT 0x88
0000            217   _P1_0           BIT 0x90
0000            218   _P1_1           BIT 0x91
0000            219   _P1_2           BIT 0x92
0000            220   _P1_3           BIT 0x93
0000            221   _P1_4           BIT 0x94
0000            222   _P1_5           BIT 0x95
0000            223   _P1_6           BIT 0x96
0000            224   _P1_7           BIT 0x97
0000            225   _S0MODE         BIT 0x9f
0000            226   _SCON0_6        BIT 0x9e
0000            227   _MCE0           BIT 0x9d
0000            228   _REN0           BIT 0x9c
0000            229   _TB80           BIT 0x9b
0000            230   _RB80           BIT 0x9a
0000            231   _TI0            BIT 0x99
0000            232   _RI0            BIT 0x98
0000            233   _SCON_6         BIT 0x9e
0000            234   _MCE            BIT 0x9d
0000            235   _REN            BIT 0x9c
0000            236   _TB8            BIT 0x9b
0000            237   _RB8            BIT 0x9a
0000            238   _TI             BIT 0x99
0000            239   _RI             BIT 0x98
0000            240   _P2_0           BIT 0xa0
0000            241   _P2_1           BIT 0xa1
0000            242   _P2_2           BIT 0xa2
0000            243   _P2_3           BIT 0xa3
0000            244   _P2_4           BIT 0xa4
0000            245   _P2_5           BIT 0xa5
0000            246   _P2_6           BIT 0xa6
0000            247   _P2_7           BIT 0xa7
0000            248   _EA             BIT 0xaf
0000            249   _ESPI0          BIT 0xae
0000            250   _ET2            BIT 0xad
0000            251   _ES0            BIT 0xac
0000            252   _ET1            BIT 0xab
0000            253   _EX1            BIT 0xaa
0000            254   _ET0            BIT 0xa9
0000            255   _EX0            BIT 0xa8
0000            256   _P3_0           BIT 0xb0
0000            257   _P3_1           BIT 0xb1
0000            258   _P3_2           BIT 0xb2
0000            259   _P3_3           BIT 0xb3
0000            260   _P3_4           BIT 0xb4
0000            261   _P3_5           BIT 0xb5
0000            262   _P3_6           BIT 0xb6
0000            263   _P3_7           BIT 0xb7
0000            264   _IP_7           BIT 0xbf
0000            265   _PSPI0          BIT 0xbe
0000            266   _PT2            BIT 0xbd
0000            267   _PS0            BIT 0xbc
0000            268   _PT1            BIT 0xbb
0000            269   _PX1            BIT 0xba
0000            270   _PT0            BIT 0xb9
0000            271   _PX0            BIT 0xb8
0000            272   _MASTER0        BIT 0xc7
0000            273   _TXMODE0        BIT 0xc6
0000            274   _STA0           BIT 0xc5
0000            275   _STO0           BIT 0xc4
0000            276   _ACKRQ0         BIT 0xc3
0000            277   _ARBLOST0       BIT 0xc2
0000            278   _ACK0           BIT 0xc1
0000            279   _SI0            BIT 0xc0
0000            280   _MASTER1        BIT 0xc7
0000            281   _TXMODE1        BIT 0xc6
0000            282   _STA1           BIT 0xc5
0000            283   _STO1           BIT 0xc4
0000            284   _ACKRQ1         BIT 0xc3
0000            285   _ARBLOST1       BIT 0xc2
0000            286   _ACK1           BIT 0xc1
0000            287   _SI1            BIT 0xc0
0000            288   _TF2            BIT 0xcf
0000            289   _TF2H           BIT 0xcf
0000            290   _TF2L           BIT 0xce
0000            291   _TF2LEN         BIT 0xcd
0000            292   _TF2CEN         BIT 0xcc
0000            293   _T2SPLIT        BIT 0xcb
0000            294   _TR2            BIT 0xca
0000            295   _T2CSS          BIT 0xc9
0000            296   _T2XCLK         BIT 0xc8
0000            297   _TF5H           BIT 0xcf
0000            298   _TF5L           BIT 0xce
0000            299   _TF5LEN         BIT 0xcd
0000            300   _TMR5CN_4       BIT 0xcc
0000            301   _T5SPLIT        BIT 0xcb
0000            302   _TR5            BIT 0xca
0000            303   _TMR5CN_1       BIT 0xc9
0000            304   _T5XCLK         BIT 0xc8
0000            305   _CY             BIT 0xd7
0000            306   _AC             BIT 0xd6
0000            307   _F0             BIT 0xd5
0000            308   _RS1            BIT 0xd4
0000            309   _RS0            BIT 0xd3
0000            310   _OV             BIT 0xd2
0000            311   _F1             BIT 0xd1
0000            312   _PARITY         BIT 0xd0
0000            313   _CF             BIT 0xdf
0000            314   _CR             BIT 0xde
0000            315   _PCA0CN_5       BIT 0xde
0000            316   _CCF4           BIT 0xdc
0000            317   _CCF3           BIT 0xdb
0000            318   _CCF2           BIT 0xda
0000            319   _CCF1           BIT 0xd9
0000            320   _CCF0           BIT 0xd8
0000            321   _ACC_7          BIT 0xe7
0000            322   _ACC_6          BIT 0xe6
0000            323   _ACC_5          BIT 0xe5
0000            324   _ACC_4          BIT 0xe4
0000            325   _ACC_3          BIT 0xe3
0000            326   _ACC_2          BIT 0xe2
0000            327   _ACC_1          BIT 0xe1
0000            328   _ACC_0          BIT 0xe0
0000            329   _AD0EN          BIT 0xef
0000            330   _AD0TM          BIT 0xee
0000            331   _AD0INT         BIT 0xed
0000            332   _AD0BUSY        BIT 0xec
0000            333   _AD0WINT        BIT 0xeb
0000            334   _AD0CM2         BIT 0xea
0000            335   _AD0CM1         BIT 0xe9
0000            336   _AD0CM0         BIT 0xe8
0000            337   _B_7            BIT 0xf7
0000            338   _B_6            BIT 0xf6
0000            339   _B_5            BIT 0xf5
0000            340   _B_4            BIT 0xf4
0000            341   _B_3            BIT 0xf3
0000            342   _B_2            BIT 0xf2
0000            343   _B_1            BIT 0xf1
0000            344   _B_0            BIT 0xf0
0000            345   _SPIF           BIT 0xff
0000            346   _WCOL           BIT 0xfe
0000            347   _MODF           BIT 0xfd
0000            348   _RXOVRN         BIT 0xfc
0000            349   _NSSMD1         BIT 0xfb
0000            350   _NSSMD0         BIT 0xfa
0000            351   _TXBMT          BIT 0xf9
0000            352   _SPIEN          BIT 0xf8
0000            353   ;--------------------------------------------------------
0000            354   ; overlayable register banks
0000            355   ;--------------------------------------------------------
0000            356            rbank0 segment data overlay
0000            357   ;--------------------------------------------------------
0000            358   ; internal ram data
0000            359   ;--------------------------------------------------------
0000            360            rseg R_DSEG
0000            361   ;--------------------------------------------------------
0000            362   ; overlayable items in internal ram 
0000            363   ;--------------------------------------------------------
0000            364            rseg R_OSEG
0000            365   ;--------------------------------------------------------
0000            366   ; indirectly addressable internal ram data
0000            367   ;--------------------------------------------------------
0000            368            rseg R_ISEG
0000            369   ;--------------------------------------------------------
0000            370   ; absolute internal ram data
0000            371   ;--------------------------------------------------------
0000            372            DSEG
0000            373   ;--------------------------------------------------------
0000            374   ; bit data
0000            375   ;--------------------------------------------------------
0000            376            rseg R_BSEG
0000            377   ;--------------------------------------------------------
0000            378   ; paged external ram data
0000            379   ;--------------------------------------------------------
0000            380            rseg R_PSEG
0000            381   ;--------------------------------------------------------
0000            382   ; external ram data
0000            383   ;--------------------------------------------------------
0000            384            rseg R_XSEG
0000            385   ;--------------------------------------------------------
0000            386   ; absolute external ram data
0000            387   ;--------------------------------------------------------
0000            388            XSEG
0000            389   ;--------------------------------------------------------
0000            390   ; external initialized ram data
0000            391   ;--------------------------------------------------------
0000            392            rseg R_IXSEG
0000            393            rseg R_HOME
0000            394            rseg R_GSINIT
0000            395            rseg R_CSEG
0000            396   ;--------------------------------------------------------
0000            397   ; Reset entry point and interrupt vectors
0000            398   ;--------------------------------------------------------
0000            399            CSEG at 0x0000
0000 020100     400            ljmp    _crt0
0003            401   ;--------------------------------------------------------
0003            402   ; global & static initialisations
0003            403   ;--------------------------------------------------------
0000            404            rseg R_HOME
0000            405            rseg R_GSINIT
0000            406            rseg R_GSINIT
0000            407   ;--------------------------------------------------------
0000            408   ; data variables initialization
0000            409   ;--------------------------------------------------------
0000            410            rseg R_DINIT
0000            411            ; The linker places a 'ret' at the end of segment R_DINIT.
0000            412   ;--------------------------------------------------------
0000            413   ; code
0000            414   ;--------------------------------------------------------
0000            415            rseg R_CSEG
0000            416   ;------------------------------------------------------------
0000            417   ;Allocation info for local variables in function 'PORT_Init'
0000            418   ;------------------------------------------------------------
0000            419   ;------------------------------------------------------------
0000            420   ;        C:\Users\jeffreyliou\Desktop\elec291\lab4\hello.c:7: void PORT_Init (void)
0000            421   ;        -----------------------------------------
0000            422   ;         function PORT_Init
0000            423   ;        -----------------------------------------
0000            424   _PORT_Init:
0000            425            using   0
0000            426   ;        C:\Users\jeffreyliou\Desktop\elec291\lab4\hello.c:9: P0MDOUT |= 0x10; // Enable UTX as push-pull output
0000 43A410     427            orl     _P0MDOUT,#0x10
0003            428   ;        C:\Users\jeffreyliou\Desktop\elec291\lab4\hello.c:10: XBR0     = 0x01; // Enable UART on P0.4(TX) and P0.5(RX)                     
0003 75E101     429            mov     _XBR0,#0x01
0006            430   ;        C:\Users\jeffreyliou\Desktop\elec291\lab4\hello.c:11: XBR1     = 0x40; // Enable crossbar and weak pull-ups
0006 75E240     431            mov     _XBR1,#0x40
0009 22         432            ret
000A            433   ;------------------------------------------------------------
000A            434   ;Allocation info for local variables in function 'SYSCLK_Init'
000A            435   ;------------------------------------------------------------
000A            436   ;------------------------------------------------------------
000A            437   ;        C:\Users\jeffreyliou\Desktop\elec291\lab4\hello.c:14: void SYSCLK_Init (void)
000A            438   ;        -----------------------------------------
000A            439   ;         function SYSCLK_Init
000A            440   ;        -----------------------------------------
000A            441   _SYSCLK_Init:
000A            442   ;        C:\Users\jeffreyliou\Desktop\elec291\lab4\hello.c:16: CLKSEL|=0b_0000_0011; // SYSCLK derived from Internal HF Osc / 1.
000A 43A903     443            orl     _CLKSEL,#0x03
000D            444   ;        C:\Users\jeffreyliou\Desktop\elec291\lab4\hello.c:17: OSCICN |= 0x03;   // Configure internal oscillator for its maximum 
000D 43B203     445            orl     _OSCICN,#0x03
0010            446   ;        C:\Users\jeffreyliou\Desktop\elec291\lab4\hello.c:18: RSTSRC  = 0x04;   // Enable missing clock detector
0010 75EF04     447            mov     _RSTSRC,#0x04
0013 22         448            ret
0014            449   ;------------------------------------------------------------
0014            450   ;Allocation info for local variables in function 'UART0_Init'
0014            451   ;------------------------------------------------------------
0014            452   ;------------------------------------------------------------
0014            453   ;        C:\Users\jeffreyliou\Desktop\elec291\lab4\hello.c:21: void UART0_Init (void)
0014            454   ;        -----------------------------------------
0014            455   ;         function UART0_Init
0014            456   ;        -----------------------------------------
0014            457   _UART0_Init:
0014            458   ;        C:\Users\jeffreyliou\Desktop\elec291\lab4\hello.c:23: SCON0 = 0x10;
0014 759810     459            mov     _SCON0,#0x10
0017            460   ;        C:\Users\jeffreyliou\Desktop\elec291\lab4\hello.c:24: TH1 = 0x10000-((SYSCLK/BAUDRATE)/2L);
0017 758D30     461            mov     _TH1,#0x30
001A            462   ;        C:\Users\jeffreyliou\Desktop\elec291\lab4\hello.c:25: CKCON &= ~0x0B; // T1M = 1; SCA1:0 = xx
001A 538EF4     463            anl     _CKCON,#0xF4
001D            464   ;        C:\Users\jeffreyliou\Desktop\elec291\lab4\hello.c:26: CKCON |=  0x08;
001D 438E08     465            orl     _CKCON,#0x08
0020            466   ;        C:\Users\jeffreyliou\Desktop\elec291\lab4\hello.c:27: TL1 = TH1;      // Init Timer1
0020 858D8B     467            mov     _TL1,_TH1
0023            468   ;        C:\Users\jeffreyliou\Desktop\elec291\lab4\hello.c:28: TMOD &= ~0xf0;  // TMOD: timer 1 in 8-bit auto-reload
0023 53890F     469            anl     _TMOD,#0x0F
0026            470   ;        C:\Users\jeffreyliou\Desktop\elec291\lab4\hello.c:29: TMOD |=  0x20;                       
0026 438920     471            orl     _TMOD,#0x20
0029            472   ;        C:\Users\jeffreyliou\Desktop\elec291\lab4\hello.c:30: TR1 = 1; // START Timer1
0029 D28E       473            setb    _TR1
002B            474   ;        C:\Users\jeffreyliou\Desktop\elec291\lab4\hello.c:31: TI = 1;  // Indicate TX0 ready
002B D299       475            setb    _TI
002D 22         476            ret
002E            477   ;------------------------------------------------------------
002E            478   ;Allocation info for local variables in function 'main'
002E            479   ;------------------------------------------------------------
002E            480   ;------------------------------------------------------------
002E            481   ;        C:\Users\jeffreyliou\Desktop\elec291\lab4\hello.c:34: void main (void) 
002E            482   ;        -----------------------------------------
002E            483   ;         function main
002E            484   ;        -----------------------------------------
002E            485   _main:
002E            486   ;        C:\Users\jeffreyliou\Desktop\elec291\lab4\hello.c:36: PCA0MD &= ~0x40; // WDTE = 0 (clear watchdog timer enable)
002E 53D9BF     487            anl     _PCA0MD,#0xBF
0031            488   ;        C:\Users\jeffreyliou\Desktop\elec291\lab4\hello.c:37: PORT_Init();     // Initialize Port I/O
0031 120100     489            lcall   _PORT_Init
0034            490   ;        C:\Users\jeffreyliou\Desktop\elec291\lab4\hello.c:38: SYSCLK_Init ();  // Initialize Oscillator
0034 120100     491            lcall   _SYSCLK_Init
0037            492   ;        C:\Users\jeffreyliou\Desktop\elec291\lab4\hello.c:39: UART0_Init();    // Initialize UART0
0037 120100     493            lcall   _UART0_Init
003A            494   ;        C:\Users\jeffreyliou\Desktop\elec291\lab4\hello.c:40: printf( "Hello, world!\r\n" );
003A 7440       495            mov     a,#__str_0
003C C0E0       496            push    acc
003E 748F       497            mov     a,#(__str_0 >> 8)
0040 C0E0       498            push    acc
0042 7480       499            mov     a,#0x80
0044 C0E0       500            push    acc
0046 120100     501            lcall   _printf
0049 1581       502            dec     sp
004B 1581       503            dec     sp
004D 1581       504            dec     sp
004F 22         505            ret
0050            506            rseg R_CSEG
0050            507   
0000            508            rseg R_XINIT
0000            509   
0000            510            rseg R_CONST
0000            511   __str_0:
0000 48656C6C   512            db 'Hello, world!'
     6F2C2077
     6F726C64
     21
000D 0D         513            db 0x0D
000E 0A         514            db 0x0A
000F 00         515            db 0x00
0010            516   
0003            517            CSEG
0003            518   
0003            519   end
