0000              1   ;--------------------------------------------------------
0000              2   ; File Created by C51
0000              3   ; Version 1.0.0 #1069 (Apr 23 2015) (MSVC)
0000              4   ; This file was generated Mon Mar 07 21:22:04 2016
0000              5   ;--------------------------------------------------------
                  5   $name C851F38_ADC_any_pins
                  6   $optc51 --model-small
                  7   $printf_float
0000              9            R_DSEG    segment data
0000             10            R_CSEG    segment code
0000             11            R_BSEG    segment bit
0000             12            R_XSEG    segment xdata
0000             13            R_PSEG    segment xdata
0000             14            R_ISEG    segment idata
0000             15            R_OSEG    segment data overlay
0000             16            BIT_BANK  segment data overlay
0000             17            R_HOME    segment code
0000             18            R_GSINIT  segment code
0000             19            R_IXSEG   segment xdata
0000             20            R_CONST   segment code
0000             21            R_XINIT   segment code
0000             22            R_DINIT   segment code
0000             23   
0000             24   ;--------------------------------------------------------
0000             25   ; Public variables in this module
0000             26   ;--------------------------------------------------------
0000             27            public _InitPinADC_PARM_2
0000             28            public _main
0000             29            public _TIMER0_Init
0000             30            public _UART0_Init
0000             31            public _SYSCLK_Init
0000             32            public _PORT_Init
0000             33            public _Volts_at_Pin
0000             34            public _ADC_at_Pin
0000             35            public _InitPinADC
0000             36            public _InitADC
0000             37            public _waitms
0000             38            public _Timer3us
0000             39            public __c51_external_startup
0000             40            public _overflow_count
0000             41   ;--------------------------------------------------------
0000             42   ; Special Function Registers
0000             43   ;--------------------------------------------------------
0000             44   _P0             DATA 0x80
0000             45   _SP             DATA 0x81
0000             46   _DPL            DATA 0x82
0000             47   _DPH            DATA 0x83
0000             48   _EMI0TC         DATA 0x84
0000             49   _EMI0CF         DATA 0x85
0000             50   _OSCLCN         DATA 0x86
0000             51   _PCON           DATA 0x87
0000             52   _TCON           DATA 0x88
0000             53   _TMOD           DATA 0x89
0000             54   _TL0            DATA 0x8a
0000             55   _TL1            DATA 0x8b
0000             56   _TH0            DATA 0x8c
0000             57   _TH1            DATA 0x8d
0000             58   _CKCON          DATA 0x8e
0000             59   _PSCTL          DATA 0x8f
0000             60   _P1             DATA 0x90
0000             61   _TMR3CN         DATA 0x91
0000             62   _TMR4CN         DATA 0x91
0000             63   _TMR3RLL        DATA 0x92
0000             64   _TMR4RLL        DATA 0x92
0000             65   _TMR3RLH        DATA 0x93
0000             66   _TMR4RLH        DATA 0x93
0000             67   _TMR3L          DATA 0x94
0000             68   _TMR4L          DATA 0x94
0000             69   _TMR3H          DATA 0x95
0000             70   _TMR4H          DATA 0x95
0000             71   _USB0ADR        DATA 0x96
0000             72   _USB0DAT        DATA 0x97
0000             73   _SCON           DATA 0x98
0000             74   _SCON0          DATA 0x98
0000             75   _SBUF           DATA 0x99
0000             76   _SBUF0          DATA 0x99
0000             77   _CPT1CN         DATA 0x9a
0000             78   _CPT0CN         DATA 0x9b
0000             79   _CPT1MD         DATA 0x9c
0000             80   _CPT0MD         DATA 0x9d
0000             81   _CPT1MX         DATA 0x9e
0000             82   _CPT0MX         DATA 0x9f
0000             83   _P2             DATA 0xa0
0000             84   _SPI0CFG        DATA 0xa1
0000             85   _SPI0CKR        DATA 0xa2
0000             86   _SPI0DAT        DATA 0xa3
0000             87   _P0MDOUT        DATA 0xa4
0000             88   _P1MDOUT        DATA 0xa5
0000             89   _P2MDOUT        DATA 0xa6
0000             90   _P3MDOUT        DATA 0xa7
0000             91   _IE             DATA 0xa8
0000             92   _CLKSEL         DATA 0xa9
0000             93   _EMI0CN         DATA 0xaa
0000             94   __XPAGE         DATA 0xaa
0000             95   _SBCON1         DATA 0xac
0000             96   _P4MDOUT        DATA 0xae
0000             97   _PFE0CN         DATA 0xaf
0000             98   _P3             DATA 0xb0
0000             99   _OSCXCN         DATA 0xb1
0000            100   _OSCICN         DATA 0xb2
0000            101   _OSCICL         DATA 0xb3
0000            102   _SBRLL1         DATA 0xb4
0000            103   _SBRLH1         DATA 0xb5
0000            104   _FLSCL          DATA 0xb6
0000            105   _FLKEY          DATA 0xb7
0000            106   _IP             DATA 0xb8
0000            107   _CLKMUL         DATA 0xb9
0000            108   _SMBTC          DATA 0xb9
0000            109   _AMX0N          DATA 0xba
0000            110   _AMX0P          DATA 0xbb
0000            111   _ADC0CF         DATA 0xbc
0000            112   _ADC0L          DATA 0xbd
0000            113   _ADC0H          DATA 0xbe
0000            114   _SFRPAGE        DATA 0xbf
0000            115   _SMB0CN         DATA 0xc0
0000            116   _SMB1CN         DATA 0xc0
0000            117   _SMB0CF         DATA 0xc1
0000            118   _SMB1CF         DATA 0xc1
0000            119   _SMB0DAT        DATA 0xc2
0000            120   _SMB1DAT        DATA 0xc2
0000            121   _ADC0GTL        DATA 0xc3
0000            122   _ADC0GTH        DATA 0xc4
0000            123   _ADC0LTL        DATA 0xc5
0000            124   _ADC0LTH        DATA 0xc6
0000            125   _P4             DATA 0xc7
0000            126   _TMR2CN         DATA 0xc8
0000            127   _TMR5CN         DATA 0xc8
0000            128   _REG01CN        DATA 0xc9
0000            129   _TMR2RLL        DATA 0xca
0000            130   _TMR5RLL        DATA 0xca
0000            131   _TMR2RLH        DATA 0xcb
0000            132   _TMR5RLH        DATA 0xcb
0000            133   _TMR2L          DATA 0xcc
0000            134   _TMR5L          DATA 0xcc
0000            135   _TMR2H          DATA 0xcd
0000            136   _TMR5H          DATA 0xcd
0000            137   _SMB0ADM        DATA 0xce
0000            138   _SMB1ADM        DATA 0xce
0000            139   _SMB0ADR        DATA 0xcf
0000            140   _SMB1ADR        DATA 0xcf
0000            141   _PSW            DATA 0xd0
0000            142   _REF0CN         DATA 0xd1
0000            143   _SCON1          DATA 0xd2
0000            144   _SBUF1          DATA 0xd3
0000            145   _P0SKIP         DATA 0xd4
0000            146   _P1SKIP         DATA 0xd5
0000            147   _P2SKIP         DATA 0xd6
0000            148   _USB0XCN        DATA 0xd7
0000            149   _PCA0CN         DATA 0xd8
0000            150   _PCA0MD         DATA 0xd9
0000            151   _PCA0CPM0       DATA 0xda
0000            152   _PCA0CPM1       DATA 0xdb
0000            153   _PCA0CPM2       DATA 0xdc
0000            154   _PCA0CPM3       DATA 0xdd
0000            155   _PCA0CPM4       DATA 0xde
0000            156   _P3SKIP         DATA 0xdf
0000            157   _ACC            DATA 0xe0
0000            158   _XBR0           DATA 0xe1
0000            159   _XBR1           DATA 0xe2
0000            160   _XBR2           DATA 0xe3
0000            161   _IT01CF         DATA 0xe4
0000            162   _CKCON1         DATA 0xe4
0000            163   _SMOD1          DATA 0xe5
0000            164   _EIE1           DATA 0xe6
0000            165   _EIE2           DATA 0xe7
0000            166   _ADC0CN         DATA 0xe8
0000            167   _PCA0CPL1       DATA 0xe9
0000            168   _PCA0CPH1       DATA 0xea
0000            169   _PCA0CPL2       DATA 0xeb
0000            170   _PCA0CPH2       DATA 0xec
0000            171   _PCA0CPL3       DATA 0xed
0000            172   _PCA0CPH3       DATA 0xee
0000            173   _RSTSRC         DATA 0xef
0000            174   _B              DATA 0xf0
0000            175   _P0MDIN         DATA 0xf1
0000            176   _P1MDIN         DATA 0xf2
0000            177   _P2MDIN         DATA 0xf3
0000            178   _P3MDIN         DATA 0xf4
0000            179   _P4MDIN         DATA 0xf5
0000            180   _EIP1           DATA 0xf6
0000            181   _EIP2           DATA 0xf7
0000            182   _SPI0CN         DATA 0xf8
0000            183   _PCA0L          DATA 0xf9
0000            184   _PCA0H          DATA 0xfa
0000            185   _PCA0CPL0       DATA 0xfb
0000            186   _PCA0CPH0       DATA 0xfc
0000            187   _PCA0CPL4       DATA 0xfd
0000            188   _PCA0CPH4       DATA 0xfe
0000            189   _VDM0CN         DATA 0xff
0000            190   _DPTR           DATA 0x8382
0000            191   _TMR2RL         DATA 0xcbca
0000            192   _TMR3RL         DATA 0x9392
0000            193   _TMR4RL         DATA 0x9392
0000            194   _TMR5RL         DATA 0xcbca
0000            195   _TMR2           DATA 0xcdcc
0000            196   _TMR3           DATA 0x9594
0000            197   _TMR4           DATA 0x9594
0000            198   _TMR5           DATA 0xcdcc
0000            199   _SBRL1          DATA 0xb5b4
0000            200   _ADC0           DATA 0xbebd
0000            201   _ADC0GT         DATA 0xc4c3
0000            202   _ADC0LT         DATA 0xc6c5
0000            203   _PCA0           DATA 0xfaf9
0000            204   _PCA0CP1        DATA 0xeae9
0000            205   _PCA0CP2        DATA 0xeceb
0000            206   _PCA0CP3        DATA 0xeeed
0000            207   _PCA0CP0        DATA 0xfcfb
0000            208   _PCA0CP4        DATA 0xfefd
0000            209   ;--------------------------------------------------------
0000            210   ; special function bits
0000            211   ;--------------------------------------------------------
0000            212   _P0_0           BIT 0x80
0000            213   _P0_1           BIT 0x81
0000            214   _P0_2           BIT 0x82
0000            215   _P0_3           BIT 0x83
0000            216   _P0_4           BIT 0x84
0000            217   _P0_5           BIT 0x85
0000            218   _P0_6           BIT 0x86
0000            219   _P0_7           BIT 0x87
0000            220   _TF1            BIT 0x8f
0000            221   _TR1            BIT 0x8e
0000            222   _TF0            BIT 0x8d
0000            223   _TR0            BIT 0x8c
0000            224   _IE1            BIT 0x8b
0000            225   _IT1            BIT 0x8a
0000            226   _IE0            BIT 0x89
0000            227   _IT0            BIT 0x88
0000            228   _P1_0           BIT 0x90
0000            229   _P1_1           BIT 0x91
0000            230   _P1_2           BIT 0x92
0000            231   _P1_3           BIT 0x93
0000            232   _P1_4           BIT 0x94
0000            233   _P1_5           BIT 0x95
0000            234   _P1_6           BIT 0x96
0000            235   _P1_7           BIT 0x97
0000            236   _S0MODE         BIT 0x9f
0000            237   _SCON0_6        BIT 0x9e
0000            238   _MCE0           BIT 0x9d
0000            239   _REN0           BIT 0x9c
0000            240   _TB80           BIT 0x9b
0000            241   _RB80           BIT 0x9a
0000            242   _TI0            BIT 0x99
0000            243   _RI0            BIT 0x98
0000            244   _SCON_6         BIT 0x9e
0000            245   _MCE            BIT 0x9d
0000            246   _REN            BIT 0x9c
0000            247   _TB8            BIT 0x9b
0000            248   _RB8            BIT 0x9a
0000            249   _TI             BIT 0x99
0000            250   _RI             BIT 0x98
0000            251   _P2_0           BIT 0xa0
0000            252   _P2_1           BIT 0xa1
0000            253   _P2_2           BIT 0xa2
0000            254   _P2_3           BIT 0xa3
0000            255   _P2_4           BIT 0xa4
0000            256   _P2_5           BIT 0xa5
0000            257   _P2_6           BIT 0xa6
0000            258   _P2_7           BIT 0xa7
0000            259   _EA             BIT 0xaf
0000            260   _ESPI0          BIT 0xae
0000            261   _ET2            BIT 0xad
0000            262   _ES0            BIT 0xac
0000            263   _ET1            BIT 0xab
0000            264   _EX1            BIT 0xaa
0000            265   _ET0            BIT 0xa9
0000            266   _EX0            BIT 0xa8
0000            267   _P3_0           BIT 0xb0
0000            268   _P3_1           BIT 0xb1
0000            269   _P3_2           BIT 0xb2
0000            270   _P3_3           BIT 0xb3
0000            271   _P3_4           BIT 0xb4
0000            272   _P3_5           BIT 0xb5
0000            273   _P3_6           BIT 0xb6
0000            274   _P3_7           BIT 0xb7
0000            275   _IP_7           BIT 0xbf
0000            276   _PSPI0          BIT 0xbe
0000            277   _PT2            BIT 0xbd
0000            278   _PS0            BIT 0xbc
0000            279   _PT1            BIT 0xbb
0000            280   _PX1            BIT 0xba
0000            281   _PT0            BIT 0xb9
0000            282   _PX0            BIT 0xb8
0000            283   _MASTER0        BIT 0xc7
0000            284   _TXMODE0        BIT 0xc6
0000            285   _STA0           BIT 0xc5
0000            286   _STO0           BIT 0xc4
0000            287   _ACKRQ0         BIT 0xc3
0000            288   _ARBLOST0       BIT 0xc2
0000            289   _ACK0           BIT 0xc1
0000            290   _SI0            BIT 0xc0
0000            291   _MASTER1        BIT 0xc7
0000            292   _TXMODE1        BIT 0xc6
0000            293   _STA1           BIT 0xc5
0000            294   _STO1           BIT 0xc4
0000            295   _ACKRQ1         BIT 0xc3
0000            296   _ARBLOST1       BIT 0xc2
0000            297   _ACK1           BIT 0xc1
0000            298   _SI1            BIT 0xc0
0000            299   _TF2            BIT 0xcf
0000            300   _TF2H           BIT 0xcf
0000            301   _TF2L           BIT 0xce
0000            302   _TF2LEN         BIT 0xcd
0000            303   _TF2CEN         BIT 0xcc
0000            304   _T2SPLIT        BIT 0xcb
0000            305   _TR2            BIT 0xca
0000            306   _T2CSS          BIT 0xc9
0000            307   _T2XCLK         BIT 0xc8
0000            308   _TF5H           BIT 0xcf
0000            309   _TF5L           BIT 0xce
0000            310   _TF5LEN         BIT 0xcd
0000            311   _TMR5CN_4       BIT 0xcc
0000            312   _T5SPLIT        BIT 0xcb
0000            313   _TR5            BIT 0xca
0000            314   _TMR5CN_1       BIT 0xc9
0000            315   _T5XCLK         BIT 0xc8
0000            316   _CY             BIT 0xd7
0000            317   _AC             BIT 0xd6
0000            318   _F0             BIT 0xd5
0000            319   _RS1            BIT 0xd4
0000            320   _RS0            BIT 0xd3
0000            321   _OV             BIT 0xd2
0000            322   _F1             BIT 0xd1
0000            323   _PARITY         BIT 0xd0
0000            324   _CF             BIT 0xdf
0000            325   _CR             BIT 0xde
0000            326   _PCA0CN_5       BIT 0xde
0000            327   _CCF4           BIT 0xdc
0000            328   _CCF3           BIT 0xdb
0000            329   _CCF2           BIT 0xda
0000            330   _CCF1           BIT 0xd9
0000            331   _CCF0           BIT 0xd8
0000            332   _ACC_7          BIT 0xe7
0000            333   _ACC_6          BIT 0xe6
0000            334   _ACC_5          BIT 0xe5
0000            335   _ACC_4          BIT 0xe4
0000            336   _ACC_3          BIT 0xe3
0000            337   _ACC_2          BIT 0xe2
0000            338   _ACC_1          BIT 0xe1
0000            339   _ACC_0          BIT 0xe0
0000            340   _AD0EN          BIT 0xef
0000            341   _AD0TM          BIT 0xee
0000            342   _AD0INT         BIT 0xed
0000            343   _AD0BUSY        BIT 0xec
0000            344   _AD0WINT        BIT 0xeb
0000            345   _AD0CM2         BIT 0xea
0000            346   _AD0CM1         BIT 0xe9
0000            347   _AD0CM0         BIT 0xe8
0000            348   _B_7            BIT 0xf7
0000            349   _B_6            BIT 0xf6
0000            350   _B_5            BIT 0xf5
0000            351   _B_4            BIT 0xf4
0000            352   _B_3            BIT 0xf3
0000            353   _B_2            BIT 0xf2
0000            354   _B_1            BIT 0xf1
0000            355   _B_0            BIT 0xf0
0000            356   _SPIF           BIT 0xff
0000            357   _WCOL           BIT 0xfe
0000            358   _MODF           BIT 0xfd
0000            359   _RXOVRN         BIT 0xfc
0000            360   _NSSMD1         BIT 0xfb
0000            361   _NSSMD0         BIT 0xfa
0000            362   _TXBMT          BIT 0xf9
0000            363   _SPIEN          BIT 0xf8
0000            364   ;--------------------------------------------------------
0000            365   ; overlayable register banks
0000            366   ;--------------------------------------------------------
0000            367            rbank0 segment data overlay
0000            368   ;--------------------------------------------------------
0000            369   ; internal ram data
0000            370   ;--------------------------------------------------------
0000            371            rseg R_DSEG
0000            372   _overflow_count:
0000            373            ds 1
0001            374   _main_V_1_91:
0001            375            ds 16
0011            376   _main_sloc0_1_0:
0011            377            ds 4
0015            378   ;--------------------------------------------------------
0015            379   ; overlayable items in internal ram 
0015            380   ;--------------------------------------------------------
0000            381            rseg    R_OSEG
0000            382            rseg    R_OSEG
0000            383   _InitPinADC_PARM_2:
0000            384            ds 1
0001            385            rseg    R_OSEG
0001            386   ;--------------------------------------------------------
0001            387   ; indirectly addressable internal ram data
0001            388   ;--------------------------------------------------------
0000            389            rseg R_ISEG
0000            390   ;--------------------------------------------------------
0000            391   ; absolute internal ram data
0000            392   ;--------------------------------------------------------
0000            393            DSEG
0000            394   ;--------------------------------------------------------
0000            395   ; bit data
0000            396   ;--------------------------------------------------------
0000            397            rseg R_BSEG
0000            398   ;--------------------------------------------------------
0000            399   ; paged external ram data
0000            400   ;--------------------------------------------------------
0000            401            rseg R_PSEG
0000            402   ;--------------------------------------------------------
0000            403   ; external ram data
0000            404   ;--------------------------------------------------------
0000            405            rseg R_XSEG
0000            406   ;--------------------------------------------------------
0000            407   ; absolute external ram data
0000            408   ;--------------------------------------------------------
0000            409            XSEG
0000            410   ;--------------------------------------------------------
0000            411   ; external initialized ram data
0000            412   ;--------------------------------------------------------
0000            413            rseg R_IXSEG
0000            414            rseg R_HOME
0000            415            rseg R_GSINIT
0000            416            rseg R_CSEG
0000            417   ;--------------------------------------------------------
0000            418   ; Reset entry point and interrupt vectors
0000            419   ;--------------------------------------------------------
0000            420            CSEG at 0x0000
0000 020100     421            ljmp    _crt0
0003            422   ;--------------------------------------------------------
0003            423   ; global & static initialisations
0003            424   ;--------------------------------------------------------
0000            425            rseg R_HOME
0000            426            rseg R_GSINIT
0000            427            rseg R_GSINIT
0000            428   ;--------------------------------------------------------
0000            429   ; data variables initialization
0000            430   ;--------------------------------------------------------
0000            431            rseg R_DINIT
0000            432            ; The linker places a 'ret' at the end of segment R_DINIT.
0000            433   ;--------------------------------------------------------
0000            434   ; code
0000            435   ;--------------------------------------------------------
0000            436            rseg R_CSEG
0000            437   ;------------------------------------------------------------
0000            438   ;Allocation info for local variables in function '_c51_external_startup'
0000            439   ;------------------------------------------------------------
0000            440   ;------------------------------------------------------------
0000            441   ;        C:\Users\jeffreyliou\Desktop\elec291\lab5\C851F38_ADC_any_pins.c:24: char _c51_external_startup (void)
0000            442   ;        -----------------------------------------
0000            443   ;         function _c51_external_startup
0000            444   ;        -----------------------------------------
0000            445   __c51_external_startup:
0000            446            using   0
0000            447   ;        C:\Users\jeffreyliou\Desktop\elec291\lab5\C851F38_ADC_any_pins.c:26: PCA0MD&=(~0x40) ;    // DISABLE WDT: clear Watchdog Enable bit
0000 53D9BF     448            anl     _PCA0MD,#0xBF
0003            449   ;        C:\Users\jeffreyliou\Desktop\elec291\lab5\C851F38_ADC_any_pins.c:27: VDM0CN=0x80; // enable VDD monitor
0003 75FF80     450            mov     _VDM0CN,#0x80
0006            451   ;        C:\Users\jeffreyliou\Desktop\elec291\lab5\C851F38_ADC_any_pins.c:28: RSTSRC=0x02|0x04; // Enable reset on missing clock detector and VDD
0006 75EF06     452            mov     _RSTSRC,#0x06
0009            453   ;        C:\Users\jeffreyliou\Desktop\elec291\lab5\C851F38_ADC_any_pins.c:36: CLKSEL|=0b_0000_0011; // SYSCLK derived from the Internal High-Frequency Oscillator / 1.
0009 43A903     454            orl     _CLKSEL,#0x03
000C            455   ;        C:\Users\jeffreyliou\Desktop\elec291\lab5\C851F38_ADC_any_pins.c:40: OSCICN |= 0x03; // Configure internal oscillator for its maximum frequency
000C 43B203     456            orl     _OSCICN,#0x03
000F            457   ;        C:\Users\jeffreyliou\Desktop\elec291\lab5\C851F38_ADC_any_pins.c:43: SCON0 = 0x10; 
000F 759810     458            mov     _SCON0,#0x10
0012            459   ;        C:\Users\jeffreyliou\Desktop\elec291\lab5\C851F38_ADC_any_pins.c:45: TH1 = 0x10000-((SYSCLK/BAUDRATE)/2L);
0012 758D30     460            mov     _TH1,#0x30
0015            461   ;        C:\Users\jeffreyliou\Desktop\elec291\lab5\C851F38_ADC_any_pins.c:46: CKCON &= ~0x0B;                  // T1M = 1; SCA1:0 = xx
0015 538EF4     462            anl     _CKCON,#0xF4
0018            463   ;        C:\Users\jeffreyliou\Desktop\elec291\lab5\C851F38_ADC_any_pins.c:47: CKCON |=  0x08;
0018 438E08     464            orl     _CKCON,#0x08
001B            465   ;        C:\Users\jeffreyliou\Desktop\elec291\lab5\C851F38_ADC_any_pins.c:60: TL1 = TH1;      // Init Timer1
001B 858D8B     466            mov     _TL1,_TH1
001E            467   ;        C:\Users\jeffreyliou\Desktop\elec291\lab5\C851F38_ADC_any_pins.c:61: TMOD &= ~0xf0;  // TMOD: timer 1 in 8-bit autoreload
001E 53890F     468            anl     _TMOD,#0x0F
0021            469   ;        C:\Users\jeffreyliou\Desktop\elec291\lab5\C851F38_ADC_any_pins.c:62: TMOD |=  0x20;                       
0021 438920     470            orl     _TMOD,#0x20
0024            471   ;        C:\Users\jeffreyliou\Desktop\elec291\lab5\C851F38_ADC_any_pins.c:63: TR1 = 1; // START Timer1
0024 D28E       472            setb    _TR1
0026            473   ;        C:\Users\jeffreyliou\Desktop\elec291\lab5\C851F38_ADC_any_pins.c:64: TI = 1;  // Indicate TX0 ready
0026 D299       474            setb    _TI
0028            475   ;        C:\Users\jeffreyliou\Desktop\elec291\lab5\C851F38_ADC_any_pins.c:67: P0MDOUT |= 0x01;  // set P0.0 and P0.4 as push-pull outputs
0028 43A401     476            orl     _P0MDOUT,#0x01
002B            477   ;        C:\Users\jeffreyliou\Desktop\elec291\lab5\C851F38_ADC_any_pins.c:68: XBR0 = 0x01;      // Enable UART0 on P0.4(TX0) and P0.5(RX0)
002B 75E101     478            mov     _XBR0,#0x01
002E            479   ;        C:\Users\jeffreyliou\Desktop\elec291\lab5\C851F38_ADC_any_pins.c:69: XBR1 = 0x40;      // enable crossbar
002E 75E240     480            mov     _XBR1,#0x40
0031            481   ;        C:\Users\jeffreyliou\Desktop\elec291\lab5\C851F38_ADC_any_pins.c:71: return 0;
0031 758200     482            mov     dpl,#0x00
0034 22         483            ret
0035            484   ;------------------------------------------------------------
0035            485   ;Allocation info for local variables in function 'Timer3us'
0035            486   ;------------------------------------------------------------
0035            487   ;us                        Allocated to registers r2 
0035            488   ;i                         Allocated to registers r3 
0035            489   ;------------------------------------------------------------
0035            490   ;        C:\Users\jeffreyliou\Desktop\elec291\lab5\C851F38_ADC_any_pins.c:75: void Timer3us(unsigned char us)
0035            491   ;        -----------------------------------------
0035            492   ;         function Timer3us
0035            493   ;        -----------------------------------------
0035            494   _Timer3us:
0035 AA82       495            mov     r2,dpl
0037            496   ;        C:\Users\jeffreyliou\Desktop\elec291\lab5\C851F38_ADC_any_pins.c:80: CKCON|=0b_0100_0000;
0037 438E40     497            orl     _CKCON,#0x40
003A            498   ;        C:\Users\jeffreyliou\Desktop\elec291\lab5\C851F38_ADC_any_pins.c:82: TMR3RL = (-(SYSCLK)/1000000L); // Set Timer3 to overflow in 1us.
003A 7592D0     499            mov     _TMR3RL,#0xD0
003D 7593FF     500            mov     (_TMR3RL >> 8),#0xFF
0040            501   ;        C:\Users\jeffreyliou\Desktop\elec291\lab5\C851F38_ADC_any_pins.c:83: TMR3 = TMR3RL;                 // Initialize Timer3 for first overflow
0040 859294     502            mov     _TMR3,_TMR3RL
0043 859395     503            mov     (_TMR3 >> 8),(_TMR3RL >> 8)
0046            504   ;        C:\Users\jeffreyliou\Desktop\elec291\lab5\C851F38_ADC_any_pins.c:85: TMR3CN = 0x04;                 // Sart Timer3 and clear overflow flag
0046 759104     505            mov     _TMR3CN,#0x04
0049            506   ;        C:\Users\jeffreyliou\Desktop\elec291\lab5\C851F38_ADC_any_pins.c:86: for (i = 0; i < us; i++)       // Count <us> overflows
0049 7B00       507            mov     r3,#0x00
004B            508   L003006?:
004B C3         509            clr     c
004C EB         510            mov     a,r3
004D 9A         511            subb    a,r2
004E 5001       512            jnc     L003009?
0050            513   ;        C:\Users\jeffreyliou\Desktop\elec291\lab5\C851F38_ADC_any_pins.c:88: while (!(TMR3CN & 0x80));  // Wait for overflow
0050            514   L003001?:
0050 E591       515            mov     a,_TMR3CN
0052 30E728     516            jnb     acc.7,L003001?
0055            517   ;        C:\Users\jeffreyliou\Desktop\elec291\lab5\C851F38_ADC_any_pins.c:89: TMR3CN &= ~(0x80);         // Clear overflow indicator
0055 53917F     518            anl     _TMR3CN,#0x7F
0058            519   ;        C:\Users\jeffreyliou\Desktop\elec291\lab5\C851F38_ADC_any_pins.c:91: if (TF0==1)
0058            520   ;        C:\Users\jeffreyliou\Desktop\elec291\lab5\C851F38_ADC_any_pins.c:93: TF0=0;
0058 108DA8     521            jbc     _TF0,L003019?
005B 8001       522            sjmp    L003008?
005D            523   L003019?:
005D            524   ;        C:\Users\jeffreyliou\Desktop\elec291\lab5\C851F38_ADC_any_pins.c:94: overflow_count++;
005D 05E8       525            inc     _overflow_count
005F            526   L003008?:
005F            527   ;        C:\Users\jeffreyliou\Desktop\elec291\lab5\C851F38_ADC_any_pins.c:86: for (i = 0; i < us; i++)       // Count <us> overflows
005F 0B         528            inc     r3
0060 8001       529            sjmp    L003006?
0062            530   L003009?:
0062            531   ;        C:\Users\jeffreyliou\Desktop\elec291\lab5\C851F38_ADC_any_pins.c:97: TMR3CN = 0 ;                   // Stop Timer3 and clear overflow flag
0062 759100     532            mov     _TMR3CN,#0x00
0065 22         533            ret
0066            534   ;------------------------------------------------------------
0066            535   ;Allocation info for local variables in function 'waitms'
0066            536   ;------------------------------------------------------------
0066            537   ;ms                        Allocated to registers r2 r3 
0066            538   ;j                         Allocated to registers r2 r3 
0066            539   ;------------------------------------------------------------
0066            540   ;        C:\Users\jeffreyliou\Desktop\elec291\lab5\C851F38_ADC_any_pins.c:100: void waitms (unsigned int ms)
0066            541   ;        -----------------------------------------
0066            542   ;         function waitms
0066            543   ;        -----------------------------------------
0066            544   _waitms:
0066 AA82       545            mov     r2,dpl
0068 AB83       546            mov     r3,dph
006A            547   ;        C:\Users\jeffreyliou\Desktop\elec291\lab5\C851F38_ADC_any_pins.c:103: for(j=ms; j!=0; j--)
006A            548   L004001?:
006A BA00A8     549            cjne    r2,#0x00,L004010?
006D BB00A8     550            cjne    r3,#0x00,L004010?
0070 22         551            ret
0071            552   L004010?:
0071            553   ;        C:\Users\jeffreyliou\Desktop\elec291\lab5\C851F38_ADC_any_pins.c:105: Timer3us(249);
0071 7582F9     554            mov     dpl,#0xF9
0074 C002       555            push    ar2
0076 C003       556            push    ar3
0078 120100     557            lcall   _Timer3us
007B            558   ;        C:\Users\jeffreyliou\Desktop\elec291\lab5\C851F38_ADC_any_pins.c:106: Timer3us(249);
007B 7582F9     559            mov     dpl,#0xF9
007E 120100     560            lcall   _Timer3us
0081            561   ;        C:\Users\jeffreyliou\Desktop\elec291\lab5\C851F38_ADC_any_pins.c:107: Timer3us(249);
0081 7582F9     562            mov     dpl,#0xF9
0084 120100     563            lcall   _Timer3us
0087            564   ;        C:\Users\jeffreyliou\Desktop\elec291\lab5\C851F38_ADC_any_pins.c:108: Timer3us(250);
0087 7582FA     565            mov     dpl,#0xFA
008A 120100     566            lcall   _Timer3us
008D D003       567            pop     ar3
008F D002       568            pop     ar2
0091            569   ;        C:\Users\jeffreyliou\Desktop\elec291\lab5\C851F38_ADC_any_pins.c:103: for(j=ms; j!=0; j--)
0091 1A         570            dec     r2
0092 BAFFE8     571            cjne    r2,#0xff,L004011?
0095 1B         572            dec     r3
0096            573   L004011?:
0096 8001       574            sjmp    L004001?
0098            575   ;------------------------------------------------------------
0098            576   ;Allocation info for local variables in function 'InitADC'
0098            577   ;------------------------------------------------------------
0098            578   ;------------------------------------------------------------
0098            579   ;        C:\Users\jeffreyliou\Desktop\elec291\lab5\C851F38_ADC_any_pins.c:112: void InitADC (void)
0098            580   ;        -----------------------------------------
0098            581   ;         function InitADC
0098            582   ;        -----------------------------------------
0098            583   _InitADC:
0098            584   ;        C:\Users\jeffreyliou\Desktop\elec291\lab5\C851F38_ADC_any_pins.c:115: ADC0CF = 0xF8; // SAR clock = 31, Right-justified result
0098 75BCF8     585            mov     _ADC0CF,#0xF8
009B            586   ;        C:\Users\jeffreyliou\Desktop\elec291\lab5\C851F38_ADC_any_pins.c:116: ADC0CN = 0b_1000_0000; // AD0EN=1, AD0TM=0
009B 75E880     587            mov     _ADC0CN,#0x80
009E            588   ;        C:\Users\jeffreyliou\Desktop\elec291\lab5\C851F38_ADC_any_pins.c:117: REF0CN = 0b_0000_1000; //Select VDD as the voltage reference for the converter
009E 75D108     589            mov     _REF0CN,#0x08
00A1 22         590            ret
00A2            591   ;------------------------------------------------------------
00A2            592   ;Allocation info for local variables in function 'InitPinADC'
00A2            593   ;------------------------------------------------------------
00A2            594   ;pinno                     Allocated with name '_InitPinADC_PARM_2'
00A2            595   ;portno                    Allocated to registers r2 
00A2            596   ;mask                      Allocated to registers r3 
00A2            597   ;------------------------------------------------------------
00A2            598   ;        C:\Users\jeffreyliou\Desktop\elec291\lab5\C851F38_ADC_any_pins.c:120: void InitPinADC (unsigned char portno, unsigned char pinno)
00A2            599   ;        -----------------------------------------
00A2            600   ;         function InitPinADC
00A2            601   ;        -----------------------------------------
00A2            602   _InitPinADC:
00A2 AA82       603            mov     r2,dpl
00A4            604   ;        C:\Users\jeffreyliou\Desktop\elec291\lab5\C851F38_ADC_any_pins.c:124: mask=1<<pinno;
00A4 8570F0     605            mov     b,_InitPinADC_PARM_2
00A7 05F0       606            inc     b
00A9 7401       607            mov     a,#0x01
00AB 8001       608            sjmp    L006012?
00AD            609   L006010?:
00AD 25E0       610            add     a,acc
00AF            611   L006012?:
00AF D5F0A8     612            djnz    b,L006010?
00B2 FB         613            mov     r3,a
00B3            614   ;        C:\Users\jeffreyliou\Desktop\elec291\lab5\C851F38_ADC_any_pins.c:126: switch (portno)
00B3 EA         615            mov     a,r2
00B4 24FC       616            add     a,#0xff - 0x03
00B6 4001       617            jc      L006007?
00B8 EA         618            mov     a,r2
00B9 2A         619            add     a,r2
00BA 2A         620            add     a,r2
00BB 909628     621            mov     dptr,#L006014?
00BE 73         622            jmp     @a+dptr
00BF            623   L006014?:
00BF 020100     624            ljmp    L006001?
00C2 020100     625            ljmp    L006002?
00C5 020100     626            ljmp    L006003?
00C8 020100     627            ljmp    L006004?
00CB            628   ;        C:\Users\jeffreyliou\Desktop\elec291\lab5\C851F38_ADC_any_pins.c:128: case 0:
00CB            629   L006001?:
00CB            630   ;        C:\Users\jeffreyliou\Desktop\elec291\lab5\C851F38_ADC_any_pins.c:129: P0MDIN &= (~mask); // Set pin as analog input
00CB EB         631            mov     a,r3
00CC F4         632            cpl     a
00CD 52F1       633            anl     _P0MDIN,a
00CF            634   ;        C:\Users\jeffreyliou\Desktop\elec291\lab5\C851F38_ADC_any_pins.c:130: P0SKIP |= mask; // Skip Crossbar decoding for this pin
00CF EB         635            mov     a,r3
00D0 42D4       636            orl     _P0SKIP,a
00D2            637   ;        C:\Users\jeffreyliou\Desktop\elec291\lab5\C851F38_ADC_any_pins.c:131: break;
00D2            638   ;        C:\Users\jeffreyliou\Desktop\elec291\lab5\C851F38_ADC_any_pins.c:132: case 1:
00D2 22         639            ret
00D3            640   L006002?:
00D3            641   ;        C:\Users\jeffreyliou\Desktop\elec291\lab5\C851F38_ADC_any_pins.c:133: P1MDIN &= (~mask); // Set pin as analog input
00D3 EB         642            mov     a,r3
00D4 F4         643            cpl     a
00D5 52F2       644            anl     _P1MDIN,a
00D7            645   ;        C:\Users\jeffreyliou\Desktop\elec291\lab5\C851F38_ADC_any_pins.c:134: P1SKIP |= mask; // Skip Crossbar decoding for this pin
00D7 EB         646            mov     a,r3
00D8 42D5       647            orl     _P1SKIP,a
00DA            648   ;        C:\Users\jeffreyliou\Desktop\elec291\lab5\C851F38_ADC_any_pins.c:135: break;
00DA            649   ;        C:\Users\jeffreyliou\Desktop\elec291\lab5\C851F38_ADC_any_pins.c:136: case 2:
00DA 22         650            ret
00DB            651   L006003?:
00DB            652   ;        C:\Users\jeffreyliou\Desktop\elec291\lab5\C851F38_ADC_any_pins.c:137: P2MDIN &= (~mask); // Set pin as analog input
00DB EB         653            mov     a,r3
00DC F4         654            cpl     a
00DD 52F3       655            anl     _P2MDIN,a
00DF            656   ;        C:\Users\jeffreyliou\Desktop\elec291\lab5\C851F38_ADC_any_pins.c:138: P2SKIP |= mask; // Skip Crossbar decoding for this pin
00DF EB         657            mov     a,r3
00E0 42D6       658            orl     _P2SKIP,a
00E2            659   ;        C:\Users\jeffreyliou\Desktop\elec291\lab5\C851F38_ADC_any_pins.c:139: break;
00E2            660   ;        C:\Users\jeffreyliou\Desktop\elec291\lab5\C851F38_ADC_any_pins.c:140: case 3:
00E2 22         661            ret
00E3            662   L006004?:
00E3            663   ;        C:\Users\jeffreyliou\Desktop\elec291\lab5\C851F38_ADC_any_pins.c:141: P3MDIN &= (~mask); // Set pin as analog input
00E3 EB         664            mov     a,r3
00E4 F4         665            cpl     a
00E5 FA         666            mov     r2,a
00E6 52F4       667            anl     _P3MDIN,a
00E8            668   ;        C:\Users\jeffreyliou\Desktop\elec291\lab5\C851F38_ADC_any_pins.c:142: P3SKIP |= mask; // Skip Crossbar decoding for this pin
00E8 EB         669            mov     a,r3
00E9 42DF       670            orl     _P3SKIP,a
00EB            671   ;        C:\Users\jeffreyliou\Desktop\elec291\lab5\C851F38_ADC_any_pins.c:146: }
00EB            672   L006007?:
00EB 22         673            ret
00EC            674   ;------------------------------------------------------------
00EC            675   ;Allocation info for local variables in function 'ADC_at_Pin'
00EC            676   ;------------------------------------------------------------
00EC            677   ;pin                       Allocated to registers 
00EC            678   ;------------------------------------------------------------
00EC            679   ;        C:\Users\jeffreyliou\Desktop\elec291\lab5\C851F38_ADC_any_pins.c:149: unsigned int ADC_at_Pin(unsigned char pin)
00EC            680   ;        -----------------------------------------
00EC            681   ;         function ADC_at_Pin
00EC            682   ;        -----------------------------------------
00EC            683   _ADC_at_Pin:
00EC 8582BB     684            mov     _AMX0P,dpl
00EF            685   ;        C:\Users\jeffreyliou\Desktop\elec291\lab5\C851F38_ADC_any_pins.c:152: AMX0N = LQFP32_MUX_GND;  // GND is negative input (Single-ended Mode)
00EF 75BA1F     686            mov     _AMX0N,#0x1F
00F2            687   ;        C:\Users\jeffreyliou\Desktop\elec291\lab5\C851F38_ADC_any_pins.c:154: AD0BUSY=1;
00F2 D2EC       688            setb    _AD0BUSY
00F4            689   ;        C:\Users\jeffreyliou\Desktop\elec291\lab5\C851F38_ADC_any_pins.c:155: while (AD0BUSY); // Wait for dummy conversion to finish
00F4            690   L007001?:
00F4 20EC68     691            jb      _AD0BUSY,L007001?
00F7            692   ;        C:\Users\jeffreyliou\Desktop\elec291\lab5\C851F38_ADC_any_pins.c:157: AD0BUSY = 1;
00F7 D2EC       693            setb    _AD0BUSY
00F9            694   ;        C:\Users\jeffreyliou\Desktop\elec291\lab5\C851F38_ADC_any_pins.c:158: while (AD0BUSY); // Wait for conversion to complete
00F9            695   L007004?:
00F9 20ECA8     696            jb      _AD0BUSY,L007004?
00FC            697   ;        C:\Users\jeffreyliou\Desktop\elec291\lab5\C851F38_ADC_any_pins.c:159: return (ADC0L+(ADC0H*0x100));
00FC AABD       698            mov     r2,_ADC0L
00FE 7B00       699            mov     r3,#0x00
0100 ADBE       700            mov     r5,_ADC0H
0102 7C00       701            mov     r4,#0x00
0104 EC         702            mov     a,r4
0105 2A         703            add     a,r2
0106 F582       704            mov     dpl,a
0108 ED         705            mov     a,r5
0109 3B         706            addc    a,r3
010A F583       707            mov     dph,a
010C 22         708            ret
010D            709   ;------------------------------------------------------------
010D            710   ;Allocation info for local variables in function 'Volts_at_Pin'
010D            711   ;------------------------------------------------------------
010D            712   ;pin                       Allocated to registers r2 
010D            713   ;------------------------------------------------------------
010D            714   ;        C:\Users\jeffreyliou\Desktop\elec291\lab5\C851F38_ADC_any_pins.c:162: float Volts_at_Pin(unsigned char pin)
010D            715   ;        -----------------------------------------
010D            716   ;         function Volts_at_Pin
010D            717   ;        -----------------------------------------
010D            718   _Volts_at_Pin:
010D            719   ;        C:\Users\jeffreyliou\Desktop\elec291\lab5\C851F38_ADC_any_pins.c:164: return ((ADC_at_Pin(pin)*3.30)/1024.0);
010D 120100     720            lcall   _ADC_at_Pin
0110 120100     721            lcall   ___uint2fs
0113 AA82       722            mov     r2,dpl
0115 AB83       723            mov     r3,dph
0117 ACF0       724            mov     r4,b
0119 FD         725            mov     r5,a
011A C002       726            push    ar2
011C C003       727            push    ar3
011E C004       728            push    ar4
0120 C005       729            push    ar5
0122 903333     730            mov     dptr,#0x3333
0125 75F053     731            mov     b,#0x53
0128 7440       732            mov     a,#0x40
012A 120100     733            lcall   ___fsmul
012D AA82       734            mov     r2,dpl
012F AB83       735            mov     r3,dph
0131 ACF0       736            mov     r4,b
0133 FD         737            mov     r5,a
0134 E581       738            mov     a,sp
0136 24FC       739            add     a,#0xfc
0138 F581       740            mov     sp,a
013A E4         741            clr     a
013B C0E0       742            push    acc
013D C0E0       743            push    acc
013F 7480       744            mov     a,#0x80
0141 C0E0       745            push    acc
0143 7444       746            mov     a,#0x44
0145 C0E0       747            push    acc
0147 8A82       748            mov     dpl,r2
0149 8B83       749            mov     dph,r3
014B 8CF0       750            mov     b,r4
014D ED         751            mov     a,r5
014E 120100     752            lcall   ___fsdiv
0151 AA82       753            mov     r2,dpl
0153 AB83       754            mov     r3,dph
0155 ACF0       755            mov     r4,b
0157 FD         756            mov     r5,a
0158 E581       757            mov     a,sp
015A 24FC       758            add     a,#0xfc
015C F581       759            mov     sp,a
015E 8A82       760            mov     dpl,r2
0160 8B83       761            mov     dph,r3
0162 8CF0       762            mov     b,r4
0164 ED         763            mov     a,r5
0165 22         764            ret
0166            765   ;------------------------------------------------------------
0166            766   ;Allocation info for local variables in function 'PORT_Init'
0166            767   ;------------------------------------------------------------
0166            768   ;------------------------------------------------------------
0166            769   ;        C:\Users\jeffreyliou\Desktop\elec291\lab5\C851F38_ADC_any_pins.c:167: void PORT_Init (void)
0166            770   ;        -----------------------------------------
0166            771   ;         function PORT_Init
0166            772   ;        -----------------------------------------
0166            773   _PORT_Init:
0166            774   ;        C:\Users\jeffreyliou\Desktop\elec291\lab5\C851F38_ADC_any_pins.c:169: P0MDOUT |= 0x10; // Enable UART TX as push-pull output
0166 43A410     775            orl     _P0MDOUT,#0x10
0169            776   ;        C:\Users\jeffreyliou\Desktop\elec291\lab5\C851F38_ADC_any_pins.c:170: XBR0=0b_0000_0001; // Enable UART on P0.4(TX) and P0.5(RX)                    
0169 75E101     777            mov     _XBR0,#0x01
016C            778   ;        C:\Users\jeffreyliou\Desktop\elec291\lab5\C851F38_ADC_any_pins.c:171: XBR1=0b_0101_0000; // Enable crossbar.  Enable T0 input.
016C 75E250     779            mov     _XBR1,#0x50
016F            780   ;        C:\Users\jeffreyliou\Desktop\elec291\lab5\C851F38_ADC_any_pins.c:172: XBR2=0b_0000_0000;
016F 75E300     781            mov     _XBR2,#0x00
0172 22         782            ret
0173            783   ;------------------------------------------------------------
0173            784   ;Allocation info for local variables in function 'SYSCLK_Init'
0173            785   ;------------------------------------------------------------
0173            786   ;------------------------------------------------------------
0173            787   ;        C:\Users\jeffreyliou\Desktop\elec291\lab5\C851F38_ADC_any_pins.c:175: void SYSCLK_Init (void)
0173            788   ;        -----------------------------------------
0173            789   ;         function SYSCLK_Init
0173            790   ;        -----------------------------------------
0173            791   _SYSCLK_Init:
0173            792   ;        C:\Users\jeffreyliou\Desktop\elec291\lab5\C851F38_ADC_any_pins.c:183: CLKSEL|=0b_0000_0011; // SYSCLK derived from the Internal High-Frequency Oscillator / 1.
0173 43A903     793            orl     _CLKSEL,#0x03
0176            794   ;        C:\Users\jeffreyliou\Desktop\elec291\lab5\C851F38_ADC_any_pins.c:187: OSCICN |= 0x03;   // Configure internal oscillator for its maximum frequency
0176 43B203     795            orl     _OSCICN,#0x03
0179            796   ;        C:\Users\jeffreyliou\Desktop\elec291\lab5\C851F38_ADC_any_pins.c:188: RSTSRC  = 0x04;   // Enable missing clock detector
0179 75EF04     797            mov     _RSTSRC,#0x04
017C 22         798            ret
017D            799   ;------------------------------------------------------------
017D            800   ;Allocation info for local variables in function 'UART0_Init'
017D            801   ;------------------------------------------------------------
017D            802   ;------------------------------------------------------------
017D            803   ;        C:\Users\jeffreyliou\Desktop\elec291\lab5\C851F38_ADC_any_pins.c:191: void UART0_Init (void)
017D            804   ;        -----------------------------------------
017D            805   ;         function UART0_Init
017D            806   ;        -----------------------------------------
017D            807   _UART0_Init:
017D            808   ;        C:\Users\jeffreyliou\Desktop\elec291\lab5\C851F38_ADC_any_pins.c:193: SCON0 = 0x10;
017D 759810     809            mov     _SCON0,#0x10
0180            810   ;        C:\Users\jeffreyliou\Desktop\elec291\lab5\C851F38_ADC_any_pins.c:196: TH1 = 0x10000-((SYSCLK/BAUDRATE)/2L);
0180 758D30     811            mov     _TH1,#0x30
0183            812   ;        C:\Users\jeffreyliou\Desktop\elec291\lab5\C851F38_ADC_any_pins.c:197: CKCON &= ~0x0B;                  // T1M = 1; SCA1:0 = xx
0183 538EF4     813            anl     _CKCON,#0xF4
0186            814   ;        C:\Users\jeffreyliou\Desktop\elec291\lab5\C851F38_ADC_any_pins.c:198: CKCON |=  0x08;
0186 438E08     815            orl     _CKCON,#0x08
0189            816   ;        C:\Users\jeffreyliou\Desktop\elec291\lab5\C851F38_ADC_any_pins.c:211: TL1 = TH1;      // Init Timer1
0189 858D8B     817            mov     _TL1,_TH1
018C            818   ;        C:\Users\jeffreyliou\Desktop\elec291\lab5\C851F38_ADC_any_pins.c:212: TMOD &= ~0xf0;  // TMOD: timer 1 in 8-bit autoreload
018C 53890F     819            anl     _TMOD,#0x0F
018F            820   ;        C:\Users\jeffreyliou\Desktop\elec291\lab5\C851F38_ADC_any_pins.c:213: TMOD |=  0x20;                       
018F 438920     821            orl     _TMOD,#0x20
0192            822   ;        C:\Users\jeffreyliou\Desktop\elec291\lab5\C851F38_ADC_any_pins.c:214: TR1 = 1; // START Timer1
0192 D28E       823            setb    _TR1
0194            824   ;        C:\Users\jeffreyliou\Desktop\elec291\lab5\C851F38_ADC_any_pins.c:215: TI = 1;  // Indicate TX0 ready
0194 D299       825            setb    _TI
0196 22         826            ret
0197            827   ;------------------------------------------------------------
0197            828   ;Allocation info for local variables in function 'TIMER0_Init'
0197            829   ;------------------------------------------------------------
0197            830   ;------------------------------------------------------------
0197            831   ;        C:\Users\jeffreyliou\Desktop\elec291\lab5\C851F38_ADC_any_pins.c:218: void TIMER0_Init(void)
0197            832   ;        -----------------------------------------
0197            833   ;         function TIMER0_Init
0197            834   ;        -----------------------------------------
0197            835   _TIMER0_Init:
0197            836   ;        C:\Users\jeffreyliou\Desktop\elec291\lab5\C851F38_ADC_any_pins.c:220: TMOD&=0b_1111_0000; // Set the bits of Timer/Counter 0 to zero
0197 5389F0     837            anl     _TMOD,#0xF0
019A            838   ;        C:\Users\jeffreyliou\Desktop\elec291\lab5\C851F38_ADC_any_pins.c:221: TMOD|=0b_0000_0101; // Timer/Counter 0 used as a 16-bit timer
019A 438905     839            orl     _TMOD,#0x05
019D            840   ;        C:\Users\jeffreyliou\Desktop\elec291\lab5\C851F38_ADC_any_pins.c:222: TR0=0; // Stop Timer/Counter 0
019D C28C       841            clr     _TR0
019F 22         842            ret
01A0            843   ;------------------------------------------------------------
01A0            844   ;Allocation info for local variables in function 'main'
01A0            845   ;------------------------------------------------------------
01A0            846   ;frequency                 Allocated to registers r2 r3 r4 r5 
01A0            847   ;V                         Allocated with name '_main_V_1_91'
01A0            848   ;sloc0                     Allocated with name '_main_sloc0_1_0'
01A0            849   ;------------------------------------------------------------
01A0            850   ;        C:\Users\jeffreyliou\Desktop\elec291\lab5\C851F38_ADC_any_pins.c:225: void main (void)
01A0            851   ;        -----------------------------------------
01A0            852   ;         function main
01A0            853   ;        -----------------------------------------
01A0            854   _main:
01A0            855   ;        C:\Users\jeffreyliou\Desktop\elec291\lab5\C851F38_ADC_any_pins.c:232: PCA0MD &= ~0x40; // WDTE = 0 (clear watchdog timer enable)
01A0 53D9BF     856            anl     _PCA0MD,#0xBF
01A3            857   ;        C:\Users\jeffreyliou\Desktop\elec291\lab5\C851F38_ADC_any_pins.c:233: PORT_Init();     // Initialize Port I/O
01A3 120100     858            lcall   _PORT_Init
01A6            859   ;        C:\Users\jeffreyliou\Desktop\elec291\lab5\C851F38_ADC_any_pins.c:234: SYSCLK_Init ();  // Initialize Oscillator
01A6 120100     860            lcall   _SYSCLK_Init
01A9            861   ;        C:\Users\jeffreyliou\Desktop\elec291\lab5\C851F38_ADC_any_pins.c:235: UART0_Init();    // Initialize UART0
01A9 120100     862            lcall   _UART0_Init
01AC            863   ;        C:\Users\jeffreyliou\Desktop\elec291\lab5\C851F38_ADC_any_pins.c:236: TIMER0_Init();
01AC 120100     864            lcall   _TIMER0_Init
01AF            865   ;        C:\Users\jeffreyliou\Desktop\elec291\lab5\C851F38_ADC_any_pins.c:238: printf("\x1b[2J"); // Clear screen using ANSI escape sequence.
01AF 74E8       866            mov     a,#__str_0
01B1 C0E0       867            push    acc
01B3 7498       868            mov     a,#(__str_0 >> 8)
01B5 C0E0       869            push    acc
01B7 7480       870            mov     a,#0x80
01B9 C0E0       871            push    acc
01BB 120100     872            lcall   _printf
01BE 1581       873            dec     sp
01C0 1581       874            dec     sp
01C2 1581       875            dec     sp
01C4            876   ;        C:\Users\jeffreyliou\Desktop\elec291\lab5\C851F38_ADC_any_pins.c:243: __FILE__, __DATE__, __TIME__);
01C4            877   ;        C:\Users\jeffreyliou\Desktop\elec291\lab5\C851F38_ADC_any_pins.c:242: "Compiled: %s, %s\n\n",
01C4 7468       878            mov     a,#__str_4
01C6 C0E0       879            push    acc
01C8 7499       880            mov     a,#(__str_4 >> 8)
01CA C0E0       881            push    acc
01CC 7480       882            mov     a,#0x80
01CE C0E0       883            push    acc
01D0 74A8       884            mov     a,#__str_3
01D2 C0E0       885            push    acc
01D4 7499       886            mov     a,#(__str_3 >> 8)
01D6 C0E0       887            push    acc
01D8 7480       888            mov     a,#0x80
01DA C0E0       889            push    acc
01DC 74E8       890            mov     a,#__str_2
01DE C0E0       891            push    acc
01E0 7499       892            mov     a,#(__str_2 >> 8)
01E2 C0E0       893            push    acc
01E4 7480       894            mov     a,#0x80
01E6 C0E0       895            push    acc
01E8 7428       896            mov     a,#__str_1
01EA C0E0       897            push    acc
01EC 749A       898            mov     a,#(__str_1 >> 8)
01EE C0E0       899            push    acc
01F0 7480       900            mov     a,#0x80
01F2 C0E0       901            push    acc
01F4 120100     902            lcall   _printf
01F7 E581       903            mov     a,sp
01F9 24F4       904            add     a,#0xf4
01FB F581       905            mov     sp,a
01FD            906   ;        C:\Users\jeffreyliou\Desktop\elec291\lab5\C851F38_ADC_any_pins.c:245: InitPinADC(2, 0); // Configure P2.0 as analog input
01FD 757000     907            mov     _InitPinADC_PARM_2,#0x00
0200 758202     908            mov     dpl,#0x02
0203 120100     909            lcall   _InitPinADC
0206            910   ;        C:\Users\jeffreyliou\Desktop\elec291\lab5\C851F38_ADC_any_pins.c:246: InitPinADC(2, 1); // Configure P2.1 as analog input
0206 757001     911            mov     _InitPinADC_PARM_2,#0x01
0209 758202     912            mov     dpl,#0x02
020C 120100     913            lcall   _InitPinADC
020F            914   ;        C:\Users\jeffreyliou\Desktop\elec291\lab5\C851F38_ADC_any_pins.c:247: InitPinADC(2, 2); // Configure P2.2 as analog input
020F 757002     915            mov     _InitPinADC_PARM_2,#0x02
0212 758202     916            mov     dpl,#0x02
0215 120100     917            lcall   _InitPinADC
0218            918   ;        C:\Users\jeffreyliou\Desktop\elec291\lab5\C851F38_ADC_any_pins.c:248: InitPinADC(2, 3); // Configure P2.3 as analog input
0218 757003     919            mov     _InitPinADC_PARM_2,#0x03
021B 758202     920            mov     dpl,#0x02
021E 120100     921            lcall   _InitPinADC
0221            922   ;        C:\Users\jeffreyliou\Desktop\elec291\lab5\C851F38_ADC_any_pins.c:250: InitADC();
0221 120100     923            lcall   _InitADC
0224            924   ;        C:\Users\jeffreyliou\Desktop\elec291\lab5\C851F38_ADC_any_pins.c:252: while(1)
0224            925   L013002?:
0224            926   ;        C:\Users\jeffreyliou\Desktop\elec291\lab5\C851F38_ADC_any_pins.c:254: V[0]=Volts_at_Pin(LQFP32_MUX_P2_0);
0224 758208     927            mov     dpl,#0x08
0227 120100     928            lcall   _Volts_at_Pin
022A AA82       929            mov     r2,dpl
022C AB83       930            mov     r3,dph
022E ACF0       931            mov     r4,b
0230 FD         932            mov     r5,a
0231 8AA8       933            mov     _main_V_1_91,r2
0233 8BA9       934            mov     (_main_V_1_91 + 1),r3
0235 8CAA       935            mov     (_main_V_1_91 + 2),r4
0237 8DAB       936            mov     (_main_V_1_91 + 3),r5
0239            937   ;        C:\Users\jeffreyliou\Desktop\elec291\lab5\C851F38_ADC_any_pins.c:255: V[1]=Volts_at_Pin(LQFP32_MUX_P2_1);
0239 758209     938            mov     dpl,#0x09
023C 120100     939            lcall   _Volts_at_Pin
023F AA82       940            mov     r2,dpl
0241 AB83       941            mov     r3,dph
0243 ACF0       942            mov     r4,b
0245 FD         943            mov     r5,a
0246 8AAC       944            mov     (_main_V_1_91 + 0x0004),r2
0248 8BAD       945            mov     ((_main_V_1_91 + 0x0004) + 1),r3
024A 8CAE       946            mov     ((_main_V_1_91 + 0x0004) + 2),r4
024C 8DAF       947            mov     ((_main_V_1_91 + 0x0004) + 3),r5
024E            948   ;        C:\Users\jeffreyliou\Desktop\elec291\lab5\C851F38_ADC_any_pins.c:256: V[2]=Volts_at_Pin(LQFP32_MUX_P2_2);
024E 75820A     949            mov     dpl,#0x0A
0251 120100     950            lcall   _Volts_at_Pin
0254 AA82       951            mov     r2,dpl
0256 AB83       952            mov     r3,dph
0258 ACF0       953            mov     r4,b
025A FD         954            mov     r5,a
025B 8AB0       955            mov     (_main_V_1_91 + 0x0008),r2
025D 8BB1       956            mov     ((_main_V_1_91 + 0x0008) + 1),r3
025F 8CB2       957            mov     ((_main_V_1_91 + 0x0008) + 2),r4
0261 8DB3       958            mov     ((_main_V_1_91 + 0x0008) + 3),r5
0263            959   ;        C:\Users\jeffreyliou\Desktop\elec291\lab5\C851F38_ADC_any_pins.c:257: V[3]=Volts_at_Pin(LQFP32_MUX_P2_3);
0263 75820B     960            mov     dpl,#0x0B
0266 120100     961            lcall   _Volts_at_Pin
0269 AA82       962            mov     r2,dpl
026B AB83       963            mov     r3,dph
026D ACF0       964            mov     r4,b
026F FD         965            mov     r5,a
0270 8AB4       966            mov     (_main_V_1_91 + 0x000c),r2
0272 8BB5       967            mov     ((_main_V_1_91 + 0x000c) + 1),r3
0274 8CB6       968            mov     ((_main_V_1_91 + 0x000c) + 2),r4
0276 8DB7       969            mov     ((_main_V_1_91 + 0x000c) + 3),r5
0278            970   ;        C:\Users\jeffreyliou\Desktop\elec291\lab5\C851F38_ADC_any_pins.c:260: TL0=0;
0278 758A00     971            mov     _TL0,#0x00
027B            972   ;        C:\Users\jeffreyliou\Desktop\elec291\lab5\C851F38_ADC_any_pins.c:261: TH0=0;
027B 758C00     973            mov     _TH0,#0x00
027E            974   ;        C:\Users\jeffreyliou\Desktop\elec291\lab5\C851F38_ADC_any_pins.c:262: overflow_count=0;
027E 75E800     975            mov     _overflow_count,#0x00
0281            976   ;        C:\Users\jeffreyliou\Desktop\elec291\lab5\C851F38_ADC_any_pins.c:263: TF0=0;
0281 C28D       977            clr     _TF0
0283            978   ;        C:\Users\jeffreyliou\Desktop\elec291\lab5\C851F38_ADC_any_pins.c:264: TR0=1; // Start Timer/Counter 0
0283 D28C       979            setb    _TR0
0285            980   ;        C:\Users\jeffreyliou\Desktop\elec291\lab5\C851F38_ADC_any_pins.c:265: waitms(1000);
0285 9003E8     981            mov     dptr,#0x03E8
0288 120100     982            lcall   _waitms
028B            983   ;        C:\Users\jeffreyliou\Desktop\elec291\lab5\C851F38_ADC_any_pins.c:266: TR0=0; // Stop Timer/Counter 0
028B C28C       984            clr     _TR0
028D            985   ;        C:\Users\jeffreyliou\Desktop\elec291\lab5\C851F38_ADC_any_pins.c:267: frequency=overflow_count*0x10000L+TH0*0x100L+TL0;
028D AAE8       986            mov     r2,_overflow_count
028F 7B00       987            mov     r3,#0x00
0291 8BEB       988            mov     (_main_sloc0_1_0 + 3),r3
0293 8AEA       989            mov     (_main_sloc0_1_0 + 2),r2
0295 75E900     990            mov     (_main_sloc0_1_0 + 1),#0x00
0298 75E800     991            mov     _main_sloc0_1_0,#0x00
029B AE8C       992            mov     r6,_TH0
029D 7F00       993            mov     r7,#0x00
029F 7A00       994            mov     r2,#0x00
02A1 8A03       995            mov     ar3,r2
02A3 8F02       996            mov     ar2,r7
02A5 8E07       997            mov     ar7,r6
02A7 7E00       998            mov     r6,#0x00
02A9 EE         999            mov     a,r6
02AA 25E8      1000            add     a,_main_sloc0_1_0
02AC F5E8      1001            mov     _main_sloc0_1_0,a
02AE EF        1002            mov     a,r7
02AF 35E9      1003            addc    a,(_main_sloc0_1_0 + 1)
02B1 F5E9      1004            mov     (_main_sloc0_1_0 + 1),a
02B3 EA        1005            mov     a,r2
02B4 35EA      1006            addc    a,(_main_sloc0_1_0 + 2)
02B6 F5EA      1007            mov     (_main_sloc0_1_0 + 2),a
02B8 EB        1008            mov     a,r3
02B9 35EB      1009            addc    a,(_main_sloc0_1_0 + 3)
02BB F5EB      1010            mov     (_main_sloc0_1_0 + 3),a
02BD AC8A      1011            mov     r4,_TL0
02BF E4        1012            clr     a
02C0 FD        1013            mov     r5,a
02C1 33        1014            rlc     a
02C2 95E0      1015            subb    a,acc
02C4 FA        1016            mov     r2,a
02C5 FB        1017            mov     r3,a
02C6 EC        1018            mov     a,r4
02C7 25E8      1019            add     a,_main_sloc0_1_0
02C9 FC        1020            mov     r4,a
02CA ED        1021            mov     a,r5
02CB 35E9      1022            addc    a,(_main_sloc0_1_0 + 1)
02CD FD        1023            mov     r5,a
02CE EA        1024            mov     a,r2
02CF 35EA      1025            addc    a,(_main_sloc0_1_0 + 2)
02D1 FA        1026            mov     r2,a
02D2 EB        1027            mov     a,r3
02D3 35EB      1028            addc    a,(_main_sloc0_1_0 + 3)
02D5 8C82      1029            mov     dpl,r4
02D7 8D83      1030            mov     dph,r5
02D9 8AF0      1031            mov     b,r2
02DB 120100    1032            lcall   ___slong2fs
02DE AA82      1033            mov     r2,dpl
02E0 AB83      1034            mov     r3,dph
02E2 ACF0      1035            mov     r4,b
02E4 FD        1036            mov     r5,a
02E5           1037   ;        C:\Users\jeffreyliou\Desktop\elec291\lab5\C851F38_ADC_any_pins.c:270: printf("V0=%5.3f, V1=%5.3f, V2=%5.3f, V3=%5.3f f=%.3f Hz\r", V[0], V[1], V[2], V[3], frequency);          
02E5 C002      1038            push    ar2
02E7 C003      1039            push    ar3
02E9 C004      1040            push    ar4
02EB C005      1041            push    ar5
02ED C0B4      1042            push    (_main_V_1_91 + 0x000c)
02EF C0B5      1043            push    ((_main_V_1_91 + 0x000c) + 1)
02F1 C0B6      1044            push    ((_main_V_1_91 + 0x000c) + 2)
02F3 C0B7      1045            push    ((_main_V_1_91 + 0x000c) + 3)
02F5 C0B0      1046            push    (_main_V_1_91 + 0x0008)
02F7 C0B1      1047            push    ((_main_V_1_91 + 0x0008) + 1)
02F9 C0B2      1048            push    ((_main_V_1_91 + 0x0008) + 2)
02FB C0B3      1049            push    ((_main_V_1_91 + 0x0008) + 3)
02FD C0AC      1050            push    (_main_V_1_91 + 0x0004)
02FF C0AD      1051            push    ((_main_V_1_91 + 0x0004) + 1)
0301 C0AE      1052            push    ((_main_V_1_91 + 0x0004) + 2)
0303 C0AF      1053            push    ((_main_V_1_91 + 0x0004) + 3)
0305 C0A8      1054            push    _main_V_1_91
0307 C0A9      1055            push    (_main_V_1_91 + 1)
0309 C0AA      1056            push    (_main_V_1_91 + 2)
030B C0AB      1057            push    (_main_V_1_91 + 3)
030D 74E8      1058            mov     a,#__str_5
030F C0E0      1059            push    acc
0311 749A      1060            mov     a,#(__str_5 >> 8)
0313 C0E0      1061            push    acc
0315 7480      1062            mov     a,#0x80
0317 C0E0      1063            push    acc
0319 120100    1064            lcall   _printf
031C E581      1065            mov     a,sp
031E 24E9      1066            add     a,#0xe9
0320 F581      1067            mov     sp,a
0322           1068   ;        C:\Users\jeffreyliou\Desktop\elec291\lab5\C851F38_ADC_any_pins.c:271: waitms(100);              
0322 900064    1069            mov     dptr,#0x0064
0325 120100    1070            lcall   _waitms
0328 020100    1071            ljmp    L013002?
032B           1072            rseg R_CSEG
032B           1073   
0000           1074            rseg R_XINIT
0000           1075   
0000           1076            rseg R_CONST
0000           1077   __str_0:
0000 1B        1078            db 0x1B
0001 5B324A    1079            db '[2J'
0004 00        1080            db 0x00
0005           1081   __str_1:
0005 50686173  1082            db 'Phasor Test Program'
     6F722054
     65737420
     50726F67
     72616D
0018 0A        1083            db 0x0A
0019 4170706C  1084            db 'Apply analog voltages to P2.0, P2.1, P2.'
     7920616E
     616C6F67
     20766F6C
     74616765
     7320746F
     2050322E
     302C2050
     322E312C
     2050322E
0041 322C2061  1085            db '2, and P2.3'
     6E642050
     322E33
004C 0A        1086            db 0x0A
004D 46696C65  1087            db 'File: %s'
     3A202573
0055 0A        1088            db 0x0A
0056 436F6D70  1089            db 'Compiled: %s, %s'
     696C6564
     3A202573
     2C202573
0066 0A        1090            db 0x0A
0067 0A        1091            db 0x0A
0068 00        1092            db 0x00
0069           1093   __str_2:
0069 433A      1094            db 'C:'
006B 5C        1095            db 0x5C
006C 55736572  1096            db 'Users'
     73
0071 5C        1097            db 0x5C
0072 6A656666  1098            db 'jeffreyliou'
     7265796C
     696F75
007D 5C        1099            db 0x5C
007E 4465736B  1100            db 'Desktop'
     746F70
0085 5C        1101            db 0x5C
0086 656C6563  1102            db 'elec291'
     323931
008D 5C        1103            db 0x5C
008E 6C616235  1104            db 'lab5'
0092 5C        1105            db 0x5C
0093 43383531  1106            db 'C851F38_ADC_any_pi'
     4633385F
     4144435F
     616E795F
     7069
00A5 6E732E63  1107            db 'ns.c'
00A9 00        1108            db 0x00
00AA           1109   __str_3:
00AA 4D617220  1110            db 'Mar  7 2016'
     20372032
     303136
00B5 00        1111            db 0x00
00B6           1112   __str_4:
00B6 32313A32  1113            db '21:22:04'
     323A3034
00BE 00        1114            db 0x00
00BF           1115   __str_5:
00BF 56303D25  1116            db 'V0=%5.3f, V1=%5.3f, V2=%5.3f, V3=%5.3f f=%.3f Hz'
     352E3366
     2C205631
     3D25352E
     33662C20
     56323D25
     352E3366
     2C205633
     3D25352E
     33662066
     3D252E33
     6620487A
00EF 0D        1117            db 0x0D
00F0 00        1118            db 0x00
00F1           1119   
0003           1120            CSEG
0003           1121   
0003           1122   end
