0000              1   ;--------------------------------------------------------
0000              2   ; File Created by C51
0000              3   ; Version 1.0.0 #1069 (Apr 23 2015) (MSVC)
0000              4   ; This file was generated Tue Mar 08 11:05:30 2016
0000              5   ;--------------------------------------------------------
                  5   $name cp437_databox
                  6   $optc51 --model-small
                  7   $printf_float
0000              9            R_DSEG    segment data
0000             10            R_CSEG    segment code
0000             11            R_BSEG    segment bit
0000             12            R_XSEG    segment xdata
0000             13            R_PSEG    segment xdata
0000             14            R_ISEG    segment idata
0000             15            R_OSEG    segment data overlay
0000             16            BIT_BANK  segment data overlay
0000             17            R_HOME    segment code
0000             18            R_GSINIT  segment code
0000             19            R_IXSEG   segment xdata
0000             20            R_CONST   segment code
0000             21            R_XINIT   segment code
0000             22            R_DINIT   segment code
0000             23   
0000             24   ;--------------------------------------------------------
0000             25   ; Public variables in this module
0000             26   ;--------------------------------------------------------
0000             27            public _main
0000             28            public _UART0_Init
0000             29            public _SYSCLK_Init
0000             30            public _PORT_Init
0000             31   ;--------------------------------------------------------
0000             32   ; Special Function Registers
0000             33   ;--------------------------------------------------------
0000             34   _P0             DATA 0x80
0000             35   _SP             DATA 0x81
0000             36   _DPL            DATA 0x82
0000             37   _DPH            DATA 0x83
0000             38   _EMI0TC         DATA 0x84
0000             39   _EMI0CF         DATA 0x85
0000             40   _OSCLCN         DATA 0x86
0000             41   _PCON           DATA 0x87
0000             42   _TCON           DATA 0x88
0000             43   _TMOD           DATA 0x89
0000             44   _TL0            DATA 0x8a
0000             45   _TL1            DATA 0x8b
0000             46   _TH0            DATA 0x8c
0000             47   _TH1            DATA 0x8d
0000             48   _CKCON          DATA 0x8e
0000             49   _PSCTL          DATA 0x8f
0000             50   _P1             DATA 0x90
0000             51   _TMR3CN         DATA 0x91
0000             52   _TMR4CN         DATA 0x91
0000             53   _TMR3RLL        DATA 0x92
0000             54   _TMR4RLL        DATA 0x92
0000             55   _TMR3RLH        DATA 0x93
0000             56   _TMR4RLH        DATA 0x93
0000             57   _TMR3L          DATA 0x94
0000             58   _TMR4L          DATA 0x94
0000             59   _TMR3H          DATA 0x95
0000             60   _TMR4H          DATA 0x95
0000             61   _USB0ADR        DATA 0x96
0000             62   _USB0DAT        DATA 0x97
0000             63   _SCON           DATA 0x98
0000             64   _SCON0          DATA 0x98
0000             65   _SBUF           DATA 0x99
0000             66   _SBUF0          DATA 0x99
0000             67   _CPT1CN         DATA 0x9a
0000             68   _CPT0CN         DATA 0x9b
0000             69   _CPT1MD         DATA 0x9c
0000             70   _CPT0MD         DATA 0x9d
0000             71   _CPT1MX         DATA 0x9e
0000             72   _CPT0MX         DATA 0x9f
0000             73   _P2             DATA 0xa0
0000             74   _SPI0CFG        DATA 0xa1
0000             75   _SPI0CKR        DATA 0xa2
0000             76   _SPI0DAT        DATA 0xa3
0000             77   _P0MDOUT        DATA 0xa4
0000             78   _P1MDOUT        DATA 0xa5
0000             79   _P2MDOUT        DATA 0xa6
0000             80   _P3MDOUT        DATA 0xa7
0000             81   _IE             DATA 0xa8
0000             82   _CLKSEL         DATA 0xa9
0000             83   _EMI0CN         DATA 0xaa
0000             84   __XPAGE         DATA 0xaa
0000             85   _SBCON1         DATA 0xac
0000             86   _P4MDOUT        DATA 0xae
0000             87   _PFE0CN         DATA 0xaf
0000             88   _P3             DATA 0xb0
0000             89   _OSCXCN         DATA 0xb1
0000             90   _OSCICN         DATA 0xb2
0000             91   _OSCICL         DATA 0xb3
0000             92   _SBRLL1         DATA 0xb4
0000             93   _SBRLH1         DATA 0xb5
0000             94   _FLSCL          DATA 0xb6
0000             95   _FLKEY          DATA 0xb7
0000             96   _IP             DATA 0xb8
0000             97   _CLKMUL         DATA 0xb9
0000             98   _SMBTC          DATA 0xb9
0000             99   _AMX0N          DATA 0xba
0000            100   _AMX0P          DATA 0xbb
0000            101   _ADC0CF         DATA 0xbc
0000            102   _ADC0L          DATA 0xbd
0000            103   _ADC0H          DATA 0xbe
0000            104   _SFRPAGE        DATA 0xbf
0000            105   _SMB0CN         DATA 0xc0
0000            106   _SMB1CN         DATA 0xc0
0000            107   _SMB0CF         DATA 0xc1
0000            108   _SMB1CF         DATA 0xc1
0000            109   _SMB0DAT        DATA 0xc2
0000            110   _SMB1DAT        DATA 0xc2
0000            111   _ADC0GTL        DATA 0xc3
0000            112   _ADC0GTH        DATA 0xc4
0000            113   _ADC0LTL        DATA 0xc5
0000            114   _ADC0LTH        DATA 0xc6
0000            115   _P4             DATA 0xc7
0000            116   _TMR2CN         DATA 0xc8
0000            117   _TMR5CN         DATA 0xc8
0000            118   _REG01CN        DATA 0xc9
0000            119   _TMR2RLL        DATA 0xca
0000            120   _TMR5RLL        DATA 0xca
0000            121   _TMR2RLH        DATA 0xcb
0000            122   _TMR5RLH        DATA 0xcb
0000            123   _TMR2L          DATA 0xcc
0000            124   _TMR5L          DATA 0xcc
0000            125   _TMR2H          DATA 0xcd
0000            126   _TMR5H          DATA 0xcd
0000            127   _SMB0ADM        DATA 0xce
0000            128   _SMB1ADM        DATA 0xce
0000            129   _SMB0ADR        DATA 0xcf
0000            130   _SMB1ADR        DATA 0xcf
0000            131   _PSW            DATA 0xd0
0000            132   _REF0CN         DATA 0xd1
0000            133   _SCON1          DATA 0xd2
0000            134   _SBUF1          DATA 0xd3
0000            135   _P0SKIP         DATA 0xd4
0000            136   _P1SKIP         DATA 0xd5
0000            137   _P2SKIP         DATA 0xd6
0000            138   _USB0XCN        DATA 0xd7
0000            139   _PCA0CN         DATA 0xd8
0000            140   _PCA0MD         DATA 0xd9
0000            141   _PCA0CPM0       DATA 0xda
0000            142   _PCA0CPM1       DATA 0xdb
0000            143   _PCA0CPM2       DATA 0xdc
0000            144   _PCA0CPM3       DATA 0xdd
0000            145   _PCA0CPM4       DATA 0xde
0000            146   _P3SKIP         DATA 0xdf
0000            147   _ACC            DATA 0xe0
0000            148   _XBR0           DATA 0xe1
0000            149   _XBR1           DATA 0xe2
0000            150   _XBR2           DATA 0xe3
0000            151   _IT01CF         DATA 0xe4
0000            152   _CKCON1         DATA 0xe4
0000            153   _SMOD1          DATA 0xe5
0000            154   _EIE1           DATA 0xe6
0000            155   _EIE2           DATA 0xe7
0000            156   _ADC0CN         DATA 0xe8
0000            157   _PCA0CPL1       DATA 0xe9
0000            158   _PCA0CPH1       DATA 0xea
0000            159   _PCA0CPL2       DATA 0xeb
0000            160   _PCA0CPH2       DATA 0xec
0000            161   _PCA0CPL3       DATA 0xed
0000            162   _PCA0CPH3       DATA 0xee
0000            163   _RSTSRC         DATA 0xef
0000            164   _B              DATA 0xf0
0000            165   _P0MDIN         DATA 0xf1
0000            166   _P1MDIN         DATA 0xf2
0000            167   _P2MDIN         DATA 0xf3
0000            168   _P3MDIN         DATA 0xf4
0000            169   _P4MDIN         DATA 0xf5
0000            170   _EIP1           DATA 0xf6
0000            171   _EIP2           DATA 0xf7
0000            172   _SPI0CN         DATA 0xf8
0000            173   _PCA0L          DATA 0xf9
0000            174   _PCA0H          DATA 0xfa
0000            175   _PCA0CPL0       DATA 0xfb
0000            176   _PCA0CPH0       DATA 0xfc
0000            177   _PCA0CPL4       DATA 0xfd
0000            178   _PCA0CPH4       DATA 0xfe
0000            179   _VDM0CN         DATA 0xff
0000            180   _DPTR           DATA 0x8382
0000            181   _TMR2RL         DATA 0xcbca
0000            182   _TMR3RL         DATA 0x9392
0000            183   _TMR4RL         DATA 0x9392
0000            184   _TMR5RL         DATA 0xcbca
0000            185   _TMR2           DATA 0xcdcc
0000            186   _TMR3           DATA 0x9594
0000            187   _TMR4           DATA 0x9594
0000            188   _TMR5           DATA 0xcdcc
0000            189   _SBRL1          DATA 0xb5b4
0000            190   _ADC0           DATA 0xbebd
0000            191   _ADC0GT         DATA 0xc4c3
0000            192   _ADC0LT         DATA 0xc6c5
0000            193   _PCA0           DATA 0xfaf9
0000            194   _PCA0CP1        DATA 0xeae9
0000            195   _PCA0CP2        DATA 0xeceb
0000            196   _PCA0CP3        DATA 0xeeed
0000            197   _PCA0CP0        DATA 0xfcfb
0000            198   _PCA0CP4        DATA 0xfefd
0000            199   ;--------------------------------------------------------
0000            200   ; special function bits
0000            201   ;--------------------------------------------------------
0000            202   _P0_0           BIT 0x80
0000            203   _P0_1           BIT 0x81
0000            204   _P0_2           BIT 0x82
0000            205   _P0_3           BIT 0x83
0000            206   _P0_4           BIT 0x84
0000            207   _P0_5           BIT 0x85
0000            208   _P0_6           BIT 0x86
0000            209   _P0_7           BIT 0x87
0000            210   _TF1            BIT 0x8f
0000            211   _TR1            BIT 0x8e
0000            212   _TF0            BIT 0x8d
0000            213   _TR0            BIT 0x8c
0000            214   _IE1            BIT 0x8b
0000            215   _IT1            BIT 0x8a
0000            216   _IE0            BIT 0x89
0000            217   _IT0            BIT 0x88
0000            218   _P1_0           BIT 0x90
0000            219   _P1_1           BIT 0x91
0000            220   _P1_2           BIT 0x92
0000            221   _P1_3           BIT 0x93
0000            222   _P1_4           BIT 0x94
0000            223   _P1_5           BIT 0x95
0000            224   _P1_6           BIT 0x96
0000            225   _P1_7           BIT 0x97
0000            226   _S0MODE         BIT 0x9f
0000            227   _SCON0_6        BIT 0x9e
0000            228   _MCE0           BIT 0x9d
0000            229   _REN0           BIT 0x9c
0000            230   _TB80           BIT 0x9b
0000            231   _RB80           BIT 0x9a
0000            232   _TI0            BIT 0x99
0000            233   _RI0            BIT 0x98
0000            234   _SCON_6         BIT 0x9e
0000            235   _MCE            BIT 0x9d
0000            236   _REN            BIT 0x9c
0000            237   _TB8            BIT 0x9b
0000            238   _RB8            BIT 0x9a
0000            239   _TI             BIT 0x99
0000            240   _RI             BIT 0x98
0000            241   _P2_0           BIT 0xa0
0000            242   _P2_1           BIT 0xa1
0000            243   _P2_2           BIT 0xa2
0000            244   _P2_3           BIT 0xa3
0000            245   _P2_4           BIT 0xa4
0000            246   _P2_5           BIT 0xa5
0000            247   _P2_6           BIT 0xa6
0000            248   _P2_7           BIT 0xa7
0000            249   _EA             BIT 0xaf
0000            250   _ESPI0          BIT 0xae
0000            251   _ET2            BIT 0xad
0000            252   _ES0            BIT 0xac
0000            253   _ET1            BIT 0xab
0000            254   _EX1            BIT 0xaa
0000            255   _ET0            BIT 0xa9
0000            256   _EX0            BIT 0xa8
0000            257   _P3_0           BIT 0xb0
0000            258   _P3_1           BIT 0xb1
0000            259   _P3_2           BIT 0xb2
0000            260   _P3_3           BIT 0xb3
0000            261   _P3_4           BIT 0xb4
0000            262   _P3_5           BIT 0xb5
0000            263   _P3_6           BIT 0xb6
0000            264   _P3_7           BIT 0xb7
0000            265   _IP_7           BIT 0xbf
0000            266   _PSPI0          BIT 0xbe
0000            267   _PT2            BIT 0xbd
0000            268   _PS0            BIT 0xbc
0000            269   _PT1            BIT 0xbb
0000            270   _PX1            BIT 0xba
0000            271   _PT0            BIT 0xb9
0000            272   _PX0            BIT 0xb8
0000            273   _MASTER0        BIT 0xc7
0000            274   _TXMODE0        BIT 0xc6
0000            275   _STA0           BIT 0xc5
0000            276   _STO0           BIT 0xc4
0000            277   _ACKRQ0         BIT 0xc3
0000            278   _ARBLOST0       BIT 0xc2
0000            279   _ACK0           BIT 0xc1
0000            280   _SI0            BIT 0xc0
0000            281   _MASTER1        BIT 0xc7
0000            282   _TXMODE1        BIT 0xc6
0000            283   _STA1           BIT 0xc5
0000            284   _STO1           BIT 0xc4
0000            285   _ACKRQ1         BIT 0xc3
0000            286   _ARBLOST1       BIT 0xc2
0000            287   _ACK1           BIT 0xc1
0000            288   _SI1            BIT 0xc0
0000            289   _TF2            BIT 0xcf
0000            290   _TF2H           BIT 0xcf
0000            291   _TF2L           BIT 0xce
0000            292   _TF2LEN         BIT 0xcd
0000            293   _TF2CEN         BIT 0xcc
0000            294   _T2SPLIT        BIT 0xcb
0000            295   _TR2            BIT 0xca
0000            296   _T2CSS          BIT 0xc9
0000            297   _T2XCLK         BIT 0xc8
0000            298   _TF5H           BIT 0xcf
0000            299   _TF5L           BIT 0xce
0000            300   _TF5LEN         BIT 0xcd
0000            301   _TMR5CN_4       BIT 0xcc
0000            302   _T5SPLIT        BIT 0xcb
0000            303   _TR5            BIT 0xca
0000            304   _TMR5CN_1       BIT 0xc9
0000            305   _T5XCLK         BIT 0xc8
0000            306   _CY             BIT 0xd7
0000            307   _AC             BIT 0xd6
0000            308   _F0             BIT 0xd5
0000            309   _RS1            BIT 0xd4
0000            310   _RS0            BIT 0xd3
0000            311   _OV             BIT 0xd2
0000            312   _F1             BIT 0xd1
0000            313   _PARITY         BIT 0xd0
0000            314   _CF             BIT 0xdf
0000            315   _CR             BIT 0xde
0000            316   _PCA0CN_5       BIT 0xde
0000            317   _CCF4           BIT 0xdc
0000            318   _CCF3           BIT 0xdb
0000            319   _CCF2           BIT 0xda
0000            320   _CCF1           BIT 0xd9
0000            321   _CCF0           BIT 0xd8
0000            322   _ACC_7          BIT 0xe7
0000            323   _ACC_6          BIT 0xe6
0000            324   _ACC_5          BIT 0xe5
0000            325   _ACC_4          BIT 0xe4
0000            326   _ACC_3          BIT 0xe3
0000            327   _ACC_2          BIT 0xe2
0000            328   _ACC_1          BIT 0xe1
0000            329   _ACC_0          BIT 0xe0
0000            330   _AD0EN          BIT 0xef
0000            331   _AD0TM          BIT 0xee
0000            332   _AD0INT         BIT 0xed
0000            333   _AD0BUSY        BIT 0xec
0000            334   _AD0WINT        BIT 0xeb
0000            335   _AD0CM2         BIT 0xea
0000            336   _AD0CM1         BIT 0xe9
0000            337   _AD0CM0         BIT 0xe8
0000            338   _B_7            BIT 0xf7
0000            339   _B_6            BIT 0xf6
0000            340   _B_5            BIT 0xf5
0000            341   _B_4            BIT 0xf4
0000            342   _B_3            BIT 0xf3
0000            343   _B_2            BIT 0xf2
0000            344   _B_1            BIT 0xf1
0000            345   _B_0            BIT 0xf0
0000            346   _SPIF           BIT 0xff
0000            347   _WCOL           BIT 0xfe
0000            348   _MODF           BIT 0xfd
0000            349   _RXOVRN         BIT 0xfc
0000            350   _NSSMD1         BIT 0xfb
0000            351   _NSSMD0         BIT 0xfa
0000            352   _TXBMT          BIT 0xf9
0000            353   _SPIEN          BIT 0xf8
0000            354   ;--------------------------------------------------------
0000            355   ; overlayable register banks
0000            356   ;--------------------------------------------------------
0000            357            rbank0 segment data overlay
0000            358   ;--------------------------------------------------------
0000            359   ; internal ram data
0000            360   ;--------------------------------------------------------
0000            361            rseg R_DSEG
0000            362   ;--------------------------------------------------------
0000            363   ; overlayable items in internal ram 
0000            364   ;--------------------------------------------------------
0000            365            rseg R_OSEG
0000            366   ;--------------------------------------------------------
0000            367   ; indirectly addressable internal ram data
0000            368   ;--------------------------------------------------------
0000            369            rseg R_ISEG
0000            370   ;--------------------------------------------------------
0000            371   ; absolute internal ram data
0000            372   ;--------------------------------------------------------
0000            373            DSEG
0000            374   ;--------------------------------------------------------
0000            375   ; bit data
0000            376   ;--------------------------------------------------------
0000            377            rseg R_BSEG
0000            378   ;--------------------------------------------------------
0000            379   ; paged external ram data
0000            380   ;--------------------------------------------------------
0000            381            rseg R_PSEG
0000            382   ;--------------------------------------------------------
0000            383   ; external ram data
0000            384   ;--------------------------------------------------------
0000            385            rseg R_XSEG
0000            386   ;--------------------------------------------------------
0000            387   ; absolute external ram data
0000            388   ;--------------------------------------------------------
0000            389            XSEG
0000            390   ;--------------------------------------------------------
0000            391   ; external initialized ram data
0000            392   ;--------------------------------------------------------
0000            393            rseg R_IXSEG
0000            394            rseg R_HOME
0000            395            rseg R_GSINIT
0000            396            rseg R_CSEG
0000            397   ;--------------------------------------------------------
0000            398   ; Reset entry point and interrupt vectors
0000            399   ;--------------------------------------------------------
0000            400            CSEG at 0x0000
0000 020100     401            ljmp    _crt0
0003            402   ;--------------------------------------------------------
0003            403   ; global & static initialisations
0003            404   ;--------------------------------------------------------
0000            405            rseg R_HOME
0000            406            rseg R_GSINIT
0000            407            rseg R_GSINIT
0000            408   ;--------------------------------------------------------
0000            409   ; data variables initialization
0000            410   ;--------------------------------------------------------
0000            411            rseg R_DINIT
0000            412            ; The linker places a 'ret' at the end of segment R_DINIT.
0000            413   ;--------------------------------------------------------
0000            414   ; code
0000            415   ;--------------------------------------------------------
0000            416            rseg R_CSEG
0000            417   ;------------------------------------------------------------
0000            418   ;Allocation info for local variables in function 'PORT_Init'
0000            419   ;------------------------------------------------------------
0000            420   ;------------------------------------------------------------
0000            421   ;        C:\Users\jeffreyliou\Desktop\elec291\lab5\cp437_databox.c:29: void PORT_Init (void)
0000            422   ;        -----------------------------------------
0000            423   ;         function PORT_Init
0000            424   ;        -----------------------------------------
0000            425   _PORT_Init:
0000            426            using   0
0000            427   ;        C:\Users\jeffreyliou\Desktop\elec291\lab5\cp437_databox.c:31: P0MDOUT |= 0x10; // Enable UTX as push-pull output
0000 43A410     428            orl     _P0MDOUT,#0x10
0003            429   ;        C:\Users\jeffreyliou\Desktop\elec291\lab5\cp437_databox.c:32: XBR0     = 0x01; // Enable UART on P0.4(TX) and P0.5(RX)                     
0003 75E101     430            mov     _XBR0,#0x01
0006            431   ;        C:\Users\jeffreyliou\Desktop\elec291\lab5\cp437_databox.c:33: XBR1     = 0x40; // Enable crossbar and weak pull-ups
0006 75E240     432            mov     _XBR1,#0x40
0009 22         433            ret
000A            434   ;------------------------------------------------------------
000A            435   ;Allocation info for local variables in function 'SYSCLK_Init'
000A            436   ;------------------------------------------------------------
000A            437   ;------------------------------------------------------------
000A            438   ;        C:\Users\jeffreyliou\Desktop\elec291\lab5\cp437_databox.c:36: void SYSCLK_Init (void)
000A            439   ;        -----------------------------------------
000A            440   ;         function SYSCLK_Init
000A            441   ;        -----------------------------------------
000A            442   _SYSCLK_Init:
000A            443   ;        C:\Users\jeffreyliou\Desktop\elec291\lab5\cp437_databox.c:38: CLKSEL|=0b_0000_0011; // SYSCLK derived from Internal HF Osc / 1.
000A 43A903     444            orl     _CLKSEL,#0x03
000D            445   ;        C:\Users\jeffreyliou\Desktop\elec291\lab5\cp437_databox.c:39: OSCICN |= 0x03;   // Configure internal oscillator for its maximum 
000D 43B203     446            orl     _OSCICN,#0x03
0010            447   ;        C:\Users\jeffreyliou\Desktop\elec291\lab5\cp437_databox.c:40: RSTSRC  = 0x04;   // Enable missing clock detector
0010 75EF04     448            mov     _RSTSRC,#0x04
0013 22         449            ret
0014            450   ;------------------------------------------------------------
0014            451   ;Allocation info for local variables in function 'UART0_Init'
0014            452   ;------------------------------------------------------------
0014            453   ;------------------------------------------------------------
0014            454   ;        C:\Users\jeffreyliou\Desktop\elec291\lab5\cp437_databox.c:43: void UART0_Init (void)
0014            455   ;        -----------------------------------------
0014            456   ;         function UART0_Init
0014            457   ;        -----------------------------------------
0014            458   _UART0_Init:
0014            459   ;        C:\Users\jeffreyliou\Desktop\elec291\lab5\cp437_databox.c:45: SCON0 = 0x10;
0014 759810     460            mov     _SCON0,#0x10
0017            461   ;        C:\Users\jeffreyliou\Desktop\elec291\lab5\cp437_databox.c:46: TH1 = 0x10000-((SYSCLK/BAUDRATE)/2L);
0017 758D30     462            mov     _TH1,#0x30
001A            463   ;        C:\Users\jeffreyliou\Desktop\elec291\lab5\cp437_databox.c:47: CKCON &= ~0x0B; // T1M = 1; SCA1:0 = xx
001A 538EF4     464            anl     _CKCON,#0xF4
001D            465   ;        C:\Users\jeffreyliou\Desktop\elec291\lab5\cp437_databox.c:48: CKCON |=  0x08;
001D 438E08     466            orl     _CKCON,#0x08
0020            467   ;        C:\Users\jeffreyliou\Desktop\elec291\lab5\cp437_databox.c:49: TL1 = TH1;      // Init Timer1
0020 858D8B     468            mov     _TL1,_TH1
0023            469   ;        C:\Users\jeffreyliou\Desktop\elec291\lab5\cp437_databox.c:50: TMOD &= ~0xf0;  // TMOD: timer 1 in 8-bit auto-reload
0023 53890F     470            anl     _TMOD,#0x0F
0026            471   ;        C:\Users\jeffreyliou\Desktop\elec291\lab5\cp437_databox.c:51: TMOD |=  0x20;                       
0026 438920     472            orl     _TMOD,#0x20
0029            473   ;        C:\Users\jeffreyliou\Desktop\elec291\lab5\cp437_databox.c:52: TR1 = 1; // START Timer1
0029 D28E       474            setb    _TR1
002B            475   ;        C:\Users\jeffreyliou\Desktop\elec291\lab5\cp437_databox.c:53: TI = 1;  // Indicate TX0 ready
002B D299       476            setb    _TI
002D 22         477            ret
002E            478   ;------------------------------------------------------------
002E            479   ;Allocation info for local variables in function 'main'
002E            480   ;------------------------------------------------------------
002E            481   ;------------------------------------------------------------
002E            482   ;        C:\Users\jeffreyliou\Desktop\elec291\lab5\cp437_databox.c:56: void main (void)
002E            483   ;        -----------------------------------------
002E            484   ;         function main
002E            485   ;        -----------------------------------------
002E            486   _main:
002E            487   ;        C:\Users\jeffreyliou\Desktop\elec291\lab5\cp437_databox.c:58: PCA0MD &= ~0x40; // WDTE = 0 (clear watchdog timer enable)
002E 53D9BF     488            anl     _PCA0MD,#0xBF
0031            489   ;        C:\Users\jeffreyliou\Desktop\elec291\lab5\cp437_databox.c:59: PORT_Init();     // Initialize Port I/O
0031 120100     490            lcall   _PORT_Init
0034            491   ;        C:\Users\jeffreyliou\Desktop\elec291\lab5\cp437_databox.c:60: SYSCLK_Init ();  // Initialize Oscillator
0034 120100     492            lcall   _SYSCLK_Init
0037            493   ;        C:\Users\jeffreyliou\Desktop\elec291\lab5\cp437_databox.c:61: UART0_Init();    // Initialize UART0
0037 120100     494            lcall   _UART0_Init
003A            495   ;        C:\Users\jeffreyliou\Desktop\elec291\lab5\cp437_databox.c:62: printf( CLEAR_SCREEN );
003A 7440       496            mov     a,#__str_0
003C C0E0       497            push    acc
003E 748F       498            mov     a,#(__str_0 >> 8)
0040 C0E0       499            push    acc
0042 7480       500            mov     a,#0x80
0044 C0E0       501            push    acc
0046 120100     502            lcall   _printf
0049 1581       503            dec     sp
004B 1581       504            dec     sp
004D 1581       505            dec     sp
004F            506   ;        C:\Users\jeffreyliou\Desktop\elec291\lab5\cp437_databox.c:63: printf( FORE_BACK , COLOR_BLACK, COLOR_WHITE );
004F 7407       507            mov     a,#0x07
0051 C0E0       508            push    acc
0053 E4         509            clr     a
0054 C0E0       510            push    acc
0056 E4         511            clr     a
0057 C0E0       512            push    acc
0059 C0E0       513            push    acc
005B 7440       514            mov     a,#__str_1
005D C0E0       515            push    acc
005F 7490       516            mov     a,#(__str_1 >> 8)
0061 C0E0       517            push    acc
0063 7480       518            mov     a,#0x80
0065 C0E0       519            push    acc
0067 120100     520            lcall   _printf
006A E581       521            mov     a,sp
006C 24F9       522            add     a,#0xf9
006E F581       523            mov     sp,a
0070            524   ;        C:\Users\jeffreyliou\Desktop\elec291\lab5\cp437_databox.c:65: printf( "ษออออออออออออหออออออออออออป\n" );
0070 7480       525            mov     a,#__str_2
0072 C0E0       526            push    acc
0074 7490       527            mov     a,#(__str_2 >> 8)
0076 C0E0       528            push    acc
0078 7480       529            mov     a,#0x80
007A C0E0       530            push    acc
007C 120100     531            lcall   _printf
007F 1581       532            dec     sp
0081 1581       533            dec     sp
0083 1581       534            dec     sp
0085            535   ;        C:\Users\jeffreyliou\Desktop\elec291\lab5\cp437_databox.c:66: printf( "บ Vrms Ref   บ            บ\n" );
0085 74C0       536            mov     a,#__str_3
0087 C0E0       537            push    acc
0089 7490       538            mov     a,#(__str_3 >> 8)
008B C0E0       539            push    acc
008D 7480       540            mov     a,#0x80
008F C0E0       541            push    acc
0091 120100     542            lcall   _printf
0094 1581       543            dec     sp
0096 1581       544            dec     sp
0098 1581       545            dec     sp
009A            546   ;        C:\Users\jeffreyliou\Desktop\elec291\lab5\cp437_databox.c:67: printf( "ฬออออออออออออฮออออออออออออน\n" );
009A 7400       547            mov     a,#__str_4
009C C0E0       548            push    acc
009E 7491       549            mov     a,#(__str_4 >> 8)
00A0 C0E0       550            push    acc
00A2 7480       551            mov     a,#0x80
00A4 C0E0       552            push    acc
00A6 120100     553            lcall   _printf
00A9 1581       554            dec     sp
00AB 1581       555            dec     sp
00AD 1581       556            dec     sp
00AF            557   ;        C:\Users\jeffreyliou\Desktop\elec291\lab5\cp437_databox.c:68: printf( "บ Vrms Test  บ            บ\n" );
00AF 7440       558            mov     a,#__str_5
00B1 C0E0       559            push    acc
00B3 7491       560            mov     a,#(__str_5 >> 8)
00B5 C0E0       561            push    acc
00B7 7480       562            mov     a,#0x80
00B9 C0E0       563            push    acc
00BB 120100     564            lcall   _printf
00BE 1581       565            dec     sp
00C0 1581       566            dec     sp
00C2 1581       567            dec     sp
00C4            568   ;        C:\Users\jeffreyliou\Desktop\elec291\lab5\cp437_databox.c:69: printf( "ฬออออออออออออฮออออออออออออน\n" );
00C4 7400       569            mov     a,#__str_4
00C6 C0E0       570            push    acc
00C8 7491       571            mov     a,#(__str_4 >> 8)
00CA C0E0       572            push    acc
00CC 7480       573            mov     a,#0x80
00CE C0E0       574            push    acc
00D0 120100     575            lcall   _printf
00D3 1581       576            dec     sp
00D5 1581       577            dec     sp
00D7 1581       578            dec     sp
00D9            579   ;        C:\Users\jeffreyliou\Desktop\elec291\lab5\cp437_databox.c:70: printf( "บ Phase      บ            บ\n" );
00D9 7480       580            mov     a,#__str_6
00DB C0E0       581            push    acc
00DD 7491       582            mov     a,#(__str_6 >> 8)
00DF C0E0       583            push    acc
00E1 7480       584            mov     a,#0x80
00E3 C0E0       585            push    acc
00E5 120100     586            lcall   _printf
00E8 1581       587            dec     sp
00EA 1581       588            dec     sp
00EC 1581       589            dec     sp
00EE            590   ;        C:\Users\jeffreyliou\Desktop\elec291\lab5\cp437_databox.c:71: printf( "ฬออออออออออออฮออออออออออออน\n" );
00EE 7400       591            mov     a,#__str_4
00F0 C0E0       592            push    acc
00F2 7491       593            mov     a,#(__str_4 >> 8)
00F4 C0E0       594            push    acc
00F6 7480       595            mov     a,#0x80
00F8 C0E0       596            push    acc
00FA 120100     597            lcall   _printf
00FD 1581       598            dec     sp
00FF 1581       599            dec     sp
0101 1581       600            dec     sp
0103            601   ;        C:\Users\jeffreyliou\Desktop\elec291\lab5\cp437_databox.c:72: printf( "บ Frequency  บ            บ\n" );
0103 74C0       602            mov     a,#__str_7
0105 C0E0       603            push    acc
0107 7491       604            mov     a,#(__str_7 >> 8)
0109 C0E0       605            push    acc
010B 7480       606            mov     a,#0x80
010D C0E0       607            push    acc
010F 120100     608            lcall   _printf
0112 1581       609            dec     sp
0114 1581       610            dec     sp
0116 1581       611            dec     sp
0118            612   ;        C:\Users\jeffreyliou\Desktop\elec291\lab5\cp437_databox.c:73: printf( "ศออออออออออออสออออออออออออผ\n" );
0118 7400       613            mov     a,#__str_8
011A C0E0       614            push    acc
011C 7492       615            mov     a,#(__str_8 >> 8)
011E C0E0       616            push    acc
0120 7480       617            mov     a,#0x80
0122 C0E0       618            push    acc
0124 120100     619            lcall   _printf
0127 1581       620            dec     sp
0129 1581       621            dec     sp
012B 1581       622            dec     sp
012D            623   ;        C:\Users\jeffreyliou\Desktop\elec291\lab5\cp437_databox.c:75: printf( GOTO_YX , 2, 18);
012D 7412       624            mov     a,#0x12
012F C0E0       625            push    acc
0131 E4         626            clr     a
0132 C0E0       627            push    acc
0134 7402       628            mov     a,#0x02
0136 C0E0       629            push    acc
0138 E4         630            clr     a
0139 C0E0       631            push    acc
013B 7440       632            mov     a,#__str_9
013D C0E0       633            push    acc
013F 7492       634            mov     a,#(__str_9 >> 8)
0141 C0E0       635            push    acc
0143 7480       636            mov     a,#0x80
0145 C0E0       637            push    acc
0147 120100     638            lcall   _printf
014A E581       639            mov     a,sp
014C 24F9       640            add     a,#0xf9
014E F581       641            mov     sp,a
0150            642   ;        C:\Users\jeffreyliou\Desktop\elec291\lab5\cp437_databox.c:76: printf( FORE_BACK , COLOR_RED, COLOR_WHITE );
0150 7407       643            mov     a,#0x07
0152 C0E0       644            push    acc
0154 E4         645            clr     a
0155 C0E0       646            push    acc
0157 7401       647            mov     a,#0x01
0159 C0E0       648            push    acc
015B E4         649            clr     a
015C C0E0       650            push    acc
015E 7440       651            mov     a,#__str_1
0160 C0E0       652            push    acc
0162 7490       653            mov     a,#(__str_1 >> 8)
0164 C0E0       654            push    acc
0166 7480       655            mov     a,#0x80
0168 C0E0       656            push    acc
016A 120100     657            lcall   _printf
016D E581       658            mov     a,sp
016F 24F9       659            add     a,#0xf9
0171 F581       660            mov     sp,a
0173            661   ;        C:\Users\jeffreyliou\Desktop\elec291\lab5\cp437_databox.c:77: printf("%6.3f", 2.543);
0173 7483       662            mov     a,#0x83
0175 C0E0       663            push    acc
0177 74C0       664            mov     a,#0xC0
0179 C0E0       665            push    acc
017B 7422       666            mov     a,#0x22
017D C0E0       667            push    acc
017F 7440       668            mov     a,#0x40
0181 C0E0       669            push    acc
0183 7480       670            mov     a,#__str_10
0185 C0E0       671            push    acc
0187 7492       672            mov     a,#(__str_10 >> 8)
0189 C0E0       673            push    acc
018B 7480       674            mov     a,#0x80
018D C0E0       675            push    acc
018F 120100     676            lcall   _printf
0192 E581       677            mov     a,sp
0194 24F9       678            add     a,#0xf9
0196 F581       679            mov     sp,a
0198            680   ;        C:\Users\jeffreyliou\Desktop\elec291\lab5\cp437_databox.c:78: printf( GOTO_YX , 4, 18);
0198 7412       681            mov     a,#0x12
019A C0E0       682            push    acc
019C E4         683            clr     a
019D C0E0       684            push    acc
019F 7404       685            mov     a,#0x04
01A1 C0E0       686            push    acc
01A3 E4         687            clr     a
01A4 C0E0       688            push    acc
01A6 7440       689            mov     a,#__str_9
01A8 C0E0       690            push    acc
01AA 7492       691            mov     a,#(__str_9 >> 8)
01AC C0E0       692            push    acc
01AE 7480       693            mov     a,#0x80
01B0 C0E0       694            push    acc
01B2 120100     695            lcall   _printf
01B5 E581       696            mov     a,sp
01B7 24F9       697            add     a,#0xf9
01B9 F581       698            mov     sp,a
01BB            699   ;        C:\Users\jeffreyliou\Desktop\elec291\lab5\cp437_databox.c:79: printf( FORE_BACK , COLOR_GREEN, COLOR_WHITE );
01BB 7407       700            mov     a,#0x07
01BD C0E0       701            push    acc
01BF E4         702            clr     a
01C0 C0E0       703            push    acc
01C2 7402       704            mov     a,#0x02
01C4 C0E0       705            push    acc
01C6 E4         706            clr     a
01C7 C0E0       707            push    acc
01C9 7440       708            mov     a,#__str_1
01CB C0E0       709            push    acc
01CD 7490       710            mov     a,#(__str_1 >> 8)
01CF C0E0       711            push    acc
01D1 7480       712            mov     a,#0x80
01D3 C0E0       713            push    acc
01D5 120100     714            lcall   _printf
01D8 E581       715            mov     a,sp
01DA 24F9       716            add     a,#0xf9
01DC F581       717            mov     sp,a
01DE            718   ;        C:\Users\jeffreyliou\Desktop\elec291\lab5\cp437_databox.c:80: printf("%6.3f", 1.191);
01DE 74B0       719            mov     a,#0xB0
01E0 C0E0       720            push    acc
01E2 7472       721            mov     a,#0x72
01E4 C0E0       722            push    acc
01E6 7498       723            mov     a,#0x98
01E8 C0E0       724            push    acc
01EA 743F       725            mov     a,#0x3F
01EC C0E0       726            push    acc
01EE 7480       727            mov     a,#__str_10
01F0 C0E0       728            push    acc
01F2 7492       729            mov     a,#(__str_10 >> 8)
01F4 C0E0       730            push    acc
01F6 7480       731            mov     a,#0x80
01F8 C0E0       732            push    acc
01FA 120100     733            lcall   _printf
01FD E581       734            mov     a,sp
01FF 24F9       735            add     a,#0xf9
0201 F581       736            mov     sp,a
0203            737   ;        C:\Users\jeffreyliou\Desktop\elec291\lab5\cp437_databox.c:81: printf( GOTO_YX , 6, 18);
0203 7412       738            mov     a,#0x12
0205 C0E0       739            push    acc
0207 E4         740            clr     a
0208 C0E0       741            push    acc
020A 7406       742            mov     a,#0x06
020C C0E0       743            push    acc
020E E4         744            clr     a
020F C0E0       745            push    acc
0211 7440       746            mov     a,#__str_9
0213 C0E0       747            push    acc
0215 7492       748            mov     a,#(__str_9 >> 8)
0217 C0E0       749            push    acc
0219 7480       750            mov     a,#0x80
021B C0E0       751            push    acc
021D 120100     752            lcall   _printf
0220 E581       753            mov     a,sp
0222 24F9       754            add     a,#0xf9
0224 F581       755            mov     sp,a
0226            756   ;        C:\Users\jeffreyliou\Desktop\elec291\lab5\cp437_databox.c:82: printf( FORE_BACK , COLOR_BLUE, COLOR_WHITE );
0226 7407       757            mov     a,#0x07
0228 C0E0       758            push    acc
022A E4         759            clr     a
022B C0E0       760            push    acc
022D 7404       761            mov     a,#0x04
022F C0E0       762            push    acc
0231 E4         763            clr     a
0232 C0E0       764            push    acc
0234 7440       765            mov     a,#__str_1
0236 C0E0       766            push    acc
0238 7490       767            mov     a,#(__str_1 >> 8)
023A C0E0       768            push    acc
023C 7480       769            mov     a,#0x80
023E C0E0       770            push    acc
0240 120100     771            lcall   _printf
0243 E581       772            mov     a,sp
0245 24F9       773            add     a,#0xf9
0247 F581       774            mov     sp,a
0249            775   ;        C:\Users\jeffreyliou\Desktop\elec291\lab5\cp437_databox.c:83: printf("%7.3f", -47.39);
0249 745C       776            mov     a,#0x5C
024B C0E0       777            push    acc
024D 748F       778            mov     a,#0x8F
024F C0E0       779            push    acc
0251 743D       780            mov     a,#0x3D
0253 C0E0       781            push    acc
0255 74C2       782            mov     a,#0xC2
0257 C0E0       783            push    acc
0259 74C0       784            mov     a,#__str_11
025B C0E0       785            push    acc
025D 7492       786            mov     a,#(__str_11 >> 8)
025F C0E0       787            push    acc
0261 7480       788            mov     a,#0x80
0263 C0E0       789            push    acc
0265 120100     790            lcall   _printf
0268 E581       791            mov     a,sp
026A 24F9       792            add     a,#0xf9
026C F581       793            mov     sp,a
026E            794   ;        C:\Users\jeffreyliou\Desktop\elec291\lab5\cp437_databox.c:84: printf( GOTO_YX , 8, 18);
026E 7412       795            mov     a,#0x12
0270 C0E0       796            push    acc
0272 E4         797            clr     a
0273 C0E0       798            push    acc
0275 7408       799            mov     a,#0x08
0277 C0E0       800            push    acc
0279 E4         801            clr     a
027A C0E0       802            push    acc
027C 7440       803            mov     a,#__str_9
027E C0E0       804            push    acc
0280 7492       805            mov     a,#(__str_9 >> 8)
0282 C0E0       806            push    acc
0284 7480       807            mov     a,#0x80
0286 C0E0       808            push    acc
0288 120100     809            lcall   _printf
028B E581       810            mov     a,sp
028D 24F9       811            add     a,#0xf9
028F F581       812            mov     sp,a
0291            813   ;        C:\Users\jeffreyliou\Desktop\elec291\lab5\cp437_databox.c:85: printf( FORE_BACK , COLOR_MAGENTA, COLOR_WHITE );
0291 7407       814            mov     a,#0x07
0293 C0E0       815            push    acc
0295 E4         816            clr     a
0296 C0E0       817            push    acc
0298 7405       818            mov     a,#0x05
029A C0E0       819            push    acc
029C E4         820            clr     a
029D C0E0       821            push    acc
029F 7440       822            mov     a,#__str_1
02A1 C0E0       823            push    acc
02A3 7490       824            mov     a,#(__str_1 >> 8)
02A5 C0E0       825            push    acc
02A7 7480       826            mov     a,#0x80
02A9 C0E0       827            push    acc
02AB 120100     828            lcall   _printf
02AE E581       829            mov     a,sp
02B0 24F9       830            add     a,#0xf9
02B2 F581       831            mov     sp,a
02B4            832   ;        C:\Users\jeffreyliou\Desktop\elec291\lab5\cp437_databox.c:86: printf("%7.3f", 59.44);
02B4 748F       833            mov     a,#0x8F
02B6 C0E0       834            push    acc
02B8 74C2       835            mov     a,#0xC2
02BA C0E0       836            push    acc
02BC 746D       837            mov     a,#0x6D
02BE C0E0       838            push    acc
02C0 7442       839            mov     a,#0x42
02C2 C0E0       840            push    acc
02C4 74C0       841            mov     a,#__str_11
02C6 C0E0       842            push    acc
02C8 7492       843            mov     a,#(__str_11 >> 8)
02CA C0E0       844            push    acc
02CC 7480       845            mov     a,#0x80
02CE C0E0       846            push    acc
02D0 120100     847            lcall   _printf
02D3 E581       848            mov     a,sp
02D5 24F9       849            add     a,#0xf9
02D7 F581       850            mov     sp,a
02D9 22         851            ret
02DA            852            rseg R_CSEG
02DA            853   
0000            854            rseg R_XINIT
0000            855   
0000            856            rseg R_CONST
0000            857   __str_0:
0000 1B         858            db 0x1B
0001 5B324A     859            db '[2J'
0004 00         860            db 0x00
0005            861   __str_1:
0005 1B         862            db 0x1B
0006 5B303B33   863            db '[0;3%d;4%dm'
     25643B34
     25646D
0011 00         864            db 0x00
0012            865   __str_2:
0012 C9         866            db 0xC9
0013 CD         867            db 0xCD
0014 CD         868            db 0xCD
0015 CD         869            db 0xCD
0016 CD         870            db 0xCD
0017 CD         871            db 0xCD
0018 CD         872            db 0xCD
0019 CD         873            db 0xCD
001A CD         874            db 0xCD
001B CD         875            db 0xCD
001C CD         876            db 0xCD
001D CD         877            db 0xCD
001E CD         878            db 0xCD
001F CB         879            db 0xCB
0020 CD         880            db 0xCD
0021 CD         881            db 0xCD
0022 CD         882            db 0xCD
0023 CD         883            db 0xCD
0024 CD         884            db 0xCD
0025 CD         885            db 0xCD
0026 CD         886            db 0xCD
0027 CD         887            db 0xCD
0028 CD         888            db 0xCD
0029 CD         889            db 0xCD
002A CD         890            db 0xCD
002B CD         891            db 0xCD
002C BB         892            db 0xBB
002D 0A         893            db 0x0A
002E 00         894            db 0x00
002F            895   __str_3:
002F BA         896            db 0xBA
0030 2056726D   897            db ' Vrms Ref   '
     73205265
     66202020
003C BA         898            db 0xBA
003D 20202020   899            db '            '
     20202020
     20202020
0049 BA         900            db 0xBA
004A 0A         901            db 0x0A
004B 00         902            db 0x00
004C            903   __str_4:
004C CC         904            db 0xCC
004D CD         905            db 0xCD
004E CD         906            db 0xCD
004F CD         907            db 0xCD
0050 CD         908            db 0xCD
0051 CD         909            db 0xCD
0052 CD         910            db 0xCD
0053 CD         911            db 0xCD
0054 CD         912            db 0xCD
0055 CD         913            db 0xCD
0056 CD         914            db 0xCD
0057 CD         915            db 0xCD
0058 CD         916            db 0xCD
0059 CE         917            db 0xCE
005A CD         918            db 0xCD
005B CD         919            db 0xCD
005C CD         920            db 0xCD
005D CD         921            db 0xCD
005E CD         922            db 0xCD
005F CD         923            db 0xCD
0060 CD         924            db 0xCD
0061 CD         925            db 0xCD
0062 CD         926            db 0xCD
0063 CD         927            db 0xCD
0064 CD         928            db 0xCD
0065 CD         929            db 0xCD
0066 B9         930            db 0xB9
0067 0A         931            db 0x0A
0068 00         932            db 0x00
0069            933   __str_5:
0069 BA         934            db 0xBA
006A 2056726D   935            db ' Vrms Test  '
     73205465
     73742020
0076 BA         936            db 0xBA
0077 20202020   937            db '            '
     20202020
     20202020
0083 BA         938            db 0xBA
0084 0A         939            db 0x0A
0085 00         940            db 0x00
0086            941   __str_6:
0086 BA         942            db 0xBA
0087 20506861   943            db ' Phase      '
     73652020
     20202020
0093 BA         944            db 0xBA
0094 20202020   945            db '            '
     20202020
     20202020
00A0 BA         946            db 0xBA
00A1 0A         947            db 0x0A
00A2 00         948            db 0x00
00A3            949   __str_7:
00A3 BA         950            db 0xBA
00A4 20467265   951            db ' Frequency  '
     7175656E
     63792020
00B0 BA         952            db 0xBA
00B1 20202020   953            db '            '
     20202020
     20202020
00BD BA         954            db 0xBA
00BE 0A         955            db 0x0A
00BF 00         956            db 0x00
00C0            957   __str_8:
00C0 C8         958            db 0xC8
00C1 CD         959            db 0xCD
00C2 CD         960            db 0xCD
00C3 CD         961            db 0xCD
00C4 CD         962            db 0xCD
00C5 CD         963            db 0xCD
00C6 CD         964            db 0xCD
00C7 CD         965            db 0xCD
00C8 CD         966            db 0xCD
00C9 CD         967            db 0xCD
00CA CD         968            db 0xCD
00CB CD         969            db 0xCD
00CC CD         970            db 0xCD
00CD CA         971            db 0xCA
00CE CD         972            db 0xCD
00CF CD         973            db 0xCD
00D0 CD         974            db 0xCD
00D1 CD         975            db 0xCD
00D2 CD         976            db 0xCD
00D3 CD         977            db 0xCD
00D4 CD         978            db 0xCD
00D5 CD         979            db 0xCD
00D6 CD         980            db 0xCD
00D7 CD         981            db 0xCD
00D8 CD         982            db 0xCD
00D9 CD         983            db 0xCD
00DA BC         984            db 0xBC
00DB 0A         985            db 0x0A
00DC 00         986            db 0x00
00DD            987   __str_9:
00DD 1B         988            db 0x1B
00DE 5B25643B   989            db '[%d;%dH'
     256448
00E5 00         990            db 0x00
00E6            991   __str_10:
00E6 25362E33   992            db '%6.3f'
     66
00EB 00         993            db 0x00
00EC            994   __str_11:
00EC 25372E33   995            db '%7.3f'
     66
00F1 00         996            db 0x00
00F2            997   
0003            998            CSEG
0003            999   
0003           1000   end
