0000              1   ;--------------------------------------------------------
0000              2   ; File Created by C51
0000              3   ; Version 1.0.0 #1069 (Apr 23 2015) (MSVC)
0000              4   ; This file was generated Sun Mar 06 17:12:07 2016
0000              5   ;--------------------------------------------------------
                  5   $name lab5_with_cp437
                  6   $optc51 --model-small
                  7   $printf_float
0000              9            R_DSEG    segment data
0000             10            R_CSEG    segment code
0000             11            R_BSEG    segment bit
0000             12            R_XSEG    segment xdata
0000             13            R_PSEG    segment xdata
0000             14            R_ISEG    segment idata
0000             15            R_OSEG    segment data overlay
0000             16            BIT_BANK  segment data overlay
0000             17            R_HOME    segment code
0000             18            R_GSINIT  segment code
0000             19            R_IXSEG   segment xdata
0000             20            R_CONST   segment code
0000             21            R_XINIT   segment code
0000             22            R_DINIT   segment code
0000             23   
0000             24   ;--------------------------------------------------------
0000             25   ; Public variables in this module
0000             26   ;--------------------------------------------------------
0000             27            public _main
0000             28            public _UART0_Init
0000             29            public _TIMER0_Init
0000             30            public _waitms
0000             31            public _Timer3us
0000             32            public _PORT_Init
0000             33            public _SYSCLK_Init
0000             34            public __c51_external_startup
0000             35   ;--------------------------------------------------------
0000             36   ; Special Function Registers
0000             37   ;--------------------------------------------------------
0000             38   _P0             DATA 0x80
0000             39   _SP             DATA 0x81
0000             40   _DPL            DATA 0x82
0000             41   _DPH            DATA 0x83
0000             42   _EMI0TC         DATA 0x84
0000             43   _EMI0CF         DATA 0x85
0000             44   _OSCLCN         DATA 0x86
0000             45   _PCON           DATA 0x87
0000             46   _TCON           DATA 0x88
0000             47   _TMOD           DATA 0x89
0000             48   _TL0            DATA 0x8a
0000             49   _TL1            DATA 0x8b
0000             50   _TH0            DATA 0x8c
0000             51   _TH1            DATA 0x8d
0000             52   _CKCON          DATA 0x8e
0000             53   _PSCTL          DATA 0x8f
0000             54   _P1             DATA 0x90
0000             55   _TMR3CN         DATA 0x91
0000             56   _TMR4CN         DATA 0x91
0000             57   _TMR3RLL        DATA 0x92
0000             58   _TMR4RLL        DATA 0x92
0000             59   _TMR3RLH        DATA 0x93
0000             60   _TMR4RLH        DATA 0x93
0000             61   _TMR3L          DATA 0x94
0000             62   _TMR4L          DATA 0x94
0000             63   _TMR3H          DATA 0x95
0000             64   _TMR4H          DATA 0x95
0000             65   _USB0ADR        DATA 0x96
0000             66   _USB0DAT        DATA 0x97
0000             67   _SCON           DATA 0x98
0000             68   _SCON0          DATA 0x98
0000             69   _SBUF           DATA 0x99
0000             70   _SBUF0          DATA 0x99
0000             71   _CPT1CN         DATA 0x9a
0000             72   _CPT0CN         DATA 0x9b
0000             73   _CPT1MD         DATA 0x9c
0000             74   _CPT0MD         DATA 0x9d
0000             75   _CPT1MX         DATA 0x9e
0000             76   _CPT0MX         DATA 0x9f
0000             77   _P2             DATA 0xa0
0000             78   _SPI0CFG        DATA 0xa1
0000             79   _SPI0CKR        DATA 0xa2
0000             80   _SPI0DAT        DATA 0xa3
0000             81   _P0MDOUT        DATA 0xa4
0000             82   _P1MDOUT        DATA 0xa5
0000             83   _P2MDOUT        DATA 0xa6
0000             84   _P3MDOUT        DATA 0xa7
0000             85   _IE             DATA 0xa8
0000             86   _CLKSEL         DATA 0xa9
0000             87   _EMI0CN         DATA 0xaa
0000             88   __XPAGE         DATA 0xaa
0000             89   _SBCON1         DATA 0xac
0000             90   _P4MDOUT        DATA 0xae
0000             91   _PFE0CN         DATA 0xaf
0000             92   _P3             DATA 0xb0
0000             93   _OSCXCN         DATA 0xb1
0000             94   _OSCICN         DATA 0xb2
0000             95   _OSCICL         DATA 0xb3
0000             96   _SBRLL1         DATA 0xb4
0000             97   _SBRLH1         DATA 0xb5
0000             98   _FLSCL          DATA 0xb6
0000             99   _FLKEY          DATA 0xb7
0000            100   _IP             DATA 0xb8
0000            101   _CLKMUL         DATA 0xb9
0000            102   _SMBTC          DATA 0xb9
0000            103   _AMX0N          DATA 0xba
0000            104   _AMX0P          DATA 0xbb
0000            105   _ADC0CF         DATA 0xbc
0000            106   _ADC0L          DATA 0xbd
0000            107   _ADC0H          DATA 0xbe
0000            108   _SFRPAGE        DATA 0xbf
0000            109   _SMB0CN         DATA 0xc0
0000            110   _SMB1CN         DATA 0xc0
0000            111   _SMB0CF         DATA 0xc1
0000            112   _SMB1CF         DATA 0xc1
0000            113   _SMB0DAT        DATA 0xc2
0000            114   _SMB1DAT        DATA 0xc2
0000            115   _ADC0GTL        DATA 0xc3
0000            116   _ADC0GTH        DATA 0xc4
0000            117   _ADC0LTL        DATA 0xc5
0000            118   _ADC0LTH        DATA 0xc6
0000            119   _P4             DATA 0xc7
0000            120   _TMR2CN         DATA 0xc8
0000            121   _TMR5CN         DATA 0xc8
0000            122   _REG01CN        DATA 0xc9
0000            123   _TMR2RLL        DATA 0xca
0000            124   _TMR5RLL        DATA 0xca
0000            125   _TMR2RLH        DATA 0xcb
0000            126   _TMR5RLH        DATA 0xcb
0000            127   _TMR2L          DATA 0xcc
0000            128   _TMR5L          DATA 0xcc
0000            129   _TMR2H          DATA 0xcd
0000            130   _TMR5H          DATA 0xcd
0000            131   _SMB0ADM        DATA 0xce
0000            132   _SMB1ADM        DATA 0xce
0000            133   _SMB0ADR        DATA 0xcf
0000            134   _SMB1ADR        DATA 0xcf
0000            135   _PSW            DATA 0xd0
0000            136   _REF0CN         DATA 0xd1
0000            137   _SCON1          DATA 0xd2
0000            138   _SBUF1          DATA 0xd3
0000            139   _P0SKIP         DATA 0xd4
0000            140   _P1SKIP         DATA 0xd5
0000            141   _P2SKIP         DATA 0xd6
0000            142   _USB0XCN        DATA 0xd7
0000            143   _PCA0CN         DATA 0xd8
0000            144   _PCA0MD         DATA 0xd9
0000            145   _PCA0CPM0       DATA 0xda
0000            146   _PCA0CPM1       DATA 0xdb
0000            147   _PCA0CPM2       DATA 0xdc
0000            148   _PCA0CPM3       DATA 0xdd
0000            149   _PCA0CPM4       DATA 0xde
0000            150   _P3SKIP         DATA 0xdf
0000            151   _ACC            DATA 0xe0
0000            152   _XBR0           DATA 0xe1
0000            153   _XBR1           DATA 0xe2
0000            154   _XBR2           DATA 0xe3
0000            155   _IT01CF         DATA 0xe4
0000            156   _CKCON1         DATA 0xe4
0000            157   _SMOD1          DATA 0xe5
0000            158   _EIE1           DATA 0xe6
0000            159   _EIE2           DATA 0xe7
0000            160   _ADC0CN         DATA 0xe8
0000            161   _PCA0CPL1       DATA 0xe9
0000            162   _PCA0CPH1       DATA 0xea
0000            163   _PCA0CPL2       DATA 0xeb
0000            164   _PCA0CPH2       DATA 0xec
0000            165   _PCA0CPL3       DATA 0xed
0000            166   _PCA0CPH3       DATA 0xee
0000            167   _RSTSRC         DATA 0xef
0000            168   _B              DATA 0xf0
0000            169   _P0MDIN         DATA 0xf1
0000            170   _P1MDIN         DATA 0xf2
0000            171   _P2MDIN         DATA 0xf3
0000            172   _P3MDIN         DATA 0xf4
0000            173   _P4MDIN         DATA 0xf5
0000            174   _EIP1           DATA 0xf6
0000            175   _EIP2           DATA 0xf7
0000            176   _SPI0CN         DATA 0xf8
0000            177   _PCA0L          DATA 0xf9
0000            178   _PCA0H          DATA 0xfa
0000            179   _PCA0CPL0       DATA 0xfb
0000            180   _PCA0CPH0       DATA 0xfc
0000            181   _PCA0CPL4       DATA 0xfd
0000            182   _PCA0CPH4       DATA 0xfe
0000            183   _VDM0CN         DATA 0xff
0000            184   _DPTR           DATA 0x8382
0000            185   _TMR2RL         DATA 0xcbca
0000            186   _TMR3RL         DATA 0x9392
0000            187   _TMR4RL         DATA 0x9392
0000            188   _TMR5RL         DATA 0xcbca
0000            189   _TMR2           DATA 0xcdcc
0000            190   _TMR3           DATA 0x9594
0000            191   _TMR4           DATA 0x9594
0000            192   _TMR5           DATA 0xcdcc
0000            193   _SBRL1          DATA 0xb5b4
0000            194   _ADC0           DATA 0xbebd
0000            195   _ADC0GT         DATA 0xc4c3
0000            196   _ADC0LT         DATA 0xc6c5
0000            197   _PCA0           DATA 0xfaf9
0000            198   _PCA0CP1        DATA 0xeae9
0000            199   _PCA0CP2        DATA 0xeceb
0000            200   _PCA0CP3        DATA 0xeeed
0000            201   _PCA0CP0        DATA 0xfcfb
0000            202   _PCA0CP4        DATA 0xfefd
0000            203   ;--------------------------------------------------------
0000            204   ; special function bits
0000            205   ;--------------------------------------------------------
0000            206   _P0_0           BIT 0x80
0000            207   _P0_1           BIT 0x81
0000            208   _P0_2           BIT 0x82
0000            209   _P0_3           BIT 0x83
0000            210   _P0_4           BIT 0x84
0000            211   _P0_5           BIT 0x85
0000            212   _P0_6           BIT 0x86
0000            213   _P0_7           BIT 0x87
0000            214   _TF1            BIT 0x8f
0000            215   _TR1            BIT 0x8e
0000            216   _TF0            BIT 0x8d
0000            217   _TR0            BIT 0x8c
0000            218   _IE1            BIT 0x8b
0000            219   _IT1            BIT 0x8a
0000            220   _IE0            BIT 0x89
0000            221   _IT0            BIT 0x88
0000            222   _P1_0           BIT 0x90
0000            223   _P1_1           BIT 0x91
0000            224   _P1_2           BIT 0x92
0000            225   _P1_3           BIT 0x93
0000            226   _P1_4           BIT 0x94
0000            227   _P1_5           BIT 0x95
0000            228   _P1_6           BIT 0x96
0000            229   _P1_7           BIT 0x97
0000            230   _S0MODE         BIT 0x9f
0000            231   _SCON0_6        BIT 0x9e
0000            232   _MCE0           BIT 0x9d
0000            233   _REN0           BIT 0x9c
0000            234   _TB80           BIT 0x9b
0000            235   _RB80           BIT 0x9a
0000            236   _TI0            BIT 0x99
0000            237   _RI0            BIT 0x98
0000            238   _SCON_6         BIT 0x9e
0000            239   _MCE            BIT 0x9d
0000            240   _REN            BIT 0x9c
0000            241   _TB8            BIT 0x9b
0000            242   _RB8            BIT 0x9a
0000            243   _TI             BIT 0x99
0000            244   _RI             BIT 0x98
0000            245   _P2_0           BIT 0xa0
0000            246   _P2_1           BIT 0xa1
0000            247   _P2_2           BIT 0xa2
0000            248   _P2_3           BIT 0xa3
0000            249   _P2_4           BIT 0xa4
0000            250   _P2_5           BIT 0xa5
0000            251   _P2_6           BIT 0xa6
0000            252   _P2_7           BIT 0xa7
0000            253   _EA             BIT 0xaf
0000            254   _ESPI0          BIT 0xae
0000            255   _ET2            BIT 0xad
0000            256   _ES0            BIT 0xac
0000            257   _ET1            BIT 0xab
0000            258   _EX1            BIT 0xaa
0000            259   _ET0            BIT 0xa9
0000            260   _EX0            BIT 0xa8
0000            261   _P3_0           BIT 0xb0
0000            262   _P3_1           BIT 0xb1
0000            263   _P3_2           BIT 0xb2
0000            264   _P3_3           BIT 0xb3
0000            265   _P3_4           BIT 0xb4
0000            266   _P3_5           BIT 0xb5
0000            267   _P3_6           BIT 0xb6
0000            268   _P3_7           BIT 0xb7
0000            269   _IP_7           BIT 0xbf
0000            270   _PSPI0          BIT 0xbe
0000            271   _PT2            BIT 0xbd
0000            272   _PS0            BIT 0xbc
0000            273   _PT1            BIT 0xbb
0000            274   _PX1            BIT 0xba
0000            275   _PT0            BIT 0xb9
0000            276   _PX0            BIT 0xb8
0000            277   _MASTER0        BIT 0xc7
0000            278   _TXMODE0        BIT 0xc6
0000            279   _STA0           BIT 0xc5
0000            280   _STO0           BIT 0xc4
0000            281   _ACKRQ0         BIT 0xc3
0000            282   _ARBLOST0       BIT 0xc2
0000            283   _ACK0           BIT 0xc1
0000            284   _SI0            BIT 0xc0
0000            285   _MASTER1        BIT 0xc7
0000            286   _TXMODE1        BIT 0xc6
0000            287   _STA1           BIT 0xc5
0000            288   _STO1           BIT 0xc4
0000            289   _ACKRQ1         BIT 0xc3
0000            290   _ARBLOST1       BIT 0xc2
0000            291   _ACK1           BIT 0xc1
0000            292   _SI1            BIT 0xc0
0000            293   _TF2            BIT 0xcf
0000            294   _TF2H           BIT 0xcf
0000            295   _TF2L           BIT 0xce
0000            296   _TF2LEN         BIT 0xcd
0000            297   _TF2CEN         BIT 0xcc
0000            298   _T2SPLIT        BIT 0xcb
0000            299   _TR2            BIT 0xca
0000            300   _T2CSS          BIT 0xc9
0000            301   _T2XCLK         BIT 0xc8
0000            302   _TF5H           BIT 0xcf
0000            303   _TF5L           BIT 0xce
0000            304   _TF5LEN         BIT 0xcd
0000            305   _TMR5CN_4       BIT 0xcc
0000            306   _T5SPLIT        BIT 0xcb
0000            307   _TR5            BIT 0xca
0000            308   _TMR5CN_1       BIT 0xc9
0000            309   _T5XCLK         BIT 0xc8
0000            310   _CY             BIT 0xd7
0000            311   _AC             BIT 0xd6
0000            312   _F0             BIT 0xd5
0000            313   _RS1            BIT 0xd4
0000            314   _RS0            BIT 0xd3
0000            315   _OV             BIT 0xd2
0000            316   _F1             BIT 0xd1
0000            317   _PARITY         BIT 0xd0
0000            318   _CF             BIT 0xdf
0000            319   _CR             BIT 0xde
0000            320   _PCA0CN_5       BIT 0xde
0000            321   _CCF4           BIT 0xdc
0000            322   _CCF3           BIT 0xdb
0000            323   _CCF2           BIT 0xda
0000            324   _CCF1           BIT 0xd9
0000            325   _CCF0           BIT 0xd8
0000            326   _ACC_7          BIT 0xe7
0000            327   _ACC_6          BIT 0xe6
0000            328   _ACC_5          BIT 0xe5
0000            329   _ACC_4          BIT 0xe4
0000            330   _ACC_3          BIT 0xe3
0000            331   _ACC_2          BIT 0xe2
0000            332   _ACC_1          BIT 0xe1
0000            333   _ACC_0          BIT 0xe0
0000            334   _AD0EN          BIT 0xef
0000            335   _AD0TM          BIT 0xee
0000            336   _AD0INT         BIT 0xed
0000            337   _AD0BUSY        BIT 0xec
0000            338   _AD0WINT        BIT 0xeb
0000            339   _AD0CM2         BIT 0xea
0000            340   _AD0CM1         BIT 0xe9
0000            341   _AD0CM0         BIT 0xe8
0000            342   _B_7            BIT 0xf7
0000            343   _B_6            BIT 0xf6
0000            344   _B_5            BIT 0xf5
0000            345   _B_4            BIT 0xf4
0000            346   _B_3            BIT 0xf3
0000            347   _B_2            BIT 0xf2
0000            348   _B_1            BIT 0xf1
0000            349   _B_0            BIT 0xf0
0000            350   _SPIF           BIT 0xff
0000            351   _WCOL           BIT 0xfe
0000            352   _MODF           BIT 0xfd
0000            353   _RXOVRN         BIT 0xfc
0000            354   _NSSMD1         BIT 0xfb
0000            355   _NSSMD0         BIT 0xfa
0000            356   _TXBMT          BIT 0xf9
0000            357   _SPIEN          BIT 0xf8
0000            358   ;--------------------------------------------------------
0000            359   ; overlayable register banks
0000            360   ;--------------------------------------------------------
0000            361            rbank0 segment data overlay
0000            362   ;--------------------------------------------------------
0000            363   ; internal ram data
0000            364   ;--------------------------------------------------------
0000            365            rseg R_DSEG
0000            366   _main_v0_1_58:
0000            367            ds 4
0004            368   _main_frequency_1_1_58:
0004            369            ds 4
0008            370   ;--------------------------------------------------------
0008            371   ; overlayable items in internal ram 
0008            372   ;--------------------------------------------------------
0000            373            rseg    R_OSEG
0000            374   ;--------------------------------------------------------
0000            375   ; indirectly addressable internal ram data
0000            376   ;--------------------------------------------------------
0000            377            rseg R_ISEG
0000            378   ;--------------------------------------------------------
0000            379   ; absolute internal ram data
0000            380   ;--------------------------------------------------------
0000            381            DSEG
0000            382   ;--------------------------------------------------------
0000            383   ; bit data
0000            384   ;--------------------------------------------------------
0000            385            rseg R_BSEG
0000            386   ;--------------------------------------------------------
0000            387   ; paged external ram data
0000            388   ;--------------------------------------------------------
0000            389            rseg R_PSEG
0000            390   ;--------------------------------------------------------
0000            391   ; external ram data
0000            392   ;--------------------------------------------------------
0000            393            rseg R_XSEG
0000            394   ;--------------------------------------------------------
0000            395   ; absolute external ram data
0000            396   ;--------------------------------------------------------
0000            397            XSEG
0000            398   ;--------------------------------------------------------
0000            399   ; external initialized ram data
0000            400   ;--------------------------------------------------------
0000            401            rseg R_IXSEG
0000            402            rseg R_HOME
0000            403            rseg R_GSINIT
0000            404            rseg R_CSEG
0000            405   ;--------------------------------------------------------
0000            406   ; Reset entry point and interrupt vectors
0000            407   ;--------------------------------------------------------
0000            408            CSEG at 0x0000
0000 020100     409            ljmp    _crt0
0003            410   ;--------------------------------------------------------
0003            411   ; global & static initialisations
0003            412   ;--------------------------------------------------------
0000            413            rseg R_HOME
0000            414            rseg R_GSINIT
0000            415            rseg R_GSINIT
0000            416   ;--------------------------------------------------------
0000            417   ; data variables initialization
0000            418   ;--------------------------------------------------------
0000            419            rseg R_DINIT
0000            420            ; The linker places a 'ret' at the end of segment R_DINIT.
0000            421   ;--------------------------------------------------------
0000            422   ; code
0000            423   ;--------------------------------------------------------
0000            424            rseg R_CSEG
0000            425   ;------------------------------------------------------------
0000            426   ;Allocation info for local variables in function '_c51_external_startup'
0000            427   ;------------------------------------------------------------
0000            428   ;------------------------------------------------------------
0000            429   ;        C:\Users\jeffreyliou\Desktop\elec291\lab5\lab5 with cp437.c:38: char _c51_external_startup (void)
0000            430   ;        -----------------------------------------
0000            431   ;         function _c51_external_startup
0000            432   ;        -----------------------------------------
0000            433   __c51_external_startup:
0000            434            using   0
0000            435   ;        C:\Users\jeffreyliou\Desktop\elec291\lab5\lab5 with cp437.c:40: PCA0MD&=(~0x40) ;    // DISABLE WDT: clear Watchdog Enable bit
0000 53D9BF     436            anl     _PCA0MD,#0xBF
0003            437   ;        C:\Users\jeffreyliou\Desktop\elec291\lab5\lab5 with cp437.c:45: CLKSEL|=0b_0000_0010; // SYSCLK derived from the Internal High-Frequency Oscillator / 2.
0003 43A902     438            orl     _CLKSEL,#0x02
0006            439   ;        C:\Users\jeffreyliou\Desktop\elec291\lab5\lab5 with cp437.c:51: OSCICN |= 0x03; // Configure internal oscillator for its maximum frequency
0006 43B203     440            orl     _OSCICN,#0x03
0009            441   ;        C:\Users\jeffreyliou\Desktop\elec291\lab5\lab5 with cp437.c:54: P2MDIN &= 0b_1111_0000; // P2.0 to P2.3
0009 53F3F0     442            anl     _P2MDIN,#0xF0
000C            443   ;        C:\Users\jeffreyliou\Desktop\elec291\lab5\lab5 with cp437.c:55: P2SKIP |= 0b_0000_1111; // Skip Crossbar decoding for these pins
000C 43D60F     444            orl     _P2SKIP,#0x0F
000F            445   ;        C:\Users\jeffreyliou\Desktop\elec291\lab5\lab5 with cp437.c:63: AMX0P = LQFP32_MUX_P2_0; // Select positive input from P2.0
000F 75BB08     446            mov     _AMX0P,#0x08
0012            447   ;        C:\Users\jeffreyliou\Desktop\elec291\lab5\lab5 with cp437.c:64: AMX0N = LQFP32_MUX_GND;  // GND is negative input (Single-ended Mode)
0012 75BA1F     448            mov     _AMX0N,#0x1F
0015            449   ;        C:\Users\jeffreyliou\Desktop\elec291\lab5\lab5 with cp437.c:67: ADC0CF = 0xF8; // SAR clock = 31, Right-justified result
0015 75BCF8     450            mov     _ADC0CF,#0xF8
0018            451   ;        C:\Users\jeffreyliou\Desktop\elec291\lab5\lab5 with cp437.c:68: ADC0CN = 0b_1000_0000; // AD0EN=1, AD0TM=0
0018 75E880     452            mov     _ADC0CN,#0x80
001B            453   ;        C:\Users\jeffreyliou\Desktop\elec291\lab5\lab5 with cp437.c:69: REF0CN=0b_0000_1000; //Select VDD as the voltage reference for the converter
001B 75D108     454            mov     _REF0CN,#0x08
001E            455   ;        C:\Users\jeffreyliou\Desktop\elec291\lab5\lab5 with cp437.c:71: VDM0CN=0x80;       // enable VDD monitor
001E 75FF80     456            mov     _VDM0CN,#0x80
0021            457   ;        C:\Users\jeffreyliou\Desktop\elec291\lab5\lab5 with cp437.c:72: RSTSRC=0x02|0x04;  // Enable reset on missing clock detector and VDD
0021 75EF06     458            mov     _RSTSRC,#0x06
0024            459   ;        C:\Users\jeffreyliou\Desktop\elec291\lab5\lab5 with cp437.c:73: P0MDOUT|=0x10;     // Enable Uart TX as push-pull output
0024 43A410     460            orl     _P0MDOUT,#0x10
0027            461   ;        C:\Users\jeffreyliou\Desktop\elec291\lab5\lab5 with cp437.c:74: XBR0=0x01;         // Enable UART on P0.4(TX) and P0.5(RX)
0027 75E101     462            mov     _XBR0,#0x01
002A            463   ;        C:\Users\jeffreyliou\Desktop\elec291\lab5\lab5 with cp437.c:75: XBR1=0x40;         // Enable crossbar and weak pull-ups
002A 75E240     464            mov     _XBR1,#0x40
002D            465   ;        C:\Users\jeffreyliou\Desktop\elec291\lab5\lab5 with cp437.c:78: TH1 = 0x10000-((SYSCLK/BAUDRATE)/2L);
002D 758D98     466            mov     _TH1,#0x98
0030            467   ;        C:\Users\jeffreyliou\Desktop\elec291\lab5\lab5 with cp437.c:79: CKCON &= ~0x0B;                  // T1M = 1; SCA1:0 = xx
0030 538EF4     468            anl     _CKCON,#0xF4
0033            469   ;        C:\Users\jeffreyliou\Desktop\elec291\lab5\lab5 with cp437.c:80: CKCON |=  0x08;
0033 438E08     470            orl     _CKCON,#0x08
0036            471   ;        C:\Users\jeffreyliou\Desktop\elec291\lab5\lab5 with cp437.c:94: TL1 = TH1;     // Init timer 1
0036 858D8B     472            mov     _TL1,_TH1
0039            473   ;        C:\Users\jeffreyliou\Desktop\elec291\lab5\lab5 with cp437.c:95: TMOD &= 0x0f;  // TMOD: timer 1 in 8-bit autoreload
0039 53890F     474            anl     _TMOD,#0x0F
003C            475   ;        C:\Users\jeffreyliou\Desktop\elec291\lab5\lab5 with cp437.c:96: TMOD |= 0x20;                       
003C 438920     476            orl     _TMOD,#0x20
003F            477   ;        C:\Users\jeffreyliou\Desktop\elec291\lab5\lab5 with cp437.c:97: TR1 = 1;       // Start timer1
003F D28E       478            setb    _TR1
0041            479   ;        C:\Users\jeffreyliou\Desktop\elec291\lab5\lab5 with cp437.c:98: SCON = 0x52;
0041 759852     480            mov     _SCON,#0x52
0044            481   ;        C:\Users\jeffreyliou\Desktop\elec291\lab5\lab5 with cp437.c:100: return 0;
0044 758200     482            mov     dpl,#0x00
0047 22         483            ret
0048            484   ;------------------------------------------------------------
0048            485   ;Allocation info for local variables in function 'SYSCLK_Init'
0048            486   ;------------------------------------------------------------
0048            487   ;------------------------------------------------------------
0048            488   ;        C:\Users\jeffreyliou\Desktop\elec291\lab5\lab5 with cp437.c:103: void SYSCLK_Init (void)
0048            489   ;        -----------------------------------------
0048            490   ;         function SYSCLK_Init
0048            491   ;        -----------------------------------------
0048            492   _SYSCLK_Init:
0048            493   ;        C:\Users\jeffreyliou\Desktop\elec291\lab5\lab5 with cp437.c:109: CLKSEL|=0b_0000_0010; // SYSCLK derived from the Internal High-Frequency Oscillator / 2.
0048 43A902     494            orl     _CLKSEL,#0x02
004B            495   ;        C:\Users\jeffreyliou\Desktop\elec291\lab5\lab5 with cp437.c:115: OSCICN |= 0x03;   // Configure internal oscillator for its maximum frequency
004B 43B203     496            orl     _OSCICN,#0x03
004E            497   ;        C:\Users\jeffreyliou\Desktop\elec291\lab5\lab5 with cp437.c:116: RSTSRC  = 0x04;   // Enable missing clock detector
004E 75EF04     498            mov     _RSTSRC,#0x04
0051 22         499            ret
0052            500   ;------------------------------------------------------------
0052            501   ;Allocation info for local variables in function 'PORT_Init'
0052            502   ;------------------------------------------------------------
0052            503   ;------------------------------------------------------------
0052            504   ;        C:\Users\jeffreyliou\Desktop\elec291\lab5\lab5 with cp437.c:119: void PORT_Init (void)
0052            505   ;        -----------------------------------------
0052            506   ;         function PORT_Init
0052            507   ;        -----------------------------------------
0052            508   _PORT_Init:
0052            509   ;        C:\Users\jeffreyliou\Desktop\elec291\lab5\lab5 with cp437.c:121: P0MDOUT |= 0x10; // Enable UTX as push-pull output
0052 43A410     510            orl     _P0MDOUT,#0x10
0055            511   ;        C:\Users\jeffreyliou\Desktop\elec291\lab5\lab5 with cp437.c:122: XBR0     = 0x01; // Enable UART on P0.4(TX) and P0.5(RX)                     
0055 75E101     512            mov     _XBR0,#0x01
0058            513   ;        C:\Users\jeffreyliou\Desktop\elec291\lab5\lab5 with cp437.c:123: XBR1     = 0x40; // Enable crossbar and weak pull-ups
0058 75E240     514            mov     _XBR1,#0x40
005B 22         515            ret
005C            516   ;------------------------------------------------------------
005C            517   ;Allocation info for local variables in function 'Timer3us'
005C            518   ;------------------------------------------------------------
005C            519   ;us                        Allocated to registers r2 
005C            520   ;i                         Allocated to registers r3 
005C            521   ;------------------------------------------------------------
005C            522   ;        C:\Users\jeffreyliou\Desktop\elec291\lab5\lab5 with cp437.c:127: void Timer3us(unsigned char us)
005C            523   ;        -----------------------------------------
005C            524   ;         function Timer3us
005C            525   ;        -----------------------------------------
005C            526   _Timer3us:
005C AA82       527            mov     r2,dpl
005E            528   ;        C:\Users\jeffreyliou\Desktop\elec291\lab5\lab5 with cp437.c:132: CKCON|=0b_0100_0000;
005E 438E40     529            orl     _CKCON,#0x40
0061            530   ;        C:\Users\jeffreyliou\Desktop\elec291\lab5\lab5 with cp437.c:134: TMR3RL = (-(SYSCLK)/1000000L); // Set Timer3 to overflow in 1us.
0061 7592E8     531            mov     _TMR3RL,#0xE8
0064 7593FF     532            mov     (_TMR3RL >> 8),#0xFF
0067            533   ;        C:\Users\jeffreyliou\Desktop\elec291\lab5\lab5 with cp437.c:135: TMR3 = TMR3RL;                 // Initialize Timer3 for first overflow
0067 859294     534            mov     _TMR3,_TMR3RL
006A 859395     535            mov     (_TMR3 >> 8),(_TMR3RL >> 8)
006D            536   ;        C:\Users\jeffreyliou\Desktop\elec291\lab5\lab5 with cp437.c:137: TMR3CN = 0x04;                 // Sart Timer3 and clear overflow flag
006D 759104     537            mov     _TMR3CN,#0x04
0070            538   ;        C:\Users\jeffreyliou\Desktop\elec291\lab5\lab5 with cp437.c:138: for (i = 0; i < us; i++)       // Count <us> overflows
0070 7B00       539            mov     r3,#0x00
0072            540   L005004?:
0072 C3         541            clr     c
0073 EB         542            mov     a,r3
0074 9A         543            subb    a,r2
0075 5001       544            jnc     L005007?
0077            545   ;        C:\Users\jeffreyliou\Desktop\elec291\lab5\lab5 with cp437.c:140: while (!(TMR3CN & 0x80));  // Wait for overflow
0077            546   L005001?:
0077 E591       547            mov     a,_TMR3CN
0079 30E798     548            jnb     acc.7,L005001?
007C            549   ;        C:\Users\jeffreyliou\Desktop\elec291\lab5\lab5 with cp437.c:141: TMR3CN &= ~(0x80);         // Clear overflow indicator
007C 53917F     550            anl     _TMR3CN,#0x7F
007F            551   ;        C:\Users\jeffreyliou\Desktop\elec291\lab5\lab5 with cp437.c:138: for (i = 0; i < us; i++)       // Count <us> overflows
007F 0B         552            inc     r3
0080 8001       553            sjmp    L005004?
0082            554   L005007?:
0082            555   ;        C:\Users\jeffreyliou\Desktop\elec291\lab5\lab5 with cp437.c:143: TMR3CN = 0 ;                   // Stop Timer3 and clear overflow flag
0082 759100     556            mov     _TMR3CN,#0x00
0085 22         557            ret
0086            558   ;------------------------------------------------------------
0086            559   ;Allocation info for local variables in function 'waitms'
0086            560   ;------------------------------------------------------------
0086            561   ;ms                        Allocated to registers r2 r3 
0086            562   ;j                         Allocated to registers r4 r5 
0086            563   ;k                         Allocated to registers r6 
0086            564   ;------------------------------------------------------------
0086            565   ;        C:\Users\jeffreyliou\Desktop\elec291\lab5\lab5 with cp437.c:146: void waitms (unsigned int ms)
0086            566   ;        -----------------------------------------
0086            567   ;         function waitms
0086            568   ;        -----------------------------------------
0086            569   _waitms:
0086 AA82       570            mov     r2,dpl
0088 AB83       571            mov     r3,dph
008A            572   ;        C:\Users\jeffreyliou\Desktop\elec291\lab5\lab5 with cp437.c:150: for(j=0; j<ms; j++)
008A 7C00       573            mov     r4,#0x00
008C 7D00       574            mov     r5,#0x00
008E            575   L006005?:
008E C3         576            clr     c
008F EC         577            mov     a,r4
0090 9A         578            subb    a,r2
0091 ED         579            mov     a,r5
0092 9B         580            subb    a,r3
0093 5001       581            jnc     L006009?
0095            582   ;        C:\Users\jeffreyliou\Desktop\elec291\lab5\lab5 with cp437.c:151: for (k=0; k<4; k++) Timer3us(250);
0095 7E00       583            mov     r6,#0x00
0097            584   L006001?:
0097 BE0418     585            cjne    r6,#0x04,L006018?
009A            586   L006018?:
009A 5001       587            jnc     L006007?
009C 7582FA     588            mov     dpl,#0xFA
009F C002       589            push    ar2
00A1 C003       590            push    ar3
00A3 C004       591            push    ar4
00A5 C005       592            push    ar5
00A7 C006       593            push    ar6
00A9 120100     594            lcall   _Timer3us
00AC D006       595            pop     ar6
00AE D005       596            pop     ar5
00B0 D004       597            pop     ar4
00B2 D003       598            pop     ar3
00B4 D002       599            pop     ar2
00B6 0E         600            inc     r6
00B7 8001       601            sjmp    L006001?
00B9            602   L006007?:
00B9            603   ;        C:\Users\jeffreyliou\Desktop\elec291\lab5\lab5 with cp437.c:150: for(j=0; j<ms; j++)
00B9 0C         604            inc     r4
00BA BC0058     605            cjne    r4,#0x00,L006005?
00BD 0D         606            inc     r5
00BE 8001       607            sjmp    L006005?
00C0            608   L006009?:
00C0 22         609            ret
00C1            610   ;------------------------------------------------------------
00C1            611   ;Allocation info for local variables in function 'TIMER0_Init'
00C1            612   ;------------------------------------------------------------
00C1            613   ;------------------------------------------------------------
00C1            614   ;        C:\Users\jeffreyliou\Desktop\elec291\lab5\lab5 with cp437.c:154: void TIMER0_Init(void)
00C1            615   ;        -----------------------------------------
00C1            616   ;         function TIMER0_Init
00C1            617   ;        -----------------------------------------
00C1            618   _TIMER0_Init:
00C1            619   ;        C:\Users\jeffreyliou\Desktop\elec291\lab5\lab5 with cp437.c:156: TMOD&=0b_1111_0000; // Set the bits of Timer/Counter 0 to zero
00C1 5389F0     620            anl     _TMOD,#0xF0
00C4            621   ;        C:\Users\jeffreyliou\Desktop\elec291\lab5\lab5 with cp437.c:157: TMOD|=0b_0000_0101; // Timer/Counter 0 used as a 16-bit counter
00C4 438905     622            orl     _TMOD,#0x05
00C7            623   ;        C:\Users\jeffreyliou\Desktop\elec291\lab5\lab5 with cp437.c:158: TR0=0; // Stop Timer/Counter 0
00C7 C28C       624            clr     _TR0
00C9 22         625            ret
00CA            626   ;------------------------------------------------------------
00CA            627   ;Allocation info for local variables in function 'UART0_Init'
00CA            628   ;------------------------------------------------------------
00CA            629   ;------------------------------------------------------------
00CA            630   ;        C:\Users\jeffreyliou\Desktop\elec291\lab5\lab5 with cp437.c:164: void UART0_Init (void)
00CA            631   ;        -----------------------------------------
00CA            632   ;         function UART0_Init
00CA            633   ;        -----------------------------------------
00CA            634   _UART0_Init:
00CA            635   ;        C:\Users\jeffreyliou\Desktop\elec291\lab5\lab5 with cp437.c:166: SCON0 = 0x10;
00CA 759810     636            mov     _SCON0,#0x10
00CD            637   ;        C:\Users\jeffreyliou\Desktop\elec291\lab5\lab5 with cp437.c:169: TH1 = 0x10000-((SYSCLK/BAUDRATE)/2L);
00CD 758D98     638            mov     _TH1,#0x98
00D0            639   ;        C:\Users\jeffreyliou\Desktop\elec291\lab5\lab5 with cp437.c:170: CKCON &= ~0x0B;                  // T1M = 1; SCA1:0 = xx
00D0 538EF4     640            anl     _CKCON,#0xF4
00D3            641   ;        C:\Users\jeffreyliou\Desktop\elec291\lab5\lab5 with cp437.c:171: CKCON |=  0x08;
00D3 438E08     642            orl     _CKCON,#0x08
00D6            643   ;        C:\Users\jeffreyliou\Desktop\elec291\lab5\lab5 with cp437.c:184: TL1 = TH1;      // Init Timer1
00D6 858D8B     644            mov     _TL1,_TH1
00D9            645   ;        C:\Users\jeffreyliou\Desktop\elec291\lab5\lab5 with cp437.c:185: TMOD &= ~0xf0;  // TMOD: timer 1 in 8-bit autoreload
00D9 53890F     646            anl     _TMOD,#0x0F
00DC            647   ;        C:\Users\jeffreyliou\Desktop\elec291\lab5\lab5 with cp437.c:186: TMOD |=  0x20;                       
00DC 438920     648            orl     _TMOD,#0x20
00DF            649   ;        C:\Users\jeffreyliou\Desktop\elec291\lab5\lab5 with cp437.c:187: TR1 = 1; // START Timer1
00DF D28E       650            setb    _TR1
00E1            651   ;        C:\Users\jeffreyliou\Desktop\elec291\lab5\lab5 with cp437.c:188: TI = 1;  // Indicate TX0 ready
00E1 D299       652            setb    _TI
00E3 22         653            ret
00E4            654   ;------------------------------------------------------------
00E4            655   ;Allocation info for local variables in function 'main'
00E4            656   ;------------------------------------------------------------
00E4            657   ;v0                        Allocated with name '_main_v0_1_58'
00E4            658   ;v1                        Allocated to registers r6 r7 r0 r1 
00E4            659   ;Period_1                  Allocated to registers 
00E4            660   ;frequency_1               Allocated with name '_main_frequency_1_1_58'
00E4            661   ;Pulse_2                   Allocated to registers 
00E4            662   ;phase_difference          Allocated to registers r2 r3 r4 r5 
00E4            663   ;------------------------------------------------------------
00E4            664   ;        C:\Users\jeffreyliou\Desktop\elec291\lab5\lab5 with cp437.c:191: void main (void)
00E4            665   ;        -----------------------------------------
00E4            666   ;         function main
00E4            667   ;        -----------------------------------------
00E4            668   _main:
00E4            669   ;        C:\Users\jeffreyliou\Desktop\elec291\lab5\lab5 with cp437.c:201: PORT_Init();     // Initialize Port I/O
00E4 120100     670            lcall   _PORT_Init
00E7            671   ;        C:\Users\jeffreyliou\Desktop\elec291\lab5\lab5 with cp437.c:202: SYSCLK_Init ();  // Initialize Oscillator
00E7 120100     672            lcall   _SYSCLK_Init
00EA            673   ;        C:\Users\jeffreyliou\Desktop\elec291\lab5\lab5 with cp437.c:203: UART0_Init();    // Initialize UART0
00EA 120100     674            lcall   _UART0_Init
00ED            675   ;        C:\Users\jeffreyliou\Desktop\elec291\lab5\lab5 with cp437.c:204: TIMER0_Init();
00ED 120100     676            lcall   _TIMER0_Init
00F0            677   ;        C:\Users\jeffreyliou\Desktop\elec291\lab5\lab5 with cp437.c:207: printf("\x1b[2J"); // Clear screen using ANSI escape sequence.
00F0 7498       678            mov     a,#__str_0
00F2 C0E0       679            push    acc
00F4 7493       680            mov     a,#(__str_0 >> 8)
00F6 C0E0       681            push    acc
00F8 7480       682            mov     a,#0x80
00FA C0E0       683            push    acc
00FC 120100     684            lcall   _printf
00FF 1581       685            dec     sp
0101 1581       686            dec     sp
0103 1581       687            dec     sp
0105            688   ;        C:\Users\jeffreyliou\Desktop\elec291\lab5\lab5 with cp437.c:218: AD0BUSY=1;
0105 D2EC       689            setb    _AD0BUSY
0107            690   ;        C:\Users\jeffreyliou\Desktop\elec291\lab5\lab5 with cp437.c:219: while (AD0BUSY); // Wait for conversion to complete
0107            691   L009001?:
0107 20EC58     692            jb      _AD0BUSY,L009001?
010A            693   ;        C:\Users\jeffreyliou\Desktop\elec291\lab5\lab5 with cp437.c:221: while(1)
010A            694   L009029?:
010A            695   ;        C:\Users\jeffreyliou\Desktop\elec291\lab5\lab5 with cp437.c:223: printf("\x1B[6;1H"); // ANSI escape sequence: move to row 6, column 1
010A 74D8       696            mov     a,#__str_1
010C C0E0       697            push    acc
010E 7494       698            mov     a,#(__str_1 >> 8)
0110 C0E0       699            push    acc
0112 7480       700            mov     a,#0x80
0114 C0E0       701            push    acc
0116 120100     702            lcall   _printf
0119 1581       703            dec     sp
011B 1581       704            dec     sp
011D 1581       705            dec     sp
011F            706   ;        C:\Users\jeffreyliou\Desktop\elec291\lab5\lab5 with cp437.c:226: TR0=0; // Stop timer 0
011F C28C       707            clr     _TR0
0121            708   ;        C:\Users\jeffreyliou\Desktop\elec291\lab5\lab5 with cp437.c:227: TMOD=0B_0000_0001; // Set timer 0 as 16- // Set timer 0 as 16-bit timer bit timer
0121 758901     709            mov     _TMOD,#0x01
0124            710   ;        C:\Users\jeffreyliou\Desktop\elec291\lab5\lab5 with cp437.c:228: TH0=0; TL0=0; // Reset the timer
0124 758C00     711            mov     _TH0,#0x00
0127 758A00     712            mov     _TL0,#0x00
012A            713   ;        C:\Users\jeffreyliou\Desktop\elec291\lab5\lab5 with cp437.c:229: while (P2_5==1); // Wait for the signal to be zero
012A            714   L009004?:
012A 20A518     715            jb      _P2_5,L009004?
012D            716   ;        C:\Users\jeffreyliou\Desktop\elec291\lab5\lab5 with cp437.c:230: while (P2_5==0); // Wait for the signal to be one
012D            717   L009007?:
012D 30A558     718            jnb     _P2_5,L009007?
0130            719   ;        C:\Users\jeffreyliou\Desktop\elec291\lab5\lab5 with cp437.c:231: TR0=1; // Start timing
0130 D28C       720            setb    _TR0
0132            721   ;        C:\Users\jeffreyliou\Desktop\elec291\lab5\lab5 with cp437.c:232: while (P2_5==1); // Wait for the signal to be zero
0132            722   L009010?:
0132 20A598     723            jb      _P2_5,L009010?
0135            724   ;        C:\Users\jeffreyliou\Desktop\elec291\lab5\lab5 with cp437.c:233: TR0=0; // Stop timer 0
0135 C28C       725            clr     _TR0
0137            726   ;        C:\Users\jeffreyliou\Desktop\elec291\lab5\lab5 with cp437.c:235: Period_1=(TH0*0x100+TL0)*2; // Assume Period is unsigned int 
0137 AB8C       727            mov     r3,_TH0
0139 7A00       728            mov     r2,#0x00
013B AC8A       729            mov     r4,_TL0
013D 7D00       730            mov     r5,#0x00
013F EC         731            mov     a,r4
0140 2A         732            add     a,r2
0141 FA         733            mov     r2,a
0142 ED         734            mov     a,r5
0143 3B         735            addc    a,r3
0144 8A82       736            mov     dpl,r2
0146 C582       737            xch     a,dpl
0148 25E0       738            add     a,acc
014A C582       739            xch     a,dpl
014C 33         740            rlc     a
014D F583       741            mov     dph,a
014F            742   ;        C:\Users\jeffreyliou\Desktop\elec291\lab5\lab5 with cp437.c:236: frequency_1=1/((float)Period_1);
014F 120100     743            lcall   ___uint2fs
0152 AA82       744            mov     r2,dpl
0154 AB83       745            mov     r3,dph
0156 ACF0       746            mov     r4,b
0158 FD         747            mov     r5,a
0159 C002       748            push    ar2
015B C003       749            push    ar3
015D C004       750            push    ar4
015F C005       751            push    ar5
0161 C002       752            push    ar2
0163 C003       753            push    ar3
0165 C004       754            push    ar4
0167 C005       755            push    ar5
0169 900000     756            mov     dptr,#0x0000
016C 75F080     757            mov     b,#0x80
016F 743F       758            mov     a,#0x3F
0171 120100     759            lcall   ___fsdiv
0174 858258     760            mov     _main_frequency_1_1_58,dpl
0177 858359     761            mov     (_main_frequency_1_1_58 + 1),dph
017A 85F05A     762            mov     (_main_frequency_1_1_58 + 2),b
017D F55B       763            mov     (_main_frequency_1_1_58 + 3),a
017F E581       764            mov     a,sp
0181 24FC       765            add     a,#0xfc
0183 F581       766            mov     sp,a
0185 D005       767            pop     ar5
0187 D004       768            pop     ar4
0189 D003       769            pop     ar3
018B D002       770            pop     ar2
018D            771   ;        C:\Users\jeffreyliou\Desktop\elec291\lab5\lab5 with cp437.c:238: TR0=0; // Stop timer 0
018D C28C       772            clr     _TR0
018F            773   ;        C:\Users\jeffreyliou\Desktop\elec291\lab5\lab5 with cp437.c:239: TMOD=0B_0000_0001; // Set timer 0 as 16- // Set timer 0 as 16-bit timer bit timer
018F 758901     774            mov     _TMOD,#0x01
0192            775   ;        C:\Users\jeffreyliou\Desktop\elec291\lab5\lab5 with cp437.c:240: TH0=0; TL0=0; // Reset the timer
0192 758C00     776            mov     _TH0,#0x00
0195 758A00     777            mov     _TL0,#0x00
0198            778   ;        C:\Users\jeffreyliou\Desktop\elec291\lab5\lab5 with cp437.c:241: while (P1_4==1); // Wait for the signal to be zero
0198            779   L009013?:
0198 209498     780            jb      _P1_4,L009013?
019B            781   ;        C:\Users\jeffreyliou\Desktop\elec291\lab5\lab5 with cp437.c:242: while (P1_4==0); // Wait for the signal to be one
019B            782   L009016?:
019B 3094D8     783            jnb     _P1_4,L009016?
019E            784   ;        C:\Users\jeffreyliou\Desktop\elec291\lab5\lab5 with cp437.c:243: TR0=1; // Start timing
019E D28C       785            setb    _TR0
01A0            786   ;        C:\Users\jeffreyliou\Desktop\elec291\lab5\lab5 with cp437.c:244: while (P1_4==1); // Wait for the signal to be zero
01A0            787   L009019?:
01A0 209418     788            jb      _P1_4,L009019?
01A3            789   ;        C:\Users\jeffreyliou\Desktop\elec291\lab5\lab5 with cp437.c:245: TR0=0; // Stop timer 0
01A3 C28C       790            clr     _TR0
01A5            791   ;        C:\Users\jeffreyliou\Desktop\elec291\lab5\lab5 with cp437.c:247: Pulse_2=(TH0*0x100+TL0); // Assume Period is unsigned int 
01A5 AF8C       792            mov     r7,_TH0
01A7 7E00       793            mov     r6,#0x00
01A9 A88A       794            mov     r0,_TL0
01AB 7900       795            mov     r1,#0x00
01AD E8         796            mov     a,r0
01AE 2E         797            add     a,r6
01AF F582       798            mov     dpl,a
01B1 E9         799            mov     a,r1
01B2 3F         800            addc    a,r7
01B3 F583       801            mov     dph,a
01B5            802   ;        C:\Users\jeffreyliou\Desktop\elec291\lab5\lab5 with cp437.c:249: phase_difference=((float)Pulse_2)*(360/((float)Period_1));
01B5 C002       803            push    ar2
01B7 C003       804            push    ar3
01B9 C004       805            push    ar4
01BB C005       806            push    ar5
01BD 120100     807            lcall   ___uint2fs
01C0 AE82       808            mov     r6,dpl
01C2 AF83       809            mov     r7,dph
01C4 A8F0       810            mov     r0,b
01C6 F9         811            mov     r1,a
01C7 D005       812            pop     ar5
01C9 D004       813            pop     ar4
01CB D003       814            pop     ar3
01CD D002       815            pop     ar2
01CF C006       816            push    ar6
01D1 C007       817            push    ar7
01D3 C000       818            push    ar0
01D5 C001       819            push    ar1
01D7 C002       820            push    ar2
01D9 C003       821            push    ar3
01DB C004       822            push    ar4
01DD C005       823            push    ar5
01DF 900000     824            mov     dptr,#0x0000
01E2 75F0B4     825            mov     b,#0xB4
01E5 7443       826            mov     a,#0x43
01E7 120100     827            lcall   ___fsdiv
01EA AA82       828            mov     r2,dpl
01EC AB83       829            mov     r3,dph
01EE ACF0       830            mov     r4,b
01F0 FD         831            mov     r5,a
01F1 E581       832            mov     a,sp
01F3 24FC       833            add     a,#0xfc
01F5 F581       834            mov     sp,a
01F7 D001       835            pop     ar1
01F9 D000       836            pop     ar0
01FB D007       837            pop     ar7
01FD D006       838            pop     ar6
01FF C002       839            push    ar2
0201 C003       840            push    ar3
0203 C004       841            push    ar4
0205 C005       842            push    ar5
0207 8E82       843            mov     dpl,r6
0209 8F83       844            mov     dph,r7
020B 88F0       845            mov     b,r0
020D E9         846            mov     a,r1
020E 120100     847            lcall   ___fsmul
0211 AA82       848            mov     r2,dpl
0213 AB83       849            mov     r3,dph
0215 ACF0       850            mov     r4,b
0217 FD         851            mov     r5,a
0218 E581       852            mov     a,sp
021A 24FC       853            add     a,#0xfc
021C F581       854            mov     sp,a
021E            855   ;        C:\Users\jeffreyliou\Desktop\elec291\lab5\lab5 with cp437.c:251: AD0BUSY = 1;
021E D2EC       856            setb    _AD0BUSY
0220            857   ;        C:\Users\jeffreyliou\Desktop\elec291\lab5\lab5 with cp437.c:252: AMX0P=LQFP32_MUX_P2_6;
0220 75BB0E     858            mov     _AMX0P,#0x0E
0223            859   ;        C:\Users\jeffreyliou\Desktop\elec291\lab5\lab5 with cp437.c:253: while (AD0BUSY); // Wait for conversion to complete
0223            860   L009022?:
0223 20EC98     861            jb      _AD0BUSY,L009022?
0226            862   ;        C:\Users\jeffreyliou\Desktop\elec291\lab5\lab5 with cp437.c:254: v0 = ((ADC0L+(ADC0H*0x100))*VDD)/1023.0; // Read 0-1023 value in ADC0 and convert to volts
0226 AEBD       863            mov     r6,_ADC0L
0228 7F00       864            mov     r7,#0x00
022A A9BE       865            mov     r1,_ADC0H
022C E4         866            clr     a
022D 2E         867            add     a,r6
022E F582       868            mov     dpl,a
0230 E9         869            mov     a,r1
0231 3F         870            addc    a,r7
0232 F583       871            mov     dph,a
0234 C002       872            push    ar2
0236 C003       873            push    ar3
0238 C004       874            push    ar4
023A C005       875            push    ar5
023C 120100     876            lcall   ___sint2fs
023F AE82       877            mov     r6,dpl
0241 AF83       878            mov     r7,dph
0243 A8F0       879            mov     r0,b
0245 F9         880            mov     r1,a
0246 C006       881            push    ar6
0248 C007       882            push    ar7
024A C000       883            push    ar0
024C C001       884            push    ar1
024E 90CCCD     885            mov     dptr,#0xCCCD
0251 75F054     886            mov     b,#0x54
0254 7440       887            mov     a,#0x40
0256 120100     888            lcall   ___fsmul
0259 AE82       889            mov     r6,dpl
025B AF83       890            mov     r7,dph
025D A8F0       891            mov     r0,b
025F F9         892            mov     r1,a
0260 E581       893            mov     a,sp
0262 24FC       894            add     a,#0xfc
0264 F581       895            mov     sp,a
0266 E4         896            clr     a
0267 C0E0       897            push    acc
0269 74C0       898            mov     a,#0xC0
026B C0E0       899            push    acc
026D 747F       900            mov     a,#0x7F
026F C0E0       901            push    acc
0271 7444       902            mov     a,#0x44
0273 C0E0       903            push    acc
0275 8E82       904            mov     dpl,r6
0277 8F83       905            mov     dph,r7
0279 88F0       906            mov     b,r0
027B E9         907            mov     a,r1
027C 120100     908            lcall   ___fsdiv
027F 858208     909            mov     _main_v0_1_58,dpl
0282 858309     910            mov     (_main_v0_1_58 + 1),dph
0285 85F00A     911            mov     (_main_v0_1_58 + 2),b
0288 F50B       912            mov     (_main_v0_1_58 + 3),a
028A E581       913            mov     a,sp
028C 24FC       914            add     a,#0xfc
028E F581       915            mov     sp,a
0290 D005       916            pop     ar5
0292 D004       917            pop     ar4
0294 D003       918            pop     ar3
0296 D002       919            pop     ar2
0298            920   ;        C:\Users\jeffreyliou\Desktop\elec291\lab5\lab5 with cp437.c:256: AD0BUSY = 1;
0298 D2EC       921            setb    _AD0BUSY
029A            922   ;        C:\Users\jeffreyliou\Desktop\elec291\lab5\lab5 with cp437.c:257: AMX0P=LQFP32_MUX_P1_5;
029A 75BB05     923            mov     _AMX0P,#0x05
029D            924   ;        C:\Users\jeffreyliou\Desktop\elec291\lab5\lab5 with cp437.c:258: while (AD0BUSY); // Wait for conversion to complete
029D            925   L009025?:
029D 20EC18     926            jb      _AD0BUSY,L009025?
02A0            927   ;        C:\Users\jeffreyliou\Desktop\elec291\lab5\lab5 with cp437.c:259: v1 = ((ADC0L+(ADC0H*0x100))*VDD)/1023.0; // Read 0-1023 value in ADC0 and convert to volts
02A0 AEBD       928            mov     r6,_ADC0L
02A2 7F00       929            mov     r7,#0x00
02A4 A9BE       930            mov     r1,_ADC0H
02A6 E4         931            clr     a
02A7 2E         932            add     a,r6
02A8 F582       933            mov     dpl,a
02AA E9         934            mov     a,r1
02AB 3F         935            addc    a,r7
02AC F583       936            mov     dph,a
02AE C002       937            push    ar2
02B0 C003       938            push    ar3
02B2 C004       939            push    ar4
02B4 C005       940            push    ar5
02B6 120100     941            lcall   ___sint2fs
02B9 AE82       942            mov     r6,dpl
02BB AF83       943            mov     r7,dph
02BD A8F0       944            mov     r0,b
02BF F9         945            mov     r1,a
02C0 C006       946            push    ar6
02C2 C007       947            push    ar7
02C4 C000       948            push    ar0
02C6 C001       949            push    ar1
02C8 90CCCD     950            mov     dptr,#0xCCCD
02CB 75F054     951            mov     b,#0x54
02CE 7440       952            mov     a,#0x40
02D0 120100     953            lcall   ___fsmul
02D3 AE82       954            mov     r6,dpl
02D5 AF83       955            mov     r7,dph
02D7 A8F0       956            mov     r0,b
02D9 F9         957            mov     r1,a
02DA E581       958            mov     a,sp
02DC 24FC       959            add     a,#0xfc
02DE F581       960            mov     sp,a
02E0 E4         961            clr     a
02E1 C0E0       962            push    acc
02E3 74C0       963            mov     a,#0xC0
02E5 C0E0       964            push    acc
02E7 747F       965            mov     a,#0x7F
02E9 C0E0       966            push    acc
02EB 7444       967            mov     a,#0x44
02ED C0E0       968            push    acc
02EF 8E82       969            mov     dpl,r6
02F1 8F83       970            mov     dph,r7
02F3 88F0       971            mov     b,r0
02F5 E9         972            mov     a,r1
02F6 120100     973            lcall   ___fsdiv
02F9 AE82       974            mov     r6,dpl
02FB AF83       975            mov     r7,dph
02FD A8F0       976            mov     r0,b
02FF F9         977            mov     r1,a
0300 E581       978            mov     a,sp
0302 24FC       979            add     a,#0xfc
0304 F581       980            mov     sp,a
0306            981   ;        C:\Users\jeffreyliou\Desktop\elec291\lab5\lab5 with cp437.c:261: PCA0MD &= ~0x40; // WDTE = 0 (clear watchdog timer enable)
0306 53D9BF     982            anl     _PCA0MD,#0xBF
0309            983   ;        C:\Users\jeffreyliou\Desktop\elec291\lab5\lab5 with cp437.c:263: printf( CLEAR_SCREEN );
0309 C006       984            push    ar6
030B C007       985            push    ar7
030D C000       986            push    ar0
030F C001       987            push    ar1
0311 7498       988            mov     a,#__str_0
0313 C0E0       989            push    acc
0315 7493       990            mov     a,#(__str_0 >> 8)
0317 C0E0       991            push    acc
0319 7480       992            mov     a,#0x80
031B C0E0       993            push    acc
031D 120100     994            lcall   _printf
0320 1581       995            dec     sp
0322 1581       996            dec     sp
0324 1581       997            dec     sp
0326            998   ;        C:\Users\jeffreyliou\Desktop\elec291\lab5\lab5 with cp437.c:264: printf( FORE_BACK , COLOR_BLACK, COLOR_WHITE );
0326 7407       999            mov     a,#0x07
0328 C0E0      1000            push    acc
032A E4        1001            clr     a
032B C0E0      1002            push    acc
032D E4        1003            clr     a
032E C0E0      1004            push    acc
0330 C0E0      1005            push    acc
0332 7458      1006            mov     a,#__str_2
0334 C0E0      1007            push    acc
0336 7498      1008            mov     a,#(__str_2 >> 8)
0338 C0E0      1009            push    acc
033A 7480      1010            mov     a,#0x80
033C C0E0      1011            push    acc
033E 120100    1012            lcall   _printf
0341 E581      1013            mov     a,sp
0343 24F9      1014            add     a,#0xf9
0345 F581      1015            mov     sp,a
0347           1016   ;        C:\Users\jeffreyliou\Desktop\elec291\lab5\lab5 with cp437.c:266: printf( "\n" );
0347 7498      1017            mov     a,#__str_3
0349 C0E0      1018            push    acc
034B 7498      1019            mov     a,#(__str_3 >> 8)
034D C0E0      1020            push    acc
034F 7480      1021            mov     a,#0x80
0351 C0E0      1022            push    acc
0353 120100    1023            lcall   _printf
0356 1581      1024            dec     sp
0358 1581      1025            dec     sp
035A 1581      1026            dec     sp
035C           1027   ;        C:\Users\jeffreyliou\Desktop\elec291\lab5\lab5 with cp437.c:267: printf( " Vrms Ref               \n" );
035C 74D8      1028            mov     a,#__str_4
035E C0E0      1029            push    acc
0360 7498      1030            mov     a,#(__str_4 >> 8)
0362 C0E0      1031            push    acc
0364 7480      1032            mov     a,#0x80
0366 C0E0      1033            push    acc
0368 120100    1034            lcall   _printf
036B 1581      1035            dec     sp
036D 1581      1036            dec     sp
036F 1581      1037            dec     sp
0371           1038   ;        C:\Users\jeffreyliou\Desktop\elec291\lab5\lab5 with cp437.c:268: printf( "\n" );
0371 7418      1039            mov     a,#__str_5
0373 C0E0      1040            push    acc
0375 7499      1041            mov     a,#(__str_5 >> 8)
0377 C0E0      1042            push    acc
0379 7480      1043            mov     a,#0x80
037B C0E0      1044            push    acc
037D 120100    1045            lcall   _printf
0380 1581      1046            dec     sp
0382 1581      1047            dec     sp
0384 1581      1048            dec     sp
0386           1049   ;        C:\Users\jeffreyliou\Desktop\elec291\lab5\lab5 with cp437.c:269: printf( " Vrms Test              \n" );
0386 7458      1050            mov     a,#__str_6
0388 C0E0      1051            push    acc
038A 7499      1052            mov     a,#(__str_6 >> 8)
038C C0E0      1053            push    acc
038E 7480      1054            mov     a,#0x80
0390 C0E0      1055            push    acc
0392 120100    1056            lcall   _printf
0395 1581      1057            dec     sp
0397 1581      1058            dec     sp
0399 1581      1059            dec     sp
039B           1060   ;        C:\Users\jeffreyliou\Desktop\elec291\lab5\lab5 with cp437.c:270: printf( "\n" );
039B 7418      1061            mov     a,#__str_5
039D C0E0      1062            push    acc
039F 7499      1063            mov     a,#(__str_5 >> 8)
03A1 C0E0      1064            push    acc
03A3 7480      1065            mov     a,#0x80
03A5 C0E0      1066            push    acc
03A7 120100    1067            lcall   _printf
03AA 1581      1068            dec     sp
03AC 1581      1069            dec     sp
03AE 1581      1070            dec     sp
03B0           1071   ;        C:\Users\jeffreyliou\Desktop\elec291\lab5\lab5 with cp437.c:271: printf( " Phase                  \n" );
03B0 7498      1072            mov     a,#__str_7
03B2 C0E0      1073            push    acc
03B4 7499      1074            mov     a,#(__str_7 >> 8)
03B6 C0E0      1075            push    acc
03B8 7480      1076            mov     a,#0x80
03BA C0E0      1077            push    acc
03BC 120100    1078            lcall   _printf
03BF 1581      1079            dec     sp
03C1 1581      1080            dec     sp
03C3 1581      1081            dec     sp
03C5           1082   ;        C:\Users\jeffreyliou\Desktop\elec291\lab5\lab5 with cp437.c:272: printf( "\n" );
03C5 7418      1083            mov     a,#__str_5
03C7 C0E0      1084            push    acc
03C9 7499      1085            mov     a,#(__str_5 >> 8)
03CB C0E0      1086            push    acc
03CD 7480      1087            mov     a,#0x80
03CF C0E0      1088            push    acc
03D1 120100    1089            lcall   _printf
03D4 1581      1090            dec     sp
03D6 1581      1091            dec     sp
03D8 1581      1092            dec     sp
03DA           1093   ;        C:\Users\jeffreyliou\Desktop\elec291\lab5\lab5 with cp437.c:273: printf( " Frequency              \n" );
03DA 74D8      1094            mov     a,#__str_8
03DC C0E0      1095            push    acc
03DE 7499      1096            mov     a,#(__str_8 >> 8)
03E0 C0E0      1097            push    acc
03E2 7480      1098            mov     a,#0x80
03E4 C0E0      1099            push    acc
03E6 120100    1100            lcall   _printf
03E9 1581      1101            dec     sp
03EB 1581      1102            dec     sp
03ED 1581      1103            dec     sp
03EF           1104   ;        C:\Users\jeffreyliou\Desktop\elec291\lab5\lab5 with cp437.c:274: printf( "\n" );
03EF 7418      1105            mov     a,#__str_9
03F1 C0E0      1106            push    acc
03F3 749A      1107            mov     a,#(__str_9 >> 8)
03F5 C0E0      1108            push    acc
03F7 7480      1109            mov     a,#0x80
03F9 C0E0      1110            push    acc
03FB 120100    1111            lcall   _printf
03FE 1581      1112            dec     sp
0400 1581      1113            dec     sp
0402 1581      1114            dec     sp
0404           1115   ;        C:\Users\jeffreyliou\Desktop\elec291\lab5\lab5 with cp437.c:276: printf( GOTO_YX , 2, 18);
0404 7412      1116            mov     a,#0x12
0406 C0E0      1117            push    acc
0408 E4        1118            clr     a
0409 C0E0      1119            push    acc
040B 7402      1120            mov     a,#0x02
040D C0E0      1121            push    acc
040F E4        1122            clr     a
0410 C0E0      1123            push    acc
0412 7458      1124            mov     a,#__str_10
0414 C0E0      1125            push    acc
0416 749A      1126            mov     a,#(__str_10 >> 8)
0418 C0E0      1127            push    acc
041A 7480      1128            mov     a,#0x80
041C C0E0      1129            push    acc
041E 120100    1130            lcall   _printf
0421 E581      1131            mov     a,sp
0423 24F9      1132            add     a,#0xf9
0425 F581      1133            mov     sp,a
0427           1134   ;        C:\Users\jeffreyliou\Desktop\elec291\lab5\lab5 with cp437.c:277: printf( FORE_BACK , COLOR_RED, COLOR_WHITE );
0427 7407      1135            mov     a,#0x07
0429 C0E0      1136            push    acc
042B E4        1137            clr     a
042C C0E0      1138            push    acc
042E 7401      1139            mov     a,#0x01
0430 C0E0      1140            push    acc
0432 E4        1141            clr     a
0433 C0E0      1142            push    acc
0435 7458      1143            mov     a,#__str_2
0437 C0E0      1144            push    acc
0439 7498      1145            mov     a,#(__str_2 >> 8)
043B C0E0      1146            push    acc
043D 7480      1147            mov     a,#0x80
043F C0E0      1148            push    acc
0441 120100    1149            lcall   _printf
0444 E581      1150            mov     a,sp
0446 24F9      1151            add     a,#0xf9
0448 F581      1152            mov     sp,a
044A           1153   ;        C:\Users\jeffreyliou\Desktop\elec291\lab5\lab5 with cp437.c:278: printf("%.3f", v0);
044A C008      1154            push    _main_v0_1_58
044C C009      1155            push    (_main_v0_1_58 + 1)
044E C00A      1156            push    (_main_v0_1_58 + 2)
0450 C00B      1157            push    (_main_v0_1_58 + 3)
0452 7498      1158            mov     a,#__str_11
0454 C0E0      1159            push    acc
0456 749A      1160            mov     a,#(__str_11 >> 8)
0458 C0E0      1161            push    acc
045A 7480      1162            mov     a,#0x80
045C C0E0      1163            push    acc
045E 120100    1164            lcall   _printf
0461 E581      1165            mov     a,sp
0463 24F9      1166            add     a,#0xf9
0465 F581      1167            mov     sp,a
0467           1168   ;        C:\Users\jeffreyliou\Desktop\elec291\lab5\lab5 with cp437.c:279: printf( GOTO_YX , 4, 18);
0467 7412      1169            mov     a,#0x12
0469 C0E0      1170            push    acc
046B E4        1171            clr     a
046C C0E0      1172            push    acc
046E 7404      1173            mov     a,#0x04
0470 C0E0      1174            push    acc
0472 E4        1175            clr     a
0473 C0E0      1176            push    acc
0475 7458      1177            mov     a,#__str_10
0477 C0E0      1178            push    acc
0479 749A      1179            mov     a,#(__str_10 >> 8)
047B C0E0      1180            push    acc
047D 7480      1181            mov     a,#0x80
047F C0E0      1182            push    acc
0481 120100    1183            lcall   _printf
0484 E581      1184            mov     a,sp
0486 24F9      1185            add     a,#0xf9
0488 F581      1186            mov     sp,a
048A           1187   ;        C:\Users\jeffreyliou\Desktop\elec291\lab5\lab5 with cp437.c:280: printf( FORE_BACK , COLOR_GREEN, COLOR_WHITE );
048A 7407      1188            mov     a,#0x07
048C C0E0      1189            push    acc
048E E4        1190            clr     a
048F C0E0      1191            push    acc
0491 7402      1192            mov     a,#0x02
0493 C0E0      1193            push    acc
0495 E4        1194            clr     a
0496 C0E0      1195            push    acc
0498 7458      1196            mov     a,#__str_2
049A C0E0      1197            push    acc
049C 7498      1198            mov     a,#(__str_2 >> 8)
049E C0E0      1199            push    acc
04A0 7480      1200            mov     a,#0x80
04A2 C0E0      1201            push    acc
04A4 120100    1202            lcall   _printf
04A7 E581      1203            mov     a,sp
04A9 24F9      1204            add     a,#0xf9
04AB F581      1205            mov     sp,a
04AD           1206   ;        C:\Users\jeffreyliou\Desktop\elec291\lab5\lab5 with cp437.c:281: printf("%.3f", v1);
04AD 7498      1207            mov     a,#__str_11
04AF C0E0      1208            push    acc
04B1 749A      1209            mov     a,#(__str_11 >> 8)
04B3 C0E0      1210            push    acc
04B5 7480      1211            mov     a,#0x80
04B7 C0E0      1212            push    acc
04B9 120100    1213            lcall   _printf
04BC E581      1214            mov     a,sp
04BE 24F9      1215            add     a,#0xf9
04C0 F581      1216            mov     sp,a
04C2           1217   ;        C:\Users\jeffreyliou\Desktop\elec291\lab5\lab5 with cp437.c:282: printf( GOTO_YX , 6, 18);
04C2 7412      1218            mov     a,#0x12
04C4 C0E0      1219            push    acc
04C6 E4        1220            clr     a
04C7 C0E0      1221            push    acc
04C9 7406      1222            mov     a,#0x06
04CB C0E0      1223            push    acc
04CD E4        1224            clr     a
04CE C0E0      1225            push    acc
04D0 7458      1226            mov     a,#__str_10
04D2 C0E0      1227            push    acc
04D4 749A      1228            mov     a,#(__str_10 >> 8)
04D6 C0E0      1229            push    acc
04D8 7480      1230            mov     a,#0x80
04DA C0E0      1231            push    acc
04DC 120100    1232            lcall   _printf
04DF E581      1233            mov     a,sp
04E1 24F9      1234            add     a,#0xf9
04E3 F581      1235            mov     sp,a
04E5           1236   ;        C:\Users\jeffreyliou\Desktop\elec291\lab5\lab5 with cp437.c:283: printf( FORE_BACK , COLOR_BLUE, COLOR_WHITE );
04E5 7407      1237            mov     a,#0x07
04E7 C0E0      1238            push    acc
04E9 E4        1239            clr     a
04EA C0E0      1240            push    acc
04EC 7404      1241            mov     a,#0x04
04EE C0E0      1242            push    acc
04F0 E4        1243            clr     a
04F1 C0E0      1244            push    acc
04F3 7458      1245            mov     a,#__str_2
04F5 C0E0      1246            push    acc
04F7 7498      1247            mov     a,#(__str_2 >> 8)
04F9 C0E0      1248            push    acc
04FB 7480      1249            mov     a,#0x80
04FD C0E0      1250            push    acc
04FF 120100    1251            lcall   _printf
0502 E581      1252            mov     a,sp
0504 24F9      1253            add     a,#0xf9
0506 F581      1254            mov     sp,a
0508           1255   ;        C:\Users\jeffreyliou\Desktop\elec291\lab5\lab5 with cp437.c:284: printf("%.3f", phase_difference);
0508 7498      1256            mov     a,#__str_11
050A C0E0      1257            push    acc
050C 749A      1258            mov     a,#(__str_11 >> 8)
050E C0E0      1259            push    acc
0510 7480      1260            mov     a,#0x80
0512 C0E0      1261            push    acc
0514 120100    1262            lcall   _printf
0517 E581      1263            mov     a,sp
0519 24F9      1264            add     a,#0xf9
051B F581      1265            mov     sp,a
051D           1266   ;        C:\Users\jeffreyliou\Desktop\elec291\lab5\lab5 with cp437.c:285: printf( GOTO_YX , 8, 18);
051D 7412      1267            mov     a,#0x12
051F C0E0      1268            push    acc
0521 E4        1269            clr     a
0522 C0E0      1270            push    acc
0524 7408      1271            mov     a,#0x08
0526 C0E0      1272            push    acc
0528 E4        1273            clr     a
0529 C0E0      1274            push    acc
052B 7458      1275            mov     a,#__str_10
052D C0E0      1276            push    acc
052F 749A      1277            mov     a,#(__str_10 >> 8)
0531 C0E0      1278            push    acc
0533 7480      1279            mov     a,#0x80
0535 C0E0      1280            push    acc
0537 120100    1281            lcall   _printf
053A E581      1282            mov     a,sp
053C 24F9      1283            add     a,#0xf9
053E F581      1284            mov     sp,a
0540           1285   ;        C:\Users\jeffreyliou\Desktop\elec291\lab5\lab5 with cp437.c:286: printf( FORE_BACK , COLOR_MAGENTA, COLOR_WHITE );
0540 7407      1286            mov     a,#0x07
0542 C0E0      1287            push    acc
0544 E4        1288            clr     a
0545 C0E0      1289            push    acc
0547 7405      1290            mov     a,#0x05
0549 C0E0      1291            push    acc
054B E4        1292            clr     a
054C C0E0      1293            push    acc
054E 7458      1294            mov     a,#__str_2
0550 C0E0      1295            push    acc
0552 7498      1296            mov     a,#(__str_2 >> 8)
0554 C0E0      1297            push    acc
0556 7480      1298            mov     a,#0x80
0558 C0E0      1299            push    acc
055A 120100    1300            lcall   _printf
055D E581      1301            mov     a,sp
055F 24F9      1302            add     a,#0xf9
0561 F581      1303            mov     sp,a
0563           1304   ;        C:\Users\jeffreyliou\Desktop\elec291\lab5\lab5 with cp437.c:287: printf("%.3f", frequency_1);
0563 C058      1305            push    _main_frequency_1_1_58
0565 C059      1306            push    (_main_frequency_1_1_58 + 1)
0567 C05A      1307            push    (_main_frequency_1_1_58 + 2)
0569 C05B      1308            push    (_main_frequency_1_1_58 + 3)
056B 7498      1309            mov     a,#__str_11
056D C0E0      1310            push    acc
056F 749A      1311            mov     a,#(__str_11 >> 8)
0571 C0E0      1312            push    acc
0573 7480      1313            mov     a,#0x80
0575 C0E0      1314            push    acc
0577 120100    1315            lcall   _printf
057A E581      1316            mov     a,sp
057C 24F9      1317            add     a,#0xf9
057E F581      1318            mov     sp,a
0580           1319   ;        C:\Users\jeffreyliou\Desktop\elec291\lab5\lab5 with cp437.c:289: printf("\x1B[K"); // ANSI escape sequence: Clear to end of line
0580 74D8      1320            mov     a,#__str_12
0582 C0E0      1321            push    acc
0584 749A      1322            mov     a,#(__str_12 >> 8)
0586 C0E0      1323            push    acc
0588 7480      1324            mov     a,#0x80
058A C0E0      1325            push    acc
058C 120100    1326            lcall   _printf
058F 1581      1327            dec     sp
0591 1581      1328            dec     sp
0593 1581      1329            dec     sp
0595           1330   ;        C:\Users\jeffreyliou\Desktop\elec291\lab5\lab5 with cp437.c:290: waitms(100);  // Wait 100ms before next round of measurements.
0595 900064    1331            mov     dptr,#0x0064
0598 120100    1332            lcall   _waitms
059B 020100    1333            ljmp    L009029?
059E           1334            rseg R_CSEG
059E           1335   
0000           1336            rseg R_XINIT
0000           1337   
0000           1338            rseg R_CONST
0000           1339   __str_0:
0000 1B        1340            db 0x1B
0001 5B324A    1341            db '[2J'
0004 00        1342            db 0x00
0005           1343   __str_1:
0005 1B        1344            db 0x1B
0006 5B363B31  1345            db '[6;1H'
     48
000B 00        1346            db 0x00
000C           1347   __str_2:
000C 1B        1348            db 0x1B
000D 5B303B33  1349            db '[0;3%d;4%dm'
     25643B34
     25646D
0018 00        1350            db 0x00
0019           1351   __str_3:
0019 C9        1352            db 0xC9
001A CD        1353            db 0xCD
001B CD        1354            db 0xCD
001C CD        1355            db 0xCD
001D CD        1356            db 0xCD
001E CD        1357            db 0xCD
001F CD        1358            db 0xCD
0020 CD        1359            db 0xCD
0021 CD        1360            db 0xCD
0022 CD        1361            db 0xCD
0023 CD        1362            db 0xCD
0024 CD        1363            db 0xCD
0025 CD        1364            db 0xCD
0026 CB        1365            db 0xCB
0027 CD        1366            db 0xCD
0028 CD        1367            db 0xCD
0029 CD        1368            db 0xCD
002A CD        1369            db 0xCD
002B CD        1370            db 0xCD
002C CD        1371            db 0xCD
002D CD        1372            db 0xCD
002E CD        1373            db 0xCD
002F CD        1374            db 0xCD
0030 CD        1375            db 0xCD
0031 CD        1376            db 0xCD
0032 CD        1377            db 0xCD
0033 BB        1378            db 0xBB
0034 0A        1379            db 0x0A
0035 00        1380            db 0x00
0036           1381   __str_4:
0036 BA        1382            db 0xBA
0037 2056726D  1383            db ' Vrms Ref   '
     73205265
     66202020
0043 BA        1384            db 0xBA
0044 20202020  1385            db '            '
     20202020
     20202020
0050 BA        1386            db 0xBA
0051 0A        1387            db 0x0A
0052 00        1388            db 0x00
0053           1389   __str_5:
0053 CC        1390            db 0xCC
0054 CD        1391            db 0xCD
0055 CD        1392            db 0xCD
0056 CD        1393            db 0xCD
0057 CD        1394            db 0xCD
0058 CD        1395            db 0xCD
0059 CD        1396            db 0xCD
005A CD        1397            db 0xCD
005B CD        1398            db 0xCD
005C CD        1399            db 0xCD
005D CD        1400            db 0xCD
005E CD        1401            db 0xCD
005F CD        1402            db 0xCD
0060 CE        1403            db 0xCE
0061 CD        1404            db 0xCD
0062 CD        1405            db 0xCD
0063 CD        1406            db 0xCD
0064 CD        1407            db 0xCD
0065 CD        1408            db 0xCD
0066 CD        1409            db 0xCD
0067 CD        1410            db 0xCD
0068 CD        1411            db 0xCD
0069 CD        1412            db 0xCD
006A CD        1413            db 0xCD
006B CD        1414            db 0xCD
006C CD        1415            db 0xCD
006D B9        1416            db 0xB9
006E 0A        1417            db 0x0A
006F 00        1418            db 0x00
0070           1419   __str_6:
0070 BA        1420            db 0xBA
0071 2056726D  1421            db ' Vrms Test  '
     73205465
     73742020
007D BA        1422            db 0xBA
007E 20202020  1423            db '            '
     20202020
     20202020
008A BA        1424            db 0xBA
008B 0A        1425            db 0x0A
008C 00        1426            db 0x00
008D           1427   __str_7:
008D BA        1428            db 0xBA
008E 20506861  1429            db ' Phase      '
     73652020
     20202020
009A BA        1430            db 0xBA
009B 20202020  1431            db '            '
     20202020
     20202020
00A7 BA        1432            db 0xBA
00A8 0A        1433            db 0x0A
00A9 00        1434            db 0x00
00AA           1435   __str_8:
00AA BA        1436            db 0xBA
00AB 20467265  1437            db ' Frequency  '
     7175656E
     63792020
00B7 BA        1438            db 0xBA
00B8 20202020  1439            db '            '
     20202020
     20202020
00C4 BA        1440            db 0xBA
00C5 0A        1441            db 0x0A
00C6 00        1442            db 0x00
00C7           1443   __str_9:
00C7 C8        1444            db 0xC8
00C8 CD        1445            db 0xCD
00C9 CD        1446            db 0xCD
00CA CD        1447            db 0xCD
00CB CD        1448            db 0xCD
00CC CD        1449            db 0xCD
00CD CD        1450            db 0xCD
00CE CD        1451            db 0xCD
00CF CD        1452            db 0xCD
00D0 CD        1453            db 0xCD
00D1 CD        1454            db 0xCD
00D2 CD        1455            db 0xCD
00D3 CD        1456            db 0xCD
00D4 CA        1457            db 0xCA
00D5 CD        1458            db 0xCD
00D6 CD        1459            db 0xCD
00D7 CD        1460            db 0xCD
00D8 CD        1461            db 0xCD
00D9 CD        1462            db 0xCD
00DA CD        1463            db 0xCD
00DB CD        1464            db 0xCD
00DC CD        1465            db 0xCD
00DD CD        1466            db 0xCD
00DE CD        1467            db 0xCD
00DF CD        1468            db 0xCD
00E0 CD        1469            db 0xCD
00E1 BC        1470            db 0xBC
00E2 0A        1471            db 0x0A
00E3 00        1472            db 0x00
00E4           1473   __str_10:
00E4 1B        1474            db 0x1B
00E5 5B25643B  1475            db '[%d;%dH'
     256448
00EC 00        1476            db 0x00
00ED           1477   __str_11:
00ED 252E3366  1478            db '%.3f'
00F1 00        1479            db 0x00
00F2           1480   __str_12:
00F2 1B        1481            db 0x1B
00F3 5B4B      1482            db '[K'
00F5 00        1483            db 0x00
00F6           1484   
0003           1485            CSEG
0003           1486   
0003           1487   end
